#
# A fatal error has been detected by the Java Runtime Environment:
#
#  SIGSEGV (0xb) at pc=0x00000000000021a6, pid=179022, tid=179053
#
# JRE version: OpenJDK Runtime Environment (21.0.2+13) (build 21.0.2+13)
# Java VM: OpenJDK 64-Bit Server VM (21.0.2+13, mixed mode, sharing, tiered, compressed oops, compressed class ptrs, g1 gc, linux-amd64)
# Problematic frame:
# 
[error occurred during error reporting (printing problematic frame), id 0xb, SIGSEGV (0xb) at pc=0x00007029b503d41e]
# Core dump will be written. Default location: Core dumps may be processed with "/usr/lib/systemd/systemd-coredump %P %u %g %s %t %c %h" (or dumping to /home/zak/Desktop/myDesk/javaProjects/el_meyloud_RE/api/core.179022)
#
# If you would like to submit a bug report, please visit:
#   https://bugreport.java.com/bugreport/crash.jsp
# The crash happened outside the Java Virtual Machine in native code.
# See problematic frame for where to report the bug.
#

---------------  S U M M A R Y ------------

Command Line: -Xmx64m -Xms64m -Dorg.gradle.appname=gradlew org.gradle.wrapper.GradleWrapperMain bootrun

Host: Intel(R) Core(TM) i5-6300U CPU @ 2.40GHz, 4 cores, 7G, Arch Linux
Time: Sat May 11 17:32:46 2024 CET elapsed time: 45380.600085 seconds (0d 12h 36m 20s)

---------------  T H R E A D  ---------------

Current thread (0x00007029ac859cd0):  JavaThread "pool-1-thread-1"        [_thread_in_native, id=179053, stack(0x000070298f984000,0x000070298fa84000) (1024K)]

Stack: [0x000070298f984000,0x000070298fa84000],  sp=0x000070298fa825a0,  free space=1017k
Native frames: (J=compiled Java code, j=interpreted, Vv=VM code, C=native code)

[error occurred during error reporting (printing native stack (with source info)), id 0xb, SIGSEGV (0xb) at pc=0x00007029b503d41e]

Retrying call stack printing without source information...
Native frames: (J=compiled Java code, j=interpreted, Vv=VM code, C=native code)

[error occurred during error reporting (retry printing native stack (no source info)), id 0xb, SIGSEGV (0xb) at pc=0x00007029b503d41e]
Java frames: (J=compiled Java code, j=interpreted, Vv=VM code)
J 1412  net.rubygrapefruit.platform.internal.jni.PosixTerminalFunctions.getTerminalSize(ILnet/rubygrapefruit/platform/internal/MutableTerminalSize;Lnet/rubygrapefruit/platform/internal/FunctionResult;)V (0 bytes) @ 0x000070299c33ab21 [0x000070299c33aaa0+0x0000000000000081]
J 1707 c2 org.gradle.internal.logging.console.DefaultWorkInProgressFormatter.format(Lorg/gradle/internal/logging/console/ProgressOperation;)Ljava/util/List; (102 bytes) @ 0x000070299c34e674 [0x000070299c34dc80+0x00000000000009f4]
J 1772 c2 org.gradle.internal.logging.console.WorkInProgressRenderer.renderNow()V (351 bytes) @ 0x000070299c368394 [0x000070299c367960+0x0000000000000a34]
J 2044 c2 org.gradle.internal.logging.console.WorkInProgressRenderer.onOutput(Lorg/gradle/internal/logging/events/OutputEvent;)V (53 bytes) @ 0x000070299c40973c [0x000070299c409620+0x000000000000011c]
J 2049 c2 org.gradle.internal.logging.console.BuildStatusRenderer.onOutput(Lorg/gradle/internal/logging/events/OutputEvent;)V (350 bytes) @ 0x000070299c411d60 [0x000070299c411c60+0x0000000000000100]
J 1758 c2 org.gradle.internal.logging.console.ThrottlingOutputEventListener.onOutput(Lorg/gradle/internal/logging/events/OutputEvent;)V (92 bytes) @ 0x000070299c3582a4 [0x000070299c357f80+0x0000000000000324]
J 1977% c2 java.util.concurrent.ThreadPoolExecutor.runWorker(Ljava/util/concurrent/ThreadPoolExecutor$Worker;)V java.base@21.0.2 (187 bytes) @ 0x000070299c3d4b7c [0x000070299c3d45a0+0x00000000000005dc]
j  java.util.concurrent.ThreadPoolExecutor$Worker.run()V+5 java.base@21.0.2
j  java.lang.Thread.runWith(Ljava/lang/Object;Ljava/lang/Runnable;)V+5 java.base@21.0.2
j  java.lang.Thread.run()V+19 java.base@21.0.2
v  ~StubRoutines::call_stub 0x000070299bd37cc6

siginfo: si_signo: 11 (SIGSEGV), si_code: 1 (SEGV_MAPERR), si_addr: 0x00000000000021a6

Registers:
RAX=0x0000000000000000, RBX=0x00000000fda262b0, RCX=0x0000000000000001, RDX=0x000070298fa825e0
RSP=0x000070298fa82598, RBP=0x000070298fa82610, RSI=0x0000000000005413, RDI=0x0000000000000001
R8 =0x000070298fa82630, R9 =0x00000000fc823958, R10=0x000070299c33ab21, R11=0x00000000fc823840
R12=0x0000000000000000, R13=0x000000000000000a, R14=0x000070298fa82650, R15=0x00007029ac859cd0
RIP=0x00000000000021a6, EFLAGS=0x0000000000010246, CSGSFS=0x002b000000000033, ERR=0x0000000000000014
  TRAPNO=0x000000000000000e


Register to memory mapping:

RAX=0x0 is null
RBX=0x00000000fda262b0 is an oop: net.rubygrapefruit.platform.internal.MutableTerminalSize 
{0x00000000fda262b0} - klass: 'net/rubygrapefruit/platform/internal/MutableTerminalSize'
 - ---- fields (total size 3 words):
 - 'rows' 'I' @12  0 (0x00000000)
 - 'cols' 'I' @16  0 (0x00000000)
RCX=0x0000000000000001 is an unknown value
RDX=0x000070298fa825e0 is pointing into the stack for thread: 0x00007029ac859cd0
RSP=0x000070298fa82598 is pointing into the stack for thread: 0x00007029ac859cd0
RBP=0x000070298fa82610 is pointing into the stack for thread: 0x00007029ac859cd0
RSI=0x0000000000005413 is an unknown value
RDI=0x0000000000000001 is an unknown value
R8 =0x000070298fa82630 is pointing into the stack for thread: 0x00007029ac859cd0
R9 =0x00000000fc823958 is an oop: java.lang.Object 
{0x00000000fc823958} - klass: 'java/lang/Object'
 - ---- fields (total size 2 words):
R10=0x000070299c33ab21 is at entry_point+129 in (nmethod*)0x000070299c33a910
Compiled method (n/a) 45380602 1412     n 0       net.rubygrapefruit.platform.internal.jni.PosixTerminalFunctions::getTerminalSize (native)
 total in heap  [0x000070299c33a910,0x000070299c33aca0] = 912
 relocation     [0x000070299c33aa68,0x000070299c33aaa0] = 56
 main code      [0x000070299c33aaa0,0x000070299c33ac91] = 497
 stub code      [0x000070299c33ac91,0x000070299c33ac98] = 7
 oops           [0x000070299c33ac98,0x000070299c33aca0] = 8
R11=0x00000000fc823840 is an oop: net.rubygrapefruit.platform.terminal.Terminals$Output 
{0x00000000fc823840} - klass: 'net/rubygrapefruit/platform/terminal/Terminals$Output'
 - ---- fields (total size 3 words):
 - private final 'ordinal' 'I' @12  0 (0x00000000)
 - private 'hash' 'I' @16  0 (0x00000000)
 - private final 'name' 'Ljava/lang/String;' @20  "Stdout"{0x00000000fc823858} (0xfc823858)
R12=0x0 is null
R13=0x000000000000000a is an unknown value
R14=0x000070298fa82650 is pointing into the stack for thread: 0x00007029ac859cd0
R15=0x00007029ac859cd0 is a thread

Top of Stack: (sp=0x000070298fa82598)
0x000070298fa82598:   000070298f6039db 00000000fc98b758
0x000070298fa825a8:   000070298fa82630 000070298fa82628
0x000070298fa825b8:   000000008fa826e0 000070298fa82650
0x000070298fa825c8:   00007029ac85a088 0000000000000000
0x000070298fa825d8:   00007029b4f7493b 019501a20034001b
0x000070298fa825e8:   0000000000000034 000000000006ebd7
0x000070298fa825f8:   0000000000000000 00000000000dd7ae
0x000070298fa82608:   1842abb399567a00 000070298fa82660
0x000070298fa82618:   000070299c33ab98 00007029b4f744c0
0x000070298fa82628:   00000000fda262b0 00000000fda262c8
0x000070298fa82638:   0000000000000000 00000000000dd7ae
0x000070298fa82648:   00007029ac85a318 00000000fc98b758
0x000070298fa82658:   0000702900000000 00000000fc823958
0x000070298fa82668:   000070299c34e674 0000000b00000010
0x000070298fa82678:   fda262780000000a 00000000fda26278
0x000070298fa82688:   00000000fda26288 000000000000000a
0x000070298fa82698:   00000000fda26298 00000000fc823888
0x000070298fa826a8:   00007029fc823958 00000000fc823958
0x000070298fa826b8:   00000000fda262b0 00000000fda262c8
0x000070298fa826c8:   00007029ac85a2f0 0000702900000002
0x000070298fa826d8:   0000000000000005 0000000000000009
0x000070298fa826e8:   0000000025c63f64 00000000fd81e988
0x000070298fa826f8:   000070299c368394 0000000000000000
0x000070298fa82708:   00000000fd81e600 0000001000000029
0x000070298fa82718:   fd81e60000000000 00000000fcabbd80
0x000070298fa82728:   00000000fc798630 00000000fcabba50
0x000070298fa82738:   00002000000000f4 00000000fcabbef8
0x000070298fa82748:   0000702900002000 00000000fcabbca0
0x000070298fa82758:   0000000005f3ef6f 0000000000000000
0x000070298fa82768:   00000000fc777c30 00000000fc79868c
0x000070298fa82778:   00007029ac859cd0 00000000fda261f0
0x000070298fa82788:   000070299c40973c 00000000fcabba50 

Instructions: (pc=0x000070298f6039db)
0x000070298f6038db:   ff ff 90 c9 c3 55 48 89 e5 48 81 ec c0 00 00 00
0x000070298f6038eb:   48 89 bd 58 ff ff ff 48 89 b5 50 ff ff ff 89 95
0x000070298f6038fb:   4c ff ff ff 64 48 8b 04 25 28 00 00 00 48 89 45
0x000070298f60390b:   f8 31 c0 8b 85 4c ff ff ff 83 f8 01 74 43 83 f8
0x000070298f60391b:   02 74 06 85 c0 74 1e eb 54 bf 00 00 00 00 e8 02
0x000070298f60392b:   e7 ff ff 85 c0 74 07 b8 01 00 00 00 eb 44 b8 00
0x000070298f60393b:   00 00 00 eb 3d bf 01 00 00 00 e8 e6 e6 ff ff 85
0x000070298f60394b:   c0 74 07 b8 01 00 00 00 eb 28 b8 00 00 00 00 eb
0x000070298f60395b:   21 bf 02 00 00 00 e8 ca e6 ff ff 85 c0 74 07 b8
0x000070298f60396b:   01 00 00 00 eb 0c b8 00 00 00 00 eb 05 b8 00 00
0x000070298f60397b:   00 00 48 8b 4d f8 64 48 33 0c 25 28 00 00 00 74
0x000070298f60398b:   05 e8 6f e7 ff ff c9 c3 55 48 89 e5 48 83 ec 70
0x000070298f60399b:   48 89 7d b8 48 89 75 b0 89 55 ac 48 89 4d a0 4c
0x000070298f6039ab:   89 45 98 64 48 8b 04 25 28 00 00 00 48 89 45 f8
0x000070298f6039bb:   31 c0 8b 45 ac 8d 48 01 48 8d 45 d0 48 89 c2 be
0x000070298f6039cb:   13 54 00 00 89 cf b8 00 00 00 00 e8 c5 e7 ff ff
0x000070298f6039db:   89 45 cc 83 7d cc 00 74 1c 48 8b 55 98 48 8b 45
0x000070298f6039eb:   b8 48 8d 35 97 0c 00 00 48 89 c7 e8 15 e8 ff ff
0x000070298f6039fb:   e9 91 00 00 00 48 8b 55 a0 48 8b 45 b8 48 89 d6
0x000070298f603a0b:   48 89 c7 e8 cd e7 ff ff 48 89 45 e0 48 8b 75 e0
0x000070298f603a1b:   48 8b 45 b8 48 8d 0d db 0a 00 00 48 8d 15 7b 0c
0x000070298f603a2b:   00 00 48 89 c7 e8 5b e7 ff ff 48 89 45 e8 0f b7
0x000070298f603a3b:   45 d2 0f b7 c8 48 8b 55 e8 48 8b 75 a0 48 8b 45
0x000070298f603a4b:   b8 48 89 c7 e8 ec e5 ff ff 48 8b 75 e0 48 8b 45
0x000070298f603a5b:   b8 48 8d 0d 9e 0a 00 00 48 8d 15 43 0c 00 00 48
0x000070298f603a6b:   89 c7 e8 1e e7 ff ff 48 89 45 f0 0f b7 45 d0 0f
0x000070298f603a7b:   b7 c8 48 8b 55 f0 48 8b 75 a0 48 8b 45 b8 48 89
0x000070298f603a8b:   c7 e8 af e5 ff ff 48 8b 45 f8 64 48 33 04 25 28
0x000070298f603a9b:   00 00 00 74 05 e8 5b e6 ff ff c9 c3 55 48 89 e5
0x000070298f603aab:   48 83 ec 70 48 89 7d a8 48 89 75 a0 48 89 55 98
0x000070298f603abb:   64 48 8b 04 25 28 00 00 00 48 89 45 f8 31 c0 48
0x000070298f603acb:   8b 05 0f 25 20 00 8b 00 85 c0 75 21 48 8b 05 ea 


Stack slot to memory mapping:

stack at sp + 0 slots: 0x00000000fc98b758 is an oop: java.lang.Class 
{0x00000000fc98b758} - klass: 'java/lang/Class'
 - ---- fields (total size 14 words):
 - private volatile transient 'classRedefinedCount' 'I' @12  0 (0x00000000)
 - injected 'klass' 'J' @16  123322336172672 (0x00007029380a5a80)
 - injected 'array_klass' 'J' @24  0 (0x0000000000000000)
 - injected 'oop_size' 'I' @32  14 (0x0000000e)
 - injected 'static_oop_field_count' 'I' @36  0 (0x00000000)
 - private volatile transient 'cachedConstructor' 'Ljava/lang/reflect/Constructor;' @40  null (0x00000000)
 - private transient 'name' 'Ljava/lang/String;' @44  "net.rubygrapefruit.platform.internal.jni.PosixTerminalFunctions"{0x00000000fc98bc30} (0xfc98bc30)
 - private transient 'module' 'Ljava/lang/Module;' @48  a 'java/lang/Module'{0x00000000fc0d00b8} (0xfc0d00b8)
 - private final 'classLoader' 'Ljava/lang/ClassLoader;' @52  a 'org/gradle/internal/classloader/VisitableURLClassLoader'{0x00000000fc0d0028} (0xfc0d0028)
 - private transient 'classData' 'Ljava/lang/Object;' @56  null (0x00000000)
 - private transient 'packageName' 'Ljava/lang/String;' @60  "net.rubygrapefruit.platform.internal.jni"{0x00000000fc957e88} (0xfc957e88)
 - private final 'componentType' 'Ljava/lang/Class;' @64  null (0x00000000)
 - private volatile transient 'reflectionData' 'Ljava/lang/ref/SoftReference;' @68  null (0x00000000)
 - private volatile transient 'genericInfo' 'Lsun/reflect/generics/repository/ClassRepository;' @72  null (0x00000000)
 - private volatile transient 'enumConstants' '[Ljava/lang/Object;' @76  null (0x00000000)
 - private volatile transient 'enumConstantDirectory' 'Ljava/util/Map;' @80  null (0x00000000)
 - private volatile transient 'annotationData' 'Ljava/lang/Class$AnnotationData;' @84  null (0x00000000)
 - private volatile transient 'annotationType' 'Lsun/reflect/annotation/AnnotationType;' @88  null (0x00000000)
 - transient 'classValueMap' 'Ljava/lang/ClassValue$ClassValueMap;' @92  null (0x00000000)
 - injected 'protection_domain' 'Ljava/lang/Object;' @96  a 'java/security/ProtectionDomain'{0x00000000fc81a358} (0xfc81a358)
 - injected 'signers_name' 'Ljava/lang/Object;' @100  null (0x00000000)
 - injected 'source_file' 'Ljava/lang/Object;' @104  null (0x00000000)
 - signature: Lnet/rubygrapefruit/platform/internal/jni/PosixTerminalFunctions;
 - ---- static fields (0):
stack at sp + 1 slots: 0x000070298fa82630 is pointing into the stack for thread: 0x00007029ac859cd0
stack at sp + 2 slots: 0x000070298fa82628 is pointing into the stack for thread: 0x00007029ac859cd0
stack at sp + 3 slots: 0x000000008fa826e0 is an unknown value
stack at sp + 4 slots: 0x000070298fa82650 is pointing into the stack for thread: 0x00007029ac859cd0
stack at sp + 5 slots: 0x00007029ac85a088 points into unknown readable memory: 0x00007029b4c5b440 | 40 b4 c5 b4 29 70 00 00
stack at sp + 6 slots: 0x0 is null
stack at sp + 7 slots: 0x00007029b4f7493b: pthread_cond_timedwait+0x000000000000011b in /usr/lib/libc.so.6 at 0x00007029b4eea000


[error occurred during error reporting (printing code blobs if possible), id 0xb, SIGSEGV (0xb) at pc=0x00007029b51285de]

---------------  P R O C E S S  ---------------

Threads class SMR info:
_java_thread_list=0x00007029ac9efc90, length=13, elements={
0x00007029ac0168c0, 0x00007029ac0bf0c0, 0x00007029ac0c0830, 0x00007029ac0c2310,
0x00007029ac0c3950, 0x00007029ac0c4ef0, 0x00007029ac0c6a30, 0x00007029ac0c80f0,
0x00007029ac0d6300, 0x00007029ac0da350, 0x00007029ac859cd0, 0x00007029ac9ec980,
0x00007029ac9ef0f0
}

Java Threads: ( => current thread )
  0x00007029ac0168c0 JavaThread "main"                              [_thread_in_native, id=179034, stack(0x00007029b3700000,0x00007029b3800000) (1024K)]
  0x00007029ac0bf0c0 JavaThread "Reference Handler"          daemon [_thread_blocked, id=179042, stack(0x00007029b0077000,0x00007029b0177000) (1024K)]
  0x00007029ac0c0830 JavaThread "Finalizer"                  daemon [_thread_blocked, id=179043, stack(0x0000702994700000,0x0000702994800000) (1024K)]
  0x00007029ac0c2310 JavaThread "Signal Dispatcher"          daemon [_thread_blocked, id=179044, stack(0x0000702994300000,0x0000702994400000) (1024K)]
  0x00007029ac0c3950 JavaThread "Service Thread"             daemon [_thread_blocked, id=179045, stack(0x00007029941ff000,0x00007029942ff000) (1024K)]
  0x00007029ac0c4ef0 JavaThread "Monitor Deflation Thread"   daemon [_thread_blocked, id=179046, stack(0x00007029940fe000,0x00007029941fe000) (1024K)]
  0x00007029ac0c6a30 JavaThread "C2 CompilerThread0"         daemon [_thread_blocked, id=179047, stack(0x000070298ff00000,0x0000702990000000) (1024K)]
  0x00007029ac0c80f0 JavaThread "C1 CompilerThread0"         daemon [_thread_blocked, id=179048, stack(0x000070298fdff000,0x000070298feff000) (1024K)]
  0x00007029ac0d6300 JavaThread "Notification Thread"        daemon [_thread_blocked, id=179049, stack(0x000070298fcfe000,0x000070298fdfe000) (1024K)]
  0x00007029ac0da350 JavaThread "Common-Cleaner"             daemon [_thread_blocked, id=179050, stack(0x000070298fbfd000,0x000070298fcfd000) (1024K)]
=>0x00007029ac859cd0 JavaThread "pool-1-thread-1"                   [_thread_in_native, id=179053, stack(0x000070298f984000,0x000070298fa84000) (1024K)]
  0x00007029ac9ec980 JavaThread "DisconnectableInputStream source reader" daemon [_thread_in_native, id=179068, stack(0x000070298f3ff000,0x000070298f4ff000) (1024K)]
  0x00007029ac9ef0f0 JavaThread "Forward input"                     [_thread_blocked, id=179070, stack(0x000070298f2fe000,0x000070298f3fe000) (1024K)]
Total: 13

Other Threads:
  0x00007029ac0b1f90 VMThread "VM Thread"                           [id=179041, stack(0x00007029b0178000,0x00007029b0278000) (1024K)]
  0x00007029ac097b50 WatcherThread "VM Periodic Task Thread"        [id=179040, stack(0x00007029b0279000,0x00007029b0379000) (1024K)]
  0x00007029ac035c90 WorkerThread "GC Thread#0"                     [id=179035, stack(0x00007029b2c26000,0x00007029b2d26000) (1024K)]
  0x0000702924006680 WorkerThread "GC Thread#1"                     [id=179052, stack(0x000070298fafc000,0x000070298fbfc000) (1024K)]
  0x0000702924008ab0 WorkerThread "GC Thread#2"                     [id=179059, stack(0x000070298f883000,0x000070298f983000) (1024K)]
  0x0000702924009500 WorkerThread "GC Thread#3"                     [id=179060, stack(0x000070298f500000,0x000070298f600000) (1024K)]
  0x00007029ac037670 ConcurrentGCThread "G1 Main Marker"            [id=179036, stack(0x00007029b2b25000,0x00007029b2c25000) (1024K)]
  0x00007029ac038610 WorkerThread "G1 Conc#0"                       [id=179037, stack(0x00007029b2a24000,0x00007029b2b24000) (1024K)]
  0x00007029ac07fe90 ConcurrentGCThread "G1 Refine#0"               [id=179038, stack(0x00007029b04fc000,0x00007029b05fc000) (1024K)]
  0x00007029ac080e40 ConcurrentGCThread "G1 Service"                [id=179039, stack(0x00007029b03fb000,0x00007029b04fb000) (1024K)]
Total: 10

Threads with active compile tasks:
Total: 0

VM state: not at safepoint (normal execution)

VM Mutex/Monitor currently owned by a thread: None

Heap address: 0x00000000fc000000, size: 64 MB, Compressed Oops mode: 32-bit

CDS archive(s) mapped at: [0x0000702937000000-0x0000702937ca6000-0x0000702937ca6000), size 13262848, SharedBaseAddress: 0x0000702937000000, ArchiveRelocationMode: 1.
Compressed class space mapped at: 0x0000702938000000-0x0000702978000000, reserved size: 1073741824
Narrow klass base: 0x0000702937000000, Narrow klass shift: 0, Narrow klass range: 0x100000000

GC Precious Log:
 CardTable entry size: 512
 Card Set container configuration: InlinePtr #cards 5 size 8 Array Of Cards #cards 12 size 40 Howl #buckets 4 coarsen threshold 1843 Howl Bitmap #cards 512 size 80 coarsen threshold 460 Card regions per heap region 1 cards per card region 2048
 CPUs: 4 total, 4 available
 Memory: 7351M
 Large Page Support: Disabled
 NUMA Support: Disabled
 Compressed Oops: Enabled (32-bit)
 Heap Region Size: 1M
 Heap Min Capacity: 64M
 Heap Initial Capacity: 64M
 Heap Max Capacity: 64M
 Pre-touch: Disabled
 Parallel Workers: 4
 Concurrent Workers: 1
 Concurrent Refinement Workers: 4
 Periodic GC: Disabled

Heap:
 garbage-first heap   total 65536K, used 48156K [0x00000000fc000000, 0x0000000100000000)
  region size 1024K, 37 young (37888K), 1 survivors (1024K)
 Metaspace       used 9420K, committed 9728K, reserved 1114112K
  class space    used 1209K, committed 1344K, reserved 1048576K

Heap Regions: E=young(eden), S=young(survivor), O=old, HS=humongous(starts), HC=humongous(continues), CS=collection set, F=free, TAMS=top-at-mark-start, PB=parsable bottom
|   0|0x00000000fc000000, 0x00000000fc100000, 0x00000000fc100000|100%| O|  |TAMS 0x00000000fc000000| PB 0x00000000fc000000| Untracked 
|   1|0x00000000fc100000, 0x00000000fc200000, 0x00000000fc200000|100%|HS|  |TAMS 0x00000000fc100000| PB 0x00000000fc100000| Complete 
|   2|0x00000000fc200000, 0x00000000fc300000, 0x00000000fc300000|100%|HC|  |TAMS 0x00000000fc200000| PB 0x00000000fc200000| Complete 
|   3|0x00000000fc300000, 0x00000000fc400000, 0x00000000fc400000|100%|HC|  |TAMS 0x00000000fc300000| PB 0x00000000fc300000| Complete 
|   4|0x00000000fc400000, 0x00000000fc500000, 0x00000000fc500000|100%|HC|  |TAMS 0x00000000fc400000| PB 0x00000000fc400000| Complete 
|   5|0x00000000fc500000, 0x00000000fc600000, 0x00000000fc600000|100%| O|  |TAMS 0x00000000fc500000| PB 0x00000000fc500000| Untracked 
|   6|0x00000000fc600000, 0x00000000fc700000, 0x00000000fc700000|100%| O|  |TAMS 0x00000000fc600000| PB 0x00000000fc600000| Untracked 
|   7|0x00000000fc700000, 0x00000000fc800000, 0x00000000fc800000|100%| O|  |TAMS 0x00000000fc700000| PB 0x00000000fc700000| Untracked 
|   8|0x00000000fc800000, 0x00000000fc900000, 0x00000000fc900000|100%| O|  |TAMS 0x00000000fc800000| PB 0x00000000fc800000| Untracked 
|   9|0x00000000fc900000, 0x00000000fca00000, 0x00000000fca00000|100%| O|  |TAMS 0x00000000fc900000| PB 0x00000000fc900000| Untracked 
|  10|0x00000000fca00000, 0x00000000fcace1d0, 0x00000000fcb00000| 80%| O|  |TAMS 0x00000000fca00000| PB 0x00000000fca00000| Untracked 
|  11|0x00000000fcb00000, 0x00000000fcb00000, 0x00000000fcc00000|  0%| F|  |TAMS 0x00000000fcb00000| PB 0x00000000fcb00000| Untracked 
|  12|0x00000000fcc00000, 0x00000000fcc00000, 0x00000000fcd00000|  0%| F|  |TAMS 0x00000000fcc00000| PB 0x00000000fcc00000| Untracked 
|  13|0x00000000fcd00000, 0x00000000fcd00000, 0x00000000fce00000|  0%| F|  |TAMS 0x00000000fcd00000| PB 0x00000000fcd00000| Untracked 
|  14|0x00000000fce00000, 0x00000000fce00000, 0x00000000fcf00000|  0%| F|  |TAMS 0x00000000fce00000| PB 0x00000000fce00000| Untracked 
|  15|0x00000000fcf00000, 0x00000000fcf00000, 0x00000000fd000000|  0%| F|  |TAMS 0x00000000fcf00000| PB 0x00000000fcf00000| Untracked 
|  16|0x00000000fd000000, 0x00000000fd000000, 0x00000000fd100000|  0%| F|  |TAMS 0x00000000fd000000| PB 0x00000000fd000000| Untracked 
|  17|0x00000000fd100000, 0x00000000fd100000, 0x00000000fd200000|  0%| F|  |TAMS 0x00000000fd100000| PB 0x00000000fd100000| Untracked 
|  18|0x00000000fd200000, 0x00000000fd200000, 0x00000000fd300000|  0%| F|  |TAMS 0x00000000fd200000| PB 0x00000000fd200000| Untracked 
|  19|0x00000000fd300000, 0x00000000fd300000, 0x00000000fd400000|  0%| F|  |TAMS 0x00000000fd300000| PB 0x00000000fd300000| Untracked 
|  20|0x00000000fd400000, 0x00000000fd400000, 0x00000000fd500000|  0%| F|  |TAMS 0x00000000fd400000| PB 0x00000000fd400000| Untracked 
|  21|0x00000000fd500000, 0x00000000fd500000, 0x00000000fd600000|  0%| F|  |TAMS 0x00000000fd500000| PB 0x00000000fd500000| Untracked 
|  22|0x00000000fd600000, 0x00000000fd600000, 0x00000000fd700000|  0%| F|  |TAMS 0x00000000fd600000| PB 0x00000000fd600000| Untracked 
|  23|0x00000000fd700000, 0x00000000fd700000, 0x00000000fd800000|  0%| F|  |TAMS 0x00000000fd700000| PB 0x00000000fd700000| Untracked 
|  24|0x00000000fd800000, 0x00000000fd831a18, 0x00000000fd900000| 19%| S|CS|TAMS 0x00000000fd800000| PB 0x00000000fd800000| Complete 
|  25|0x00000000fd900000, 0x00000000fd900000, 0x00000000fda00000|  0%| F|  |TAMS 0x00000000fd900000| PB 0x00000000fd900000| Untracked 
|  26|0x00000000fda00000, 0x00000000fdaacd78, 0x00000000fdb00000| 67%| E|  |TAMS 0x00000000fda00000| PB 0x00000000fda00000| Complete 
|  27|0x00000000fdb00000, 0x00000000fdc00000, 0x00000000fdc00000|100%| E|CS|TAMS 0x00000000fdb00000| PB 0x00000000fdb00000| Complete 
|  28|0x00000000fdc00000, 0x00000000fdd00000, 0x00000000fdd00000|100%| E|CS|TAMS 0x00000000fdc00000| PB 0x00000000fdc00000| Complete 
|  29|0x00000000fdd00000, 0x00000000fde00000, 0x00000000fde00000|100%| E|CS|TAMS 0x00000000fdd00000| PB 0x00000000fdd00000| Complete 
|  30|0x00000000fde00000, 0x00000000fdf00000, 0x00000000fdf00000|100%| E|CS|TAMS 0x00000000fde00000| PB 0x00000000fde00000| Complete 
|  31|0x00000000fdf00000, 0x00000000fe000000, 0x00000000fe000000|100%| E|CS|TAMS 0x00000000fdf00000| PB 0x00000000fdf00000| Complete 
|  32|0x00000000fe000000, 0x00000000fe100000, 0x00000000fe100000|100%| E|CS|TAMS 0x00000000fe000000| PB 0x00000000fe000000| Complete 
|  33|0x00000000fe100000, 0x00000000fe200000, 0x00000000fe200000|100%| E|CS|TAMS 0x00000000fe100000| PB 0x00000000fe100000| Complete 
|  34|0x00000000fe200000, 0x00000000fe300000, 0x00000000fe300000|100%| E|CS|TAMS 0x00000000fe200000| PB 0x00000000fe200000| Complete 
|  35|0x00000000fe300000, 0x00000000fe400000, 0x00000000fe400000|100%| E|CS|TAMS 0x00000000fe300000| PB 0x00000000fe300000| Complete 
|  36|0x00000000fe400000, 0x00000000fe500000, 0x00000000fe500000|100%| E|CS|TAMS 0x00000000fe400000| PB 0x00000000fe400000| Complete 
|  37|0x00000000fe500000, 0x00000000fe600000, 0x00000000fe600000|100%| E|CS|TAMS 0x00000000fe500000| PB 0x00000000fe500000| Complete 
|  38|0x00000000fe600000, 0x00000000fe700000, 0x00000000fe700000|100%| E|CS|TAMS 0x00000000fe600000| PB 0x00000000fe600000| Complete 
|  39|0x00000000fe700000, 0x00000000fe800000, 0x00000000fe800000|100%| E|CS|TAMS 0x00000000fe700000| PB 0x00000000fe700000| Complete 
|  40|0x00000000fe800000, 0x00000000fe900000, 0x00000000fe900000|100%| E|CS|TAMS 0x00000000fe800000| PB 0x00000000fe800000| Complete 
|  41|0x00000000fe900000, 0x00000000fea00000, 0x00000000fea00000|100%| E|CS|TAMS 0x00000000fe900000| PB 0x00000000fe900000| Complete 
|  42|0x00000000fea00000, 0x00000000feb00000, 0x00000000feb00000|100%| E|CS|TAMS 0x00000000fea00000| PB 0x00000000fea00000| Complete 
|  43|0x00000000feb00000, 0x00000000fec00000, 0x00000000fec00000|100%| E|CS|TAMS 0x00000000feb00000| PB 0x00000000feb00000| Complete 
|  44|0x00000000fec00000, 0x00000000fed00000, 0x00000000fed00000|100%| E|CS|TAMS 0x00000000fec00000| PB 0x00000000fec00000| Complete 
|  45|0x00000000fed00000, 0x00000000fee00000, 0x00000000fee00000|100%| E|CS|TAMS 0x00000000fed00000| PB 0x00000000fed00000| Complete 
|  46|0x00000000fee00000, 0x00000000fef00000, 0x00000000fef00000|100%| E|CS|TAMS 0x00000000fee00000| PB 0x00000000fee00000| Complete 
|  47|0x00000000fef00000, 0x00000000ff000000, 0x00000000ff000000|100%| E|CS|TAMS 0x00000000fef00000| PB 0x00000000fef00000| Complete 
|  48|0x00000000ff000000, 0x00000000ff100000, 0x00000000ff100000|100%| E|CS|TAMS 0x00000000ff000000| PB 0x00000000ff000000| Complete 
|  49|0x00000000ff100000, 0x00000000ff200000, 0x00000000ff200000|100%| E|CS|TAMS 0x00000000ff100000| PB 0x00000000ff100000| Complete 
|  50|0x00000000ff200000, 0x00000000ff300000, 0x00000000ff300000|100%| E|CS|TAMS 0x00000000ff200000| PB 0x00000000ff200000| Complete 
|  51|0x00000000ff300000, 0x00000000ff400000, 0x00000000ff400000|100%| E|CS|TAMS 0x00000000ff300000| PB 0x00000000ff300000| Complete 
|  52|0x00000000ff400000, 0x00000000ff500000, 0x00000000ff500000|100%| E|CS|TAMS 0x00000000ff400000| PB 0x00000000ff400000| Complete 
|  53|0x00000000ff500000, 0x00000000ff600000, 0x00000000ff600000|100%| E|CS|TAMS 0x00000000ff500000| PB 0x00000000ff500000| Complete 
|  54|0x00000000ff600000, 0x00000000ff700000, 0x00000000ff700000|100%| E|CS|TAMS 0x00000000ff600000| PB 0x00000000ff600000| Complete 
|  55|0x00000000ff700000, 0x00000000ff800000, 0x00000000ff800000|100%| E|CS|TAMS 0x00000000ff700000| PB 0x00000000ff700000| Complete 
|  56|0x00000000ff800000, 0x00000000ff900000, 0x00000000ff900000|100%| E|CS|TAMS 0x00000000ff800000| PB 0x00000000ff800000| Complete 
|  57|0x00000000ff900000, 0x00000000ffa00000, 0x00000000ffa00000|100%| E|CS|TAMS 0x00000000ff900000| PB 0x00000000ff900000| Complete 
|  58|0x00000000ffa00000, 0x00000000ffb00000, 0x00000000ffb00000|100%| E|CS|TAMS 0x00000000ffa00000| PB 0x00000000ffa00000| Complete 
|  59|0x00000000ffb00000, 0x00000000ffc00000, 0x00000000ffc00000|100%| E|CS|TAMS 0x00000000ffb00000| PB 0x00000000ffb00000| Complete 
|  60|0x00000000ffc00000, 0x00000000ffd00000, 0x00000000ffd00000|100%| E|CS|TAMS 0x00000000ffc00000| PB 0x00000000ffc00000| Complete 
|  61|0x00000000ffd00000, 0x00000000ffe00000, 0x00000000ffe00000|100%| E|CS|TAMS 0x00000000ffd00000| PB 0x00000000ffd00000| Complete 
|  62|0x00000000ffe00000, 0x00000000fff00000, 0x00000000fff00000|100%| O|  |TAMS 0x00000000ffe00000| PB 0x00000000ffe00000| Untracked 
|  63|0x00000000fff00000, 0x00000000fff07738, 0x0000000100000000|  2%| O|  |TAMS 0x00000000fff00000| PB 0x00000000fff00000| Untracked 

Card table byte_map: [0x00007029b4d5a000,0x00007029b4d7a000] _byte_map_base: 0x00007029b457a000

Marking Bits: (CMBitMap*) 0x00007029ac0367b0
 Bits: [0x00007029b2d26000, 0x00007029b2e26000)

Polling page: 0x00007029b50e9000

Metaspace:

Usage:
  Non-class:      8.02 MB used.
      Class:      1.18 MB used.
       Both:      9.20 MB used.

Virtual space:
  Non-class space:       64.00 MB reserved,       8.19 MB ( 13%) committed,  1 nodes.
      Class space:        1.00 GB reserved,       1.31 MB ( <1%) committed,  1 nodes.
             Both:        1.06 GB reserved,       9.50 MB ( <1%) committed. 

Chunk freelists:
   Non-Class:  7.44 MB
       Class:  14.58 MB
        Both:  22.01 MB

MaxMetaspaceSize: unlimited
CompressedClassSpaceSize: 1.00 GB
Initial GC threshold: 21.00 MB
Current GC threshold: 21.00 MB
CDS: on
 - commit_granule_bytes: 65536.
 - commit_granule_words: 8192.
 - virtual_space_node_default_size: 8388608.
 - enlarge_chunks_in_place: 1.
 - use_allocation_guard: 0.


Internal statistics:

num_allocs_failed_limit: 0.
num_arena_births: 206.
num_arena_deaths: 0.
num_vsnodes_births: 2.
num_vsnodes_deaths: 0.
num_space_committed: 152.
num_space_uncommitted: 0.
num_chunks_returned_to_freelist: 0.
num_chunks_taken_from_freelist: 474.
num_chunk_merges: 0.
num_chunk_splits: 311.
num_chunks_enlarged: 238.
num_inconsistent_stats: 0.

CodeHeap 'non-profiled nmethods': size=120032Kb used=1324Kb max_used=1324Kb free=118707Kb
 bounds [0x000070299c2c8000, 0x000070299c538000, 0x00007029a3800000]
CodeHeap 'profiled nmethods': size=120028Kb used=3574Kb max_used=3574Kb free=116453Kb
 bounds [0x0000702994800000, 0x0000702994b80000, 0x000070299bd37000]
CodeHeap 'non-nmethods': size=5700Kb used=1370Kb max_used=1422Kb free=4329Kb
 bounds [0x000070299bd37000, 0x000070299bfa7000, 0x000070299c2c8000]
 total_blobs=2546 nmethods=2058 adapters=394
 compilation: enabled
              stopped_count=0, restarted_count=0
 full_count=0

Compilation events (20 events):
Event: 44566.941 Thread 0x00007029ac0c6a30 2048   !   4       org.apache.commons.io.output.ProxyOutputStream::flush (17 bytes)
Event: 44566.951 Thread 0x00007029ac0c6a30 nmethod 2048 0x000070299c410390 code [0x000070299c410620, 0x000070299c411168]
Event: 44931.998 Thread 0x00007029ac0c6a30 2049       4       org.gradle.internal.logging.console.BuildStatusRenderer::onOutput (350 bytes)
Event: 44932.011 Thread 0x00007029ac0c6a30 nmethod 2049 0x000070299c411990 code [0x000070299c411c60, 0x000070299c412560]
Event: 45375.955 Thread 0x00007029ac0c80f0 2050       3       java.lang.invoke.MethodHandles$Lookup::isArrayClone (50 bytes)
Event: 45375.957 Thread 0x00007029ac0c80f0 nmethod 2050 0x0000702994b78b90 code [0x0000702994b78da0, 0x0000702994b79458]
Event: 45375.963 Thread 0x00007029ac0c80f0 2052       3       sun.invoke.util.VerifyAccess::isMemberAccessible (338 bytes)
Event: 45375.966 Thread 0x00007029ac0c80f0 nmethod 2052 0x0000702994b79690 code [0x0000702994b79a20, 0x0000702994b7acb0]
Event: 45375.968 Thread 0x00007029ac0c80f0 2053       3       java.lang.invoke.MemberName::<init> (50 bytes)
Event: 45375.969 Thread 0x00007029ac0c80f0 nmethod 2053 0x0000702994b7b210 code [0x0000702994b7b400, 0x0000702994b7b720]
Event: 45375.973 Thread 0x00007029ac0c80f0 2054       3       java.lang.invoke.DirectMethodHandle::preparedLambdaForm (6 bytes)
Event: 45375.973 Thread 0x00007029ac0c80f0 nmethod 2054 0x0000702994b7b890 code [0x0000702994b7ba40, 0x0000702994b7bb60]
Event: 45375.973 Thread 0x00007029ac0c80f0 2055       1       java.lang.invoke.InfoFromMemberName::getReferenceKind (5 bytes)
Event: 45375.973 Thread 0x00007029ac0c80f0 nmethod 2055 0x000070299c413090 code [0x000070299c413220, 0x000070299c4132e0]
Event: 45375.974 Thread 0x00007029ac0c80f0 2056   !   3       java.lang.invoke.MethodHandle::setVarargs (50 bytes)
Event: 45375.975 Thread 0x00007029ac0c80f0 nmethod 2056 0x0000702994b7bc10 code [0x0000702994b7bec0, 0x0000702994b7ca98]
Event: 45375.975 Thread 0x00007029ac0c80f0 2057       3       java.lang.invoke.MemberName::isVarargs (23 bytes)
Event: 45375.975 Thread 0x00007029ac0c80f0 nmethod 2057 0x0000702994b7cf10 code [0x0000702994b7d0c0, 0x0000702994b7d428]
Event: 45375.986 Thread 0x00007029ac0c80f0 2058       3       java.util.ImmutableCollections$Set12$1::hasNext (13 bytes)
Event: 45375.986 Thread 0x00007029ac0c80f0 nmethod 2058 0x0000702994b7d510 code [0x0000702994b7d6a0, 0x0000702994b7d800]

GC Heap History (20 events):
Event: 9099.099 GC heap before
{Heap before GC invocations=4 (full 0):
 garbage-first heap   total 65536K, used 50217K [0x00000000fc000000, 0x0000000100000000)
  region size 1024K, 38 young (38912K), 1 survivors (1024K)
 Metaspace       used 9208K, committed 9536K, reserved 1114112K
  class space    used 1184K, committed 1344K, reserved 1048576K
}
Event: 9099.142 GC heap after
{Heap after GC invocations=5 (full 0):
 garbage-first heap   total 65536K, used 12299K [0x00000000fc000000, 0x0000000100000000)
  region size 1024K, 1 young (1024K), 1 survivors (1024K)
 Metaspace       used 9208K, committed 9536K, reserved 1114112K
  class space    used 1184K, committed 1344K, reserved 1048576K
}
Event: 12847.598 GC heap before
{Heap before GC invocations=5 (full 0):
 garbage-first heap   total 65536K, used 50187K [0x00000000fc000000, 0x0000000100000000)
  region size 1024K, 38 young (38912K), 1 survivors (1024K)
 Metaspace       used 9209K, committed 9536K, reserved 1114112K
  class space    used 1184K, committed 1344K, reserved 1048576K
}
Event: 12847.601 GC heap after
{Heap after GC invocations=6 (full 0):
 garbage-first heap   total 65536K, used 12300K [0x00000000fc000000, 0x0000000100000000)
  region size 1024K, 1 young (1024K), 1 survivors (1024K)
 Metaspace       used 9209K, committed 9536K, reserved 1114112K
  class space    used 1184K, committed 1344K, reserved 1048576K
}
Event: 16657.198 GC heap before
{Heap before GC invocations=6 (full 0):
 garbage-first heap   total 65536K, used 50188K [0x00000000fc000000, 0x0000000100000000)
  region size 1024K, 38 young (38912K), 1 survivors (1024K)
 Metaspace       used 9212K, committed 9536K, reserved 1114112K
  class space    used 1184K, committed 1344K, reserved 1048576K
}
Event: 16657.199 GC heap after
{Heap after GC invocations=7 (full 0):
 garbage-first heap   total 65536K, used 12305K [0x00000000fc000000, 0x0000000100000000)
  region size 1024K, 1 young (1024K), 1 survivors (1024K)
 Metaspace       used 9212K, committed 9536K, reserved 1114112K
  class space    used 1184K, committed 1344K, reserved 1048576K
}
Event: 20644.098 GC heap before
{Heap before GC invocations=7 (full 0):
 garbage-first heap   total 65536K, used 50193K [0x00000000fc000000, 0x0000000100000000)
  region size 1024K, 38 young (38912K), 1 survivors (1024K)
 Metaspace       used 9213K, committed 9536K, reserved 1114112K
  class space    used 1184K, committed 1344K, reserved 1048576K
}
Event: 20644.108 GC heap after
{Heap after GC invocations=8 (full 0):
 garbage-first heap   total 65536K, used 12304K [0x00000000fc000000, 0x0000000100000000)
  region size 1024K, 1 young (1024K), 1 survivors (1024K)
 Metaspace       used 9213K, committed 9536K, reserved 1114112K
  class space    used 1184K, committed 1344K, reserved 1048576K
}
Event: 24722.898 GC heap before
{Heap before GC invocations=8 (full 0):
 garbage-first heap   total 65536K, used 50192K [0x00000000fc000000, 0x0000000100000000)
  region size 1024K, 38 young (38912K), 1 survivors (1024K)
 Metaspace       used 9213K, committed 9536K, reserved 1114112K
  class space    used 1184K, committed 1344K, reserved 1048576K
}
Event: 24722.903 GC heap after
{Heap after GC invocations=9 (full 0):
 garbage-first heap   total 65536K, used 12299K [0x00000000fc000000, 0x0000000100000000)
  region size 1024K, 1 young (1024K), 1 survivors (1024K)
 Metaspace       used 9213K, committed 9536K, reserved 1114112K
  class space    used 1184K, committed 1344K, reserved 1048576K
}
Event: 28438.500 GC heap before
{Heap before GC invocations=9 (full 0):
 garbage-first heap   total 65536K, used 50187K [0x00000000fc000000, 0x0000000100000000)
  region size 1024K, 38 young (38912K), 1 survivors (1024K)
 Metaspace       used 9213K, committed 9536K, reserved 1114112K
  class space    used 1184K, committed 1344K, reserved 1048576K
}
Event: 28438.544 GC heap after
{Heap after GC invocations=10 (full 0):
 garbage-first heap   total 65536K, used 12301K [0x00000000fc000000, 0x0000000100000000)
  region size 1024K, 1 young (1024K), 1 survivors (1024K)
 Metaspace       used 9213K, committed 9536K, reserved 1114112K
  class space    used 1184K, committed 1344K, reserved 1048576K
}
Event: 32257.599 GC heap before
{Heap before GC invocations=10 (full 0):
 garbage-first heap   total 65536K, used 50189K [0x00000000fc000000, 0x0000000100000000)
  region size 1024K, 38 young (38912K), 1 survivors (1024K)
 Metaspace       used 9213K, committed 9536K, reserved 1114112K
  class space    used 1184K, committed 1344K, reserved 1048576K
}
Event: 32257.627 GC heap after
{Heap after GC invocations=11 (full 0):
 garbage-first heap   total 65536K, used 12301K [0x00000000fc000000, 0x0000000100000000)
  region size 1024K, 1 young (1024K), 1 survivors (1024K)
 Metaspace       used 9213K, committed 9536K, reserved 1114112K
  class space    used 1184K, committed 1344K, reserved 1048576K
}
Event: 35218.661 GC heap before
{Heap before GC invocations=11 (full 0):
 garbage-first heap   total 65536K, used 50189K [0x00000000fc000000, 0x0000000100000000)
  region size 1024K, 38 young (38912K), 1 survivors (1024K)
 Metaspace       used 9213K, committed 9536K, reserved 1114112K
  class space    used 1184K, committed 1344K, reserved 1048576K
}
Event: 35218.693 GC heap after
{Heap after GC invocations=12 (full 0):
 garbage-first heap   total 65536K, used 12301K [0x00000000fc000000, 0x0000000100000000)
  region size 1024K, 1 young (1024K), 1 survivors (1024K)
 Metaspace       used 9213K, committed 9536K, reserved 1114112K
  class space    used 1184K, committed 1344K, reserved 1048576K
}
Event: 38516.299 GC heap before
{Heap before GC invocations=12 (full 0):
 garbage-first heap   total 65536K, used 50189K [0x00000000fc000000, 0x0000000100000000)
  region size 1024K, 38 young (38912K), 1 survivors (1024K)
 Metaspace       used 9213K, committed 9536K, reserved 1114112K
  class space    used 1184K, committed 1344K, reserved 1048576K
}
Event: 38516.336 GC heap after
{Heap after GC invocations=13 (full 0):
 garbage-first heap   total 65536K, used 12316K [0x00000000fc000000, 0x0000000100000000)
  region size 1024K, 1 young (1024K), 1 survivors (1024K)
 Metaspace       used 9213K, committed 9536K, reserved 1114112K
  class space    used 1184K, committed 1344K, reserved 1048576K
}
Event: 41964.299 GC heap before
{Heap before GC invocations=13 (full 0):
 garbage-first heap   total 65536K, used 50204K [0x00000000fc000000, 0x0000000100000000)
  region size 1024K, 38 young (38912K), 1 survivors (1024K)
 Metaspace       used 9213K, committed 9536K, reserved 1114112K
  class space    used 1184K, committed 1344K, reserved 1048576K
}
Event: 41964.336 GC heap after
{Heap after GC invocations=14 (full 0):
 garbage-first heap   total 65536K, used 12316K [0x00000000fc000000, 0x0000000100000000)
  region size 1024K, 1 young (1024K), 1 survivors (1024K)
 Metaspace       used 9213K, committed 9536K, reserved 1114112K
  class space    used 1184K, committed 1344K, reserved 1048576K
}

Dll operation events (14 events):
Event: 0.002 Loaded shared library /usr/lib/jvm/java-21-openjdk/lib/libjava.so
Event: 0.047 Loaded shared library /usr/lib/jvm/java-21-openjdk/lib/libjsvml.so
Event: 0.069 Loaded shared library /usr/lib/jvm/java-21-openjdk/lib/libnio.so
Event: 0.073 Loaded shared library /usr/lib/jvm/java-21-openjdk/lib/libzip.so
Event: 0.077 Loaded shared library /usr/lib/jvm/java-21-openjdk/lib/libverify.so
Event: 0.196 Loaded shared library /usr/lib/jvm/java-21-openjdk/lib/libnet.so
Event: 0.506 Loaded shared library /usr/lib/jvm/java-21-openjdk/lib/libjimage.so
Event: 0.851 Loaded shared library /home/zak/.gradle/native/c067742578af261105cb4f569cf0c3c89f3d7b1fecec35dd04571415982c5e48/linux-amd64/libnative-platform.so
Event: 0.860 Loading shared library /home/zak/.gradle/native/c067742578af261105cb4f569cf0c3c89f3d7b1fecec35dd04571415982c5e48/linux-amd64-ncurses5/libnative-platform-curses.so failed, libtinfo.so.5: cannot open shared object file: No such file or directory
Event: 0.861 Loaded shared library /home/zak/.gradle/native/c067742578af261105cb4f569cf0c3c89f3d7b1fecec35dd04571415982c5e48/linux-amd64-ncurses6/libnative-platform-curses.so
Event: 0.883 Loaded shared library /home/zak/.gradle/native/jansi/1.18/linux64/libjansi.so
Event: 1.088 Loaded shared library /usr/lib/jvm/java-21-openjdk/lib/libmanagement.so
Event: 1.092 Loaded shared library /usr/lib/jvm/java-21-openjdk/lib/libmanagement_ext.so
Event: 1.260 Loaded shared library /usr/lib/jvm/java-21-openjdk/lib/libextnet.so

Deoptimization events (20 events):
Event: 45375.990 Thread 0x00007029ac0168c0 Uncommon trap: trap_request=0xffffffde fr.pc=0x000070299c3dd748 relative=0x0000000000002ce8
Event: 45375.990 Thread 0x00007029ac0168c0 Uncommon trap: reason=class_check action=maybe_recompile pc=0x000070299c3dd748 method=org.gradle.internal.logging.sink.OutputEventTransformer.onOutput(Lorg/gradle/internal/logging/events/OutputEvent;)V @ 308 c2
Event: 45375.990 Thread 0x00007029ac0168c0 DEOPT PACKING pc=0x000070299c3dd748 sp=0x00007029b37fd3e0
Event: 45375.990 Thread 0x00007029ac0168c0 DEOPT UNPACKING pc=0x000070299bd8af99 sp=0x00007029b37fd3f8 mode 2
Event: 45375.998 Thread 0x00007029ac859cd0 Uncommon trap: trap_request=0xffffffde fr.pc=0x000070299c40a258 relative=0x0000000000000c38
Event: 45375.998 Thread 0x00007029ac859cd0 Uncommon trap: reason=class_check action=maybe_recompile pc=0x000070299c40a258 method=org.gradle.internal.logging.sink.GroupingProgressLogEventGenerator.onOutput(Lorg/gradle/internal/logging/events/OutputEvent;)V @ 27 c2
Event: 45375.998 Thread 0x00007029ac859cd0 DEOPT PACKING pc=0x000070299c40a258 sp=0x000070298fa82790
Event: 45375.998 Thread 0x00007029ac859cd0 DEOPT UNPACKING pc=0x000070299bd8af99 sp=0x000070298fa82690 mode 2
Event: 45375.998 Thread 0x00007029ac859cd0 Uncommon trap: trap_request=0xffffff45 fr.pc=0x000070299c3e7760 relative=0x0000000000000300
Event: 45375.998 Thread 0x00007029ac859cd0 Uncommon trap: reason=unstable_if action=reinterpret pc=0x000070299c3e7760 method=org.gradle.internal.logging.sink.GroupingProgressLogEventGenerator.getGroupFor(Lorg/gradle/internal/operations/OperationIdentifier;)Lorg/gradle/internal/logging/sink/Groupin
Event: 45375.998 Thread 0x00007029ac859cd0 DEOPT PACKING pc=0x000070299c3e7760 sp=0x000070298fa825f0
Event: 45375.998 Thread 0x00007029ac859cd0 DEOPT UNPACKING pc=0x000070299bd8af99 sp=0x000070298fa825b0 mode 2
Event: 45375.999 Thread 0x00007029ac859cd0 Uncommon trap: trap_request=0xffffffde fr.pc=0x000070299c3e9c74 relative=0x00000000000004f4
Event: 45375.999 Thread 0x00007029ac859cd0 Uncommon trap: reason=class_check action=maybe_recompile pc=0x000070299c3e9c74 method=org.gradle.internal.logging.console.StyledTextOutputBackedRenderer.onOutput(Lorg/gradle/internal/logging/events/OutputEvent;)V @ 58 c2
Event: 45375.999 Thread 0x00007029ac859cd0 DEOPT PACKING pc=0x000070299c3e9c74 sp=0x000070298fa82560
Event: 45375.999 Thread 0x00007029ac859cd0 DEOPT UNPACKING pc=0x000070299bd8af99 sp=0x000070298fa82540 mode 2
Event: 45375.999 Thread 0x00007029ac859cd0 Uncommon trap: trap_request=0xffffffde fr.pc=0x000070299c3e9c74 relative=0x00000000000004f4
Event: 45375.999 Thread 0x00007029ac859cd0 Uncommon trap: reason=class_check action=maybe_recompile pc=0x000070299c3e9c74 method=org.gradle.internal.logging.console.StyledTextOutputBackedRenderer.onOutput(Lorg/gradle/internal/logging/events/OutputEvent;)V @ 58 c2
Event: 45375.999 Thread 0x00007029ac859cd0 DEOPT PACKING pc=0x000070299c3e9c74 sp=0x000070298fa82560
Event: 45375.999 Thread 0x00007029ac859cd0 DEOPT UNPACKING pc=0x000070299bd8af99 sp=0x000070298fa82540 mode 2

Classes loaded (20 events):
Event: 45375.971 Loading class jdk/internal/logger/LazyLoggers
Event: 45375.971 Loading class jdk/internal/logger/LazyLoggers done
Event: 45375.972 Loading class jdk/internal/logger/LazyLoggers$1
Event: 45375.972 Loading class jdk/internal/logger/LazyLoggers$1 done
Event: 45375.972 Loading class jdk/internal/logger/LazyLoggers$LazyLoggerFactories
Event: 45375.972 Loading class jdk/internal/logger/LazyLoggers$LazyLoggerFactories done
Event: 45375.974 Loading class jdk/internal/logger/LoggerFinderLoader
Event: 45375.975 Loading class jdk/internal/logger/LoggerFinderLoader done
Event: 45375.982 Loading class jdk/internal/logger/LoggerFinderLoader$TemporaryLoggerFinder
Event: 45375.982 Loading class jdk/internal/logger/LoggerFinderLoader$TemporaryLoggerFinder done
Event: 45375.985 Loading class sun/util/logging/internal/LoggingProviderImpl$JULWrapper
Event: 45375.985 Loading class sun/util/logging/PlatformLogger$ConfigurableBridge$LoggerConfiguration
Event: 45375.985 Loading class sun/util/logging/PlatformLogger$ConfigurableBridge$LoggerConfiguration done
Event: 45375.985 Loading class sun/util/logging/internal/LoggingProviderImpl$JULWrapper done
Event: 45375.987 Loading class java/io/ObjectInputFilter$Config$BuiltinFilterFactory
Event: 45375.987 Loading class java/io/ObjectInputFilter$Config$BuiltinFilterFactory done
Event: 45375.987 Loading class jdk/internal/access/JavaObjectInputFilterAccess
Event: 45375.987 Loading class jdk/internal/access/JavaObjectInputFilterAccess done
Event: 45375.988 Loading class java/lang/System$Logger$Level
Event: 45375.988 Loading class java/lang/System$Logger$Level done

Classes unloaded (0 events):
No events

Classes redefined (0 events):
No events

Internal exceptions (20 events):
Event: 0.248 Thread 0x00007029ac0168c0 Exception <a 'java/lang/NoSuchMethodError'{0x00000000ffce8cc8}: 'void java.lang.invoke.DirectMethodHandle$Holder.invokeSpecial(java.lang.Object, java.lang.Object, java.lang.Object)'> (0x00000000ffce8cc8) 
thrown [/usr/src/debug/java-openjdk/jdk21u-jdk-21.0.2-13/src/hotspot/share/interpreter/linkResolver.cpp, line 772]
Event: 0.284 Thread 0x00007029ac0168c0 Exception <a 'java/lang/NoSuchMethodError'{0x00000000ffb3c868}: 'void java.lang.invoke.DirectMethodHandle$Holder.invokeStatic(java.lang.Object, java.lang.Object, java.lang.Object)'> (0x00000000ffb3c868) 
thrown [/usr/src/debug/java-openjdk/jdk21u-jdk-21.0.2-13/src/hotspot/share/interpreter/linkResolver.cpp, line 772]
Event: 0.300 Thread 0x00007029ac0168c0 Exception <a 'java/lang/NoSuchMethodError'{0x00000000ffb4eeb8}: 'java.lang.Object java.lang.invoke.Invokers$Holder.invokeExact_MT(java.lang.Object, java.lang.Object, java.lang.Object, java.lang.Object, java.lang.Object)'> (0x00000000ffb4eeb8) 
thrown [/usr/src/debug/java-openjdk/jdk21u-jdk-21.0.2-13/src/hotspot/share/interpreter/linkResolver.cpp, line 772]
Event: 0.312 Thread 0x00007029ac0168c0 Exception <a 'java/lang/NoSuchMethodError'{0x00000000ffbc0df8}: 'int java.lang.invoke.DirectMethodHandle$Holder.invokeStaticInit(java.lang.Object, java.lang.Object)'> (0x00000000ffbc0df8) 
thrown [/usr/src/debug/java-openjdk/jdk21u-jdk-21.0.2-13/src/hotspot/share/interpreter/linkResolver.cpp, line 772]
Event: 0.815 Thread 0x00007029ac0168c0 Exception <a 'java/lang/NoClassDefFoundError'{0x00000000ff544378}: org/slf4j/impl/StaticMarkerBinder> (0x00000000ff544378) 
thrown [/usr/src/debug/java-openjdk/jdk21u-jdk-21.0.2-13/src/hotspot/share/classfile/systemDictionary.cpp, line 301]
Event: 0.829 Thread 0x00007029ac0168c0 Exception <a 'java/lang/NoSuchMethodError'{0x00000000ff5d2908}: 'java.lang.Object java.lang.invoke.DirectMethodHandle$Holder.invokeVirtual(java.lang.Object, java.lang.Object, java.lang.Object, java.lang.Object, java.lang.Object, java.lang.Object, java.lang.Object)'> (0x00000000ff5d2908) 
thrown [/usr/src/debug/java-openjdk/jdk21u-jdk-21.0.2-13/src/hotspot/share/interpreter/linkResolver.cpp, line 772]
Event: 0.833 Thread 0x00007029ac0168c0 Exception <a 'java/lang/NoSuchMethodError'{0x00000000ff5e5c40}: 'java.lang.Object java.lang.invoke.DirectMethodHandle$Holder.invokeStatic(java.lang.Object, java.lang.Object, int)'> (0x00000000ff5e5c40) 
thrown [/usr/src/debug/java-openjdk/jdk21u-jdk-21.0.2-13/src/hotspot/share/interpreter/linkResolver.cpp, line 772]
Event: 0.835 Thread 0x00007029ac0168c0 Exception <a 'java/lang/NoSuchMethodError'{0x00000000ff5f1058}: 'void java.lang.invoke.DelegatingMethodHandle$Holder.delegate(java.lang.Object, java.lang.Object, int, java.lang.Object)'> (0x00000000ff5f1058) 
thrown [/usr/src/debug/java-openjdk/jdk21u-jdk-21.0.2-13/src/hotspot/share/interpreter/linkResolver.cpp, line 772]
Event: 0.835 Thread 0x00007029ac0168c0 Exception <a 'java/lang/NoSuchMethodError'{0x00000000ff5f4e18}: 'int java.lang.invoke.DirectMethodHandle$Holder.invokeSpecial(java.lang.Object, java.lang.Object, java.lang.Object)'> (0x00000000ff5f4e18) 
thrown [/usr/src/debug/java-openjdk/jdk21u-jdk-21.0.2-13/src/hotspot/share/interpreter/linkResolver.cpp, line 772]
Event: 0.858 Thread 0x00007029ac0168c0 Exception <a 'java/lang/NoSuchMethodError'{0x00000000ff4a3140}: 'java.lang.Object java.lang.invoke.DirectMethodHandle$Holder.invokeVirtual(java.lang.Object, java.lang.Object, java.lang.Object)'> (0x00000000ff4a3140) 
thrown [/usr/src/debug/java-openjdk/jdk21u-jdk-21.0.2-13/src/hotspot/share/interpreter/linkResolver.cpp, line 772]
Event: 0.860 Thread 0x00007029ac0168c0 Exception <a 'java/lang/UnsatisfiedLinkError'{0x00000000ff4b4230}> (0x00000000ff4b4230) 
thrown [/usr/src/debug/java-openjdk/jdk21u-jdk-21.0.2-13/src/hotspot/share/prims/jvm.cpp, line 3424]
Event: 0.860 Thread 0x00007029ac0168c0 Exception <a 'java/lang/UnsatisfiedLinkError'{0x00000000ff4b4230}> (0x00000000ff4b4230) 
thrown [/usr/src/debug/java-openjdk/jdk21u-jdk-21.0.2-13/src/hotspot/share/prims/jni.cpp, line 520]
Event: 0.979 Thread 0x00007029ac0168c0 Exception <a 'java/lang/NoSuchMethodError'{0x00000000ff1cff00}: 'java.lang.Object java.lang.invoke.DirectMethodHandle$Holder.invokeVirtual(java.lang.Object, java.lang.Object, java.lang.Object, java.lang.Object)'> (0x00000000ff1cff00) 
thrown [/usr/src/debug/java-openjdk/jdk21u-jdk-21.0.2-13/src/hotspot/share/interpreter/linkResolver.cpp, line 772]
Event: 1.001 Thread 0x00007029ac0168c0 Exception <a 'java/lang/NoSuchMethodError'{0x00000000fee52ec0}: 'java.lang.Object java.lang.invoke.DirectMethodHandle$Holder.invokeVirtual(java.lang.Object, java.lang.Object, java.lang.Object, java.lang.Object, java.lang.Object, java.lang.Object)'> (0x00000000fee52ec0) 
thrown [/usr/src/debug/java-openjdk/jdk21u-jdk-21.0.2-13/src/hotspot/share/interpreter/linkResolver.cpp, line 772]
Event: 1.144 Thread 0x00007029ac0168c0 Exception <a 'java/lang/NoSuchMethodError'{0x00000000fea99d00}: 'int java.lang.invoke.DirectMethodHandle$Holder.invokeVirtual(java.lang.Object, java.lang.Object, java.lang.Object)'> (0x00000000fea99d00) 
thrown [/usr/src/debug/java-openjdk/jdk21u-jdk-21.0.2-13/src/hotspot/share/interpreter/linkResolver.cpp, line 772]
Event: 1.163 Thread 0x00007029ac0168c0 Exception <a 'java/lang/NoSuchMethodError'{0x00000000fe929ea0}: 'java.lang.Object java.lang.invoke.DirectMethodHandle$Holder.invokeVirtual(java.lang.Object, java.lang.Object, java.lang.Object, java.lang.Object, java.lang.Object)'> (0x00000000fe929ea0) 
thrown [/usr/src/debug/java-openjdk/jdk21u-jdk-21.0.2-13/src/hotspot/share/interpreter/linkResolver.cpp, line 772]
Event: 1.165 Thread 0x00007029ac0168c0 Exception <a 'java/lang/NoSuchMethodError'{0x00000000fe93d300}: 'java.lang.Object java.lang.invoke.Invokers$Holder.invokeExact_MT(java.lang.Object, java.lang.Object, java.lang.Object, java.lang.Object, java.lang.Object, java.lang.Object)'> (0x00000000fe93d300) 
thrown [/usr/src/debug/java-openjdk/jdk21u-jdk-21.0.2-13/src/hotspot/share/interpreter/linkResolver.cpp, line 772]
Event: 1.203 Thread 0x00007029ac0168c0 Exception <a 'java/lang/NoSuchMethodError'{0x00000000fe8a2e00}: 'java.lang.Object java.lang.invoke.DirectMethodHandle$Holder.invokeVirtual(java.lang.Object, java.lang.Object, java.lang.Object, java.lang.Object, java.lang.Object, java.lang.Object, java.lang.Object, java.lang.Object)'> (0x00000000fe8a2e00) 
thrown [/usr/src/debug/java-openjdk/jdk21u-jdk-21.0.2-13/src/hotspot/share/interpreter/linkResolver.cpp, line 772]
Event: 1.294 Thread 0x00007029ac0168c0 Exception <a 'java/lang/NoSuchMethodError'{0x00000000ffde0d18}: 'void java.lang.invoke.DirectMethodHandle$Holder.invokeInterface(java.lang.Object, java.lang.Object, java.lang.Object)'> (0x00000000ffde0d18) 
thrown [/usr/src/debug/java-openjdk/jdk21u-jdk-21.0.2-13/src/hotspot/share/interpreter/linkResolver.cpp, line 772]
Event: 45375.998 Thread 0x00007029ac859cd0 Implicit null exception at 0x000070299c3e74a0 to 0x000070299c3e7750

ZGC Phase Switch (0 events):
No events

VM Operations (20 events):
Event: 42332.230 Executing VM operation: RendezvousGCThreads
Event: 42332.230 Executing VM operation: RendezvousGCThreads done
Event: 44464.692 Executing VM operation: Cleanup
Event: 44464.694 Executing VM operation: Cleanup done
Event: 44491.702 Executing VM operation: Cleanup
Event: 44491.702 Executing VM operation: Cleanup done
Event: 44500.706 Executing VM operation: Cleanup
Event: 44500.706 Executing VM operation: Cleanup done
Event: 44558.712 Executing VM operation: Cleanup
Event: 44558.712 Executing VM operation: Cleanup done
Event: 44567.715 Executing VM operation: Cleanup
Event: 44567.716 Executing VM operation: Cleanup done
Event: 44586.719 Executing VM operation: Cleanup
Event: 44586.719 Executing VM operation: Cleanup done
Event: 44674.182 Executing VM operation: HandshakeAllThreads (HandshakeForDeflation)
Event: 44674.183 Executing VM operation: HandshakeAllThreads (HandshakeForDeflation) done
Event: 44674.183 Executing VM operation: RendezvousGCThreads
Event: 44674.183 Executing VM operation: RendezvousGCThreads done
Event: 45376.141 Executing VM operation: Cleanup
Event: 45376.141 Executing VM operation: Cleanup done

Events (20 events):
Event: 0.045 Thread 0x00007029ac0c2310 Thread added: 0x00007029ac0c2310
Event: 0.045 Protecting memory [0x0000702994300000,0x0000702994304000] with protection modes 0
Event: 0.046 Thread 0x00007029ac0c3950 Thread added: 0x00007029ac0c3950
Event: 0.046 Protecting memory [0x00007029941ff000,0x0000702994203000] with protection modes 0
Event: 0.046 Thread 0x00007029ac0c4ef0 Thread added: 0x00007029ac0c4ef0
Event: 0.046 Protecting memory [0x00007029940fe000,0x0000702994102000] with protection modes 0
Event: 0.046 Thread 0x00007029ac0c6a30 Thread added: 0x00007029ac0c6a30
Event: 0.046 Protecting memory [0x000070298ff00000,0x000070298ff04000] with protection modes 0
Event: 0.052 Thread 0x00007029ac0c80f0 Thread added: 0x00007029ac0c80f0
Event: 0.056 Protecting memory [0x000070298fdff000,0x000070298fe03000] with protection modes 0
Event: 0.059 Thread 0x00007029ac0d6300 Thread added: 0x00007029ac0d6300
Event: 0.059 Protecting memory [0x000070298fcfe000,0x000070298fd02000] with protection modes 0
Event: 0.066 Thread 0x00007029ac0da350 Thread added: 0x00007029ac0da350
Event: 0.068 Protecting memory [0x000070298fbfd000,0x000070298fc01000] with protection modes 0
Event: 0.899 Thread 0x00007029ac859cd0 Thread added: 0x00007029ac859cd0
Event: 0.899 Protecting memory [0x000070298f984000,0x000070298f988000] with protection modes 0
Event: 1.343 Thread 0x00007029ac9ec980 Thread added: 0x00007029ac9ec980
Event: 1.343 Protecting memory [0x000070298f3ff000,0x000070298f403000] with protection modes 0
Event: 1.353 Thread 0x00007029ac9ef0f0 Thread added: 0x00007029ac9ef0f0
Event: 1.353 Protecting memory [0x000070298f2fe000,0x000070298f302000] with protection modes 0


Dynamic libraries:
fc000000-ffe00000 rw-p 00000000 00:00 0 
ffe00000-fff08000 rw-p 00ce5000 08:13 3170764                            /usr/lib/jvm/java-21-openjdk/lib/server/classes.jsa
fff08000-100000000 rw-p 00000000 00:00 0 
5c41a90d6000-5c41a90d7000 r--p 00000000 08:13 3170490                    /usr/lib/jvm/java-21-openjdk/bin/java
5c41a90d7000-5c41a90d8000 r-xp 00001000 08:13 3170490                    /usr/lib/jvm/java-21-openjdk/bin/java
5c41a90d8000-5c41a90d9000 r--p 00002000 08:13 3170490                    /usr/lib/jvm/java-21-openjdk/bin/java
5c41a90d9000-5c41a90da000 r--p 00002000 08:13 3170490                    /usr/lib/jvm/java-21-openjdk/bin/java
5c41a90da000-5c41a90db000 rw-p 00003000 08:13 3170490                    /usr/lib/jvm/java-21-openjdk/bin/java
5c41aa234000-5c41aa27b000 rw-p 00000000 00:00 0                          [heap]
7028cc000000-7028cc021000 rw-p 00000000 00:00 0 
7028cc021000-7028d0000000 ---p 00000000 00:00 0 
7028d0000000-7028d0021000 rw-p 00000000 00:00 0 
7028d0021000-7028d4000000 ---p 00000000 00:00 0 
7028d8000000-7028d8021000 rw-p 00000000 00:00 0 
7028d8021000-7028dc000000 ---p 00000000 00:00 0 
7028dc000000-7028dc021000 rw-p 00000000 00:00 0 
7028dc021000-7028e0000000 ---p 00000000 00:00 0 
7028e4000000-7028e404c000 rw-p 00000000 00:00 0 
7028e404c000-7028e8000000 ---p 00000000 00:00 0 
7028e8000000-7028e8021000 rw-p 00000000 00:00 0 
7028e8021000-7028ec000000 ---p 00000000 00:00 0 
7028f0000000-7028f0021000 rw-p 00000000 00:00 0 
7028f0021000-7028f4000000 ---p 00000000 00:00 0 
7028f4000000-7028f4021000 rw-p 00000000 00:00 0 
7028f4021000-7028f8000000 ---p 00000000 00:00 0 
7028fc000000-7028fc244000 rw-p 00000000 00:00 0 
7028fc244000-702900000000 ---p 00000000 00:00 0 
702900000000-702900ff8000 rw-p 00000000 00:00 0 
702900ff8000-702904000000 ---p 00000000 00:00 0 
702908000000-702908021000 rw-p 00000000 00:00 0 
702908021000-70290c000000 ---p 00000000 00:00 0 
70290c000000-70290c021000 rw-p 00000000 00:00 0 
70290c021000-702910000000 ---p 00000000 00:00 0 
702914000000-702914021000 rw-p 00000000 00:00 0 
702914021000-702918000000 ---p 00000000 00:00 0 
702918000000-702918021000 rw-p 00000000 00:00 0 
702918021000-70291c000000 ---p 00000000 00:00 0 
702920000000-702920021000 rw-p 00000000 00:00 0 
702920021000-702924000000 ---p 00000000 00:00 0 
702924000000-702924021000 rw-p 00000000 00:00 0 
702924021000-702928000000 ---p 00000000 00:00 0 
70292c000000-70292c390000 rw-p 00000000 00:00 0 
70292c390000-70292c400000 ---p 00000000 00:00 0 
70292c400000-70292c8a0000 rw-p 00000000 00:00 0 
70292c8a0000-702930000000 ---p 00000000 00:00 0 
702930000000-702930021000 rw-p 00000000 00:00 0 
702930021000-702934000000 ---p 00000000 00:00 0 
702937000000-702937ca6000 rw-p 00001000 08:13 3170764                    /usr/lib/jvm/java-21-openjdk/lib/server/classes.jsa
702937ca6000-702938000000 ---p 00000000 00:00 0 
702938000000-702938030000 rw-p 00000000 00:00 0 
702938030000-702938070000 rw-p 00000000 00:00 0 
702938070000-702938130000 rw-p 00000000 00:00 0 
702938130000-702938140000 ---p 00000000 00:00 0 
702938140000-702938160000 rw-p 00000000 00:00 0 
702938160000-702978000000 ---p 00000000 00:00 0 
702978000000-702978021000 rw-p 00000000 00:00 0 
702978021000-70297c000000 ---p 00000000 00:00 0 
70297c000000-70297c021000 rw-p 00000000 00:00 0 
70297c021000-702980000000 ---p 00000000 00:00 0 
702984000000-702984021000 rw-p 00000000 00:00 0 
702984021000-702988000000 ---p 00000000 00:00 0 
702988000000-702988021000 rw-p 00000000 00:00 0 
702988021000-70298c000000 ---p 00000000 00:00 0 
70298ea00000-70298ea03000 r-xp 00000000 08:13 3582802                    /home/zak/.gradle/native/jansi/1.18/linux64/libjansi.so
70298ea03000-70298ec02000 ---p 00003000 08:13 3582802                    /home/zak/.gradle/native/jansi/1.18/linux64/libjansi.so
70298ec02000-70298ec03000 rw-p 00002000 08:13 3582802                    /home/zak/.gradle/native/jansi/1.18/linux64/libjansi.so
70298f000000-70298f004000 r-xp 00000000 08:13 3582808                    /home/zak/.gradle/native/c067742578af261105cb4f569cf0c3c89f3d7b1fecec35dd04571415982c5e48/linux-amd64-ncurses6/libnative-platform-curses.so
70298f004000-70298f203000 ---p 00004000 08:13 3582808                    /home/zak/.gradle/native/c067742578af261105cb4f569cf0c3c89f3d7b1fecec35dd04571415982c5e48/linux-amd64-ncurses6/libnative-platform-curses.so
70298f203000-70298f204000 r--p 00003000 08:13 3582808                    /home/zak/.gradle/native/c067742578af261105cb4f569cf0c3c89f3d7b1fecec35dd04571415982c5e48/linux-amd64-ncurses6/libnative-platform-curses.so
70298f204000-70298f205000 rw-p 00004000 08:13 3582808                    /home/zak/.gradle/native/c067742578af261105cb4f569cf0c3c89f3d7b1fecec35dd04571415982c5e48/linux-amd64-ncurses6/libnative-platform-curses.so
70298f2fd000-70298f2fe000 ---p 00000000 00:00 0 
70298f2fe000-70298f302000 ---p 00000000 00:00 0 
70298f302000-70298f3fe000 rw-p 00000000 00:00 0 
70298f3fe000-70298f3ff000 ---p 00000000 00:00 0 
70298f3ff000-70298f403000 ---p 00000000 00:00 0 
70298f403000-70298f4ff000 rw-p 00000000 00:00 0 
70298f4ff000-70298f500000 ---p 00000000 00:00 0 
70298f500000-70298f600000 rw-p 00000000 00:00 0 
70298f600000-70298f605000 r-xp 00000000 08:13 3582798                    /home/zak/.gradle/native/c067742578af261105cb4f569cf0c3c89f3d7b1fecec35dd04571415982c5e48/linux-amd64/libnative-platform.so
70298f605000-70298f805000 ---p 00005000 08:13 3582798                    /home/zak/.gradle/native/c067742578af261105cb4f569cf0c3c89f3d7b1fecec35dd04571415982c5e48/linux-amd64/libnative-platform.so
70298f805000-70298f806000 r--p 00005000 08:13 3582798                    /home/zak/.gradle/native/c067742578af261105cb4f569cf0c3c89f3d7b1fecec35dd04571415982c5e48/linux-amd64/libnative-platform.so
70298f806000-70298f807000 rw-p 00006000 08:13 3582798                    /home/zak/.gradle/native/c067742578af261105cb4f569cf0c3c89f3d7b1fecec35dd04571415982c5e48/linux-amd64/libnative-platform.so
70298f882000-70298f883000 ---p 00000000 00:00 0 
70298f883000-70298f983000 rw-p 00000000 00:00 0 
70298f983000-70298f984000 ---p 00000000 00:00 0 
70298f984000-70298f988000 ---p 00000000 00:00 0 
70298f988000-70298fa84000 rw-p 00000000 00:00 0 
70298fa84000-70298fa9a000 r--p 00000000 08:13 2630840                    /usr/lib/libncursesw.so.6.4
70298fa9a000-70298fade000 r-xp 00016000 08:13 2630840                    /usr/lib/libncursesw.so.6.4
70298fade000-70298faf6000 r--p 0005a000 08:13 2630840                    /usr/lib/libncursesw.so.6.4
70298faf6000-70298fafa000 r--p 00072000 08:13 2630840                    /usr/lib/libncursesw.so.6.4
70298fafa000-70298fafb000 rw-p 00076000 08:13 2630840                    /usr/lib/libncursesw.so.6.4
70298fafb000-70298fafc000 ---p 00000000 00:00 0 
70298fafc000-70298fbfc000 rw-p 00000000 00:00 0 
70298fbfc000-70298fbfd000 ---p 00000000 00:00 0 
70298fbfd000-70298fc01000 ---p 00000000 00:00 0 
70298fc01000-70298fcfd000 rw-p 00000000 00:00 0 
70298fcfd000-70298fcfe000 ---p 00000000 00:00 0 
70298fcfe000-70298fd02000 ---p 00000000 00:00 0 
70298fd02000-70298fdfe000 rw-p 00000000 00:00 0 
70298fdfe000-70298fdff000 ---p 00000000 00:00 0 
70298fdff000-70298fe03000 ---p 00000000 00:00 0 
70298fe03000-70298feff000 rw-p 00000000 00:00 0 
70298feff000-70298ff00000 ---p 00000000 00:00 0 
70298ff00000-70298ff04000 ---p 00000000 00:00 0 
70298ff04000-702990000000 rw-p 00000000 00:00 0 
702990000000-702990021000 rw-p 00000000 00:00 0 
702990021000-702994000000 ---p 00000000 00:00 0 
70299402c000-702994031000 r--p 00000000 08:13 3170738                    /usr/lib/jvm/java-21-openjdk/lib/libjsvml.so
702994031000-702994072000 r-xp 00005000 08:13 3170738                    /usr/lib/jvm/java-21-openjdk/lib/libjsvml.so
702994072000-7029940fb000 r--p 00046000 08:13 3170738                    /usr/lib/jvm/java-21-openjdk/lib/libjsvml.so
7029940fb000-7029940fc000 r--p 000ce000 08:13 3170738                    /usr/lib/jvm/java-21-openjdk/lib/libjsvml.so
7029940fc000-7029940fd000 rw-p 000cf000 08:13 3170738                    /usr/lib/jvm/java-21-openjdk/lib/libjsvml.so
7029940fd000-7029940fe000 ---p 00000000 00:00 0 
7029940fe000-702994102000 ---p 00000000 00:00 0 
702994102000-7029941fe000 rw-p 00000000 00:00 0 
7029941fe000-7029941ff000 ---p 00000000 00:00 0 
7029941ff000-702994203000 ---p 00000000 00:00 0 
702994203000-7029942ff000 rw-p 00000000 00:00 0 
7029942ff000-702994300000 ---p 00000000 00:00 0 
702994300000-702994304000 ---p 00000000 00:00 0 
702994304000-702994400000 rw-p 00000000 00:00 0 
702994400000-7029946eb000 r--p 00000000 08:13 2664089                    /usr/lib/locale/locale-archive
7029946ff000-702994700000 ---p 00000000 00:00 0 
702994700000-702994704000 ---p 00000000 00:00 0 
702994704000-702994800000 rw-p 00000000 00:00 0 
702994800000-702994b80000 rwxp 00000000 00:00 0 
702994b80000-70299bd37000 ---p 00000000 00:00 0 
70299bd37000-70299bfa7000 rwxp 00000000 00:00 0 
70299bfa7000-70299c2c8000 ---p 00000000 00:00 0 
70299c2c8000-70299c538000 rwxp 00000000 00:00 0 
70299c538000-7029a3800000 ---p 00000000 00:00 0 
7029a3800000-7029abfe4000 r--s 00000000 08:13 3170755                    /usr/lib/jvm/java-21-openjdk/lib/modules
7029ac000000-7029aca18000 rw-p 00000000 00:00 0 
7029aca18000-7029b0000000 ---p 00000000 00:00 0 
7029b0076000-7029b0077000 ---p 00000000 00:00 0 
7029b0077000-7029b007b000 ---p 00000000 00:00 0 
7029b007b000-7029b0177000 rw-p 00000000 00:00 0 
7029b0177000-7029b0178000 ---p 00000000 00:00 0 
7029b0178000-7029b0278000 rw-p 00000000 00:00 0 
7029b0278000-7029b0279000 ---p 00000000 00:00 0 
7029b0279000-7029b0379000 rw-p 00000000 00:00 0 
7029b0379000-7029b03fa000 rw-p 00000000 00:00 0 
7029b03fa000-7029b03fb000 ---p 00000000 00:00 0 
7029b03fb000-7029b04fb000 rw-p 00000000 00:00 0 
7029b04fb000-7029b04fc000 ---p 00000000 00:00 0 
7029b04fc000-7029b05fc000 rw-p 00000000 00:00 0 
7029b05fc000-7029b2a00000 rw-p 00000000 00:00 0 
7029b2a23000-7029b2a24000 ---p 00000000 00:00 0 
7029b2a24000-7029b2b24000 rw-p 00000000 00:00 0 
7029b2b24000-7029b2b25000 ---p 00000000 00:00 0 
7029b2b25000-7029b2c25000 rw-p 00000000 00:00 0 
7029b2c25000-7029b2c26000 ---p 00000000 00:00 0 
7029b2c26000-7029b2d26000 rw-p 00000000 00:00 0 
7029b2d26000-7029b322f000 rw-p 00000000 00:00 0 
7029b322f000-7029b3315000 ---p 00000000 00:00 0 
7029b3315000-7029b331c000 rw-p 00000000 00:00 0 
7029b331c000-7029b3400000 ---p 00000000 00:00 0 
7029b3400000-7029b349c000 r--p 00000000 08:13 2630777                    /usr/lib/libstdc++.so.6.0.32
7029b349c000-7029b35d3000 r-xp 0009c000 08:13 2630777                    /usr/lib/libstdc++.so.6.0.32
7029b35d3000-7029b3669000 r--p 001d3000 08:13 2630777                    /usr/lib/libstdc++.so.6.0.32
7029b3669000-7029b3676000 r--p 00269000 08:13 2630777                    /usr/lib/libstdc++.so.6.0.32
7029b3676000-7029b3677000 rw-p 00276000 08:13 2630777                    /usr/lib/libstdc++.so.6.0.32
7029b3677000-7029b367b000 rw-p 00000000 00:00 0 
7029b368d000-7029b368f000 r--p 00000000 08:13 3170743                    /usr/lib/jvm/java-21-openjdk/lib/libmanagement_ext.so
7029b368f000-7029b3692000 r-xp 00002000 08:13 3170743                    /usr/lib/jvm/java-21-openjdk/lib/libmanagement_ext.so
7029b3692000-7029b3693000 r--p 00005000 08:13 3170743                    /usr/lib/jvm/java-21-openjdk/lib/libmanagement_ext.so
7029b3693000-7029b3694000 r--p 00006000 08:13 3170743                    /usr/lib/jvm/java-21-openjdk/lib/libmanagement_ext.so
7029b3694000-7029b3695000 rw-p 00007000 08:13 3170743                    /usr/lib/jvm/java-21-openjdk/lib/libmanagement_ext.so
7029b3695000-7029b3699000 r--p 00000000 08:13 3170753                    /usr/lib/jvm/java-21-openjdk/lib/libverify.so
7029b3699000-7029b36a0000 r-xp 00004000 08:13 3170753                    /usr/lib/jvm/java-21-openjdk/lib/libverify.so
7029b36a0000-7029b36a2000 r--p 0000b000 08:13 3170753                    /usr/lib/jvm/java-21-openjdk/lib/libverify.so
7029b36a2000-7029b36a4000 r--p 0000c000 08:13 3170753                    /usr/lib/jvm/java-21-openjdk/lib/libverify.so
7029b36a4000-7029b36a5000 rw-p 0000e000 08:13 3170753                    /usr/lib/jvm/java-21-openjdk/lib/libverify.so
7029b36a5000-7029b3700000 rw-p 00000000 00:00 0 
7029b3700000-7029b3704000 ---p 00000000 00:00 0 
7029b3704000-7029b3800000 rw-p 00000000 00:00 0 
7029b3800000-7029b3a7d000 r--p 00000000 08:13 3170767                    /usr/lib/jvm/java-21-openjdk/lib/server/libjvm.so
7029b3a7d000-7029b4994000 r-xp 0027d000 08:13 3170767                    /usr/lib/jvm/java-21-openjdk/lib/server/libjvm.so
7029b4994000-7029b4b83000 r--p 01194000 08:13 3170767                    /usr/lib/jvm/java-21-openjdk/lib/server/libjvm.so
7029b4b83000-7029b4c4e000 r--p 01382000 08:13 3170767                    /usr/lib/jvm/java-21-openjdk/lib/server/libjvm.so
7029b4c4e000-7029b4c78000 rw-p 0144d000 08:13 3170767                    /usr/lib/jvm/java-21-openjdk/lib/server/libjvm.so
7029b4c78000-7029b4cdd000 rw-p 00000000 00:00 0 
7029b4cdf000-7029b4ce0000 r--p 00000000 08:13 3170723                    /usr/lib/jvm/java-21-openjdk/lib/libextnet.so
7029b4ce0000-7029b4ce1000 r-xp 00001000 08:13 3170723                    /usr/lib/jvm/java-21-openjdk/lib/libextnet.so
7029b4ce1000-7029b4ce2000 r--p 00002000 08:13 3170723                    /usr/lib/jvm/java-21-openjdk/lib/libextnet.so
7029b4ce2000-7029b4ce3000 r--p 00002000 08:13 3170723                    /usr/lib/jvm/java-21-openjdk/lib/libextnet.so
7029b4ce3000-7029b4ce4000 rw-p 00003000 08:13 3170723                    /usr/lib/jvm/java-21-openjdk/lib/libextnet.so
7029b4ce4000-7029b4ce6000 r--p 00000000 08:13 3170741                    /usr/lib/jvm/java-21-openjdk/lib/libmanagement.so
7029b4ce6000-7029b4ce7000 r-xp 00002000 08:13 3170741                    /usr/lib/jvm/java-21-openjdk/lib/libmanagement.so
7029b4ce7000-7029b4ce8000 r--p 00003000 08:13 3170741                    /usr/lib/jvm/java-21-openjdk/lib/libmanagement.so
7029b4ce8000-7029b4ce9000 r--p 00003000 08:13 3170741                    /usr/lib/jvm/java-21-openjdk/lib/libmanagement.so
7029b4ce9000-7029b4cea000 rw-p 00004000 08:13 3170741                    /usr/lib/jvm/java-21-openjdk/lib/libmanagement.so
7029b4cea000-7029b4cec000 r--p 00000000 08:13 3170754                    /usr/lib/jvm/java-21-openjdk/lib/libzip.so
7029b4cec000-7029b4cf0000 r-xp 00002000 08:13 3170754                    /usr/lib/jvm/java-21-openjdk/lib/libzip.so
7029b4cf0000-7029b4cf2000 r--p 00006000 08:13 3170754                    /usr/lib/jvm/java-21-openjdk/lib/libzip.so
7029b4cf2000-7029b4cf3000 r--p 00007000 08:13 3170754                    /usr/lib/jvm/java-21-openjdk/lib/libzip.so
7029b4cf3000-7029b4cf4000 rw-p 00008000 08:13 3170754                    /usr/lib/jvm/java-21-openjdk/lib/libzip.so
7029b4cf4000-7029b4cf7000 r--p 00000000 08:13 3170745                    /usr/lib/jvm/java-21-openjdk/lib/libnet.so
7029b4cf7000-7029b4cfe000 r-xp 00003000 08:13 3170745                    /usr/lib/jvm/java-21-openjdk/lib/libnet.so
7029b4cfe000-7029b4d00000 r--p 0000a000 08:13 3170745                    /usr/lib/jvm/java-21-openjdk/lib/libnet.so
7029b4d00000-7029b4d01000 r--p 0000b000 08:13 3170745                    /usr/lib/jvm/java-21-openjdk/lib/libnet.so
7029b4d01000-7029b4d02000 rw-p 0000c000 08:13 3170745                    /usr/lib/jvm/java-21-openjdk/lib/libnet.so
7029b4d02000-7029b4d09000 r--p 00000000 08:13 3170746                    /usr/lib/jvm/java-21-openjdk/lib/libnio.so
7029b4d09000-7029b4d12000 r-xp 00007000 08:13 3170746                    /usr/lib/jvm/java-21-openjdk/lib/libnio.so
7029b4d12000-7029b4d17000 r--p 00010000 08:13 3170746                    /usr/lib/jvm/java-21-openjdk/lib/libnio.so
7029b4d17000-7029b4d18000 r--p 00014000 08:13 3170746                    /usr/lib/jvm/java-21-openjdk/lib/libnio.so
7029b4d18000-7029b4d19000 rw-p 00015000 08:13 3170746                    /usr/lib/jvm/java-21-openjdk/lib/libnio.so
7029b4d19000-7029b4d9a000 rw-p 00000000 00:00 0 
7029b4d9a000-7029b4da7000 r--p 00000000 08:13 3170730                    /usr/lib/jvm/java-21-openjdk/lib/libjava.so
7029b4da7000-7029b4db4000 r-xp 0000d000 08:13 3170730                    /usr/lib/jvm/java-21-openjdk/lib/libjava.so
7029b4db4000-7029b4db9000 r--p 0001a000 08:13 3170730                    /usr/lib/jvm/java-21-openjdk/lib/libjava.so
7029b4db9000-7029b4dba000 r--p 0001e000 08:13 3170730                    /usr/lib/jvm/java-21-openjdk/lib/libjava.so
7029b4dba000-7029b4dbb000 rw-p 0001f000 08:13 3170730                    /usr/lib/jvm/java-21-openjdk/lib/libjava.so
7029b4dbb000-7029b4dbc000 rw-p 00000000 00:00 0 
7029b4dbc000-7029b4dc0000 r--p 00000000 08:13 2630747                    /usr/lib/libgcc_s.so.1
7029b4dc0000-7029b4ddb000 r-xp 00004000 08:13 2630747                    /usr/lib/libgcc_s.so.1
7029b4ddb000-7029b4ddf000 r--p 0001f000 08:13 2630747                    /usr/lib/libgcc_s.so.1
7029b4ddf000-7029b4de0000 r--p 00022000 08:13 2630747                    /usr/lib/libgcc_s.so.1
7029b4de0000-7029b4de1000 rw-p 00023000 08:13 2630747                    /usr/lib/libgcc_s.so.1
7029b4de1000-7029b4def000 r--p 00000000 08:13 2629953                    /usr/lib/libm.so.6
7029b4def000-7029b4e6f000 r-xp 0000e000 08:13 2629953                    /usr/lib/libm.so.6
7029b4e6f000-7029b4ecb000 r--p 0008e000 08:13 2629953                    /usr/lib/libm.so.6
7029b4ecb000-7029b4ecc000 r--p 000e9000 08:13 2629953                    /usr/lib/libm.so.6
7029b4ecc000-7029b4ecd000 rw-p 000ea000 08:13 2629953                    /usr/lib/libm.so.6
7029b4ecd000-7029b4ed0000 rw-p 00000000 00:00 0 
7029b4ed0000-7029b4ed3000 r--p 00000000 08:13 2642014                    /usr/lib/libz.so.1.3.1
7029b4ed3000-7029b4ee1000 r-xp 00003000 08:13 2642014                    /usr/lib/libz.so.1.3.1
7029b4ee1000-7029b4ee8000 r--p 00011000 08:13 2642014                    /usr/lib/libz.so.1.3.1
7029b4ee8000-7029b4ee9000 r--p 00017000 08:13 2642014                    /usr/lib/libz.so.1.3.1
7029b4ee9000-7029b4eea000 rw-p 00018000 08:13 2642014                    /usr/lib/libz.so.1.3.1
7029b4eea000-7029b4f0e000 r--p 00000000 08:13 2629943                    /usr/lib/libc.so.6
7029b4f0e000-7029b5069000 r-xp 00024000 08:13 2629943                    /usr/lib/libc.so.6
7029b5069000-7029b50be000 r--p 0017f000 08:13 2629943                    /usr/lib/libc.so.6
7029b50be000-7029b50c2000 r--p 001d3000 08:13 2629943                    /usr/lib/libc.so.6
7029b50c2000-7029b50c4000 rw-p 001d7000 08:13 2629943                    /usr/lib/libc.so.6
7029b50c4000-7029b50cc000 rw-p 00000000 00:00 0 
7029b50cd000-7029b50ce000 r--p 00000000 08:13 2629979                    /usr/lib/libutil.so.1
7029b50ce000-7029b50cf000 r-xp 00001000 08:13 2629979                    /usr/lib/libutil.so.1
7029b50cf000-7029b50d0000 r--p 00002000 08:13 2629979                    /usr/lib/libutil.so.1
7029b50d0000-7029b50d1000 r--p 00002000 08:13 2629979                    /usr/lib/libutil.so.1
7029b50d1000-7029b50d2000 rw-p 00003000 08:13 2629979                    /usr/lib/libutil.so.1
7029b50d2000-7029b50da000 rw-p 00000000 00:00 0 
7029b50da000-7029b50e1000 ---p 00000000 00:00 0 
7029b50e1000-7029b50e9000 rw-s 00000000 00:24 41614                      /tmp/hsperfdata_zak/179022
7029b50e9000-7029b50ea000 ---p 00000000 00:00 0 
7029b50ea000-7029b50eb000 r--p 00000000 00:00 0 
7029b50eb000-7029b50ec000 ---p 00000000 00:00 0 
7029b50ec000-7029b50ee000 r--p 00000000 08:13 3170734                    /usr/lib/jvm/java-21-openjdk/lib/libjimage.so
7029b50ee000-7029b50f0000 r-xp 00002000 08:13 3170734                    /usr/lib/jvm/java-21-openjdk/lib/libjimage.so
7029b50f0000-7029b50f1000 r--p 00004000 08:13 3170734                    /usr/lib/jvm/java-21-openjdk/lib/libjimage.so
7029b50f1000-7029b50f2000 r--p 00004000 08:13 3170734                    /usr/lib/jvm/java-21-openjdk/lib/libjimage.so
7029b50f2000-7029b50f3000 rw-p 00005000 08:13 3170734                    /usr/lib/jvm/java-21-openjdk/lib/libjimage.so
7029b50f3000-7029b50f5000 r--p 00000000 08:13 3170735                    /usr/lib/jvm/java-21-openjdk/lib/libjli.so
7029b50f5000-7029b50fe000 r-xp 00002000 08:13 3170735                    /usr/lib/jvm/java-21-openjdk/lib/libjli.so
7029b50fe000-7029b5101000 r--p 0000b000 08:13 3170735                    /usr/lib/jvm/java-21-openjdk/lib/libjli.so
7029b5101000-7029b5102000 r--p 0000d000 08:13 3170735                    /usr/lib/jvm/java-21-openjdk/lib/libjli.so
7029b5102000-7029b5103000 rw-p 0000e000 08:13 3170735                    /usr/lib/jvm/java-21-openjdk/lib/libjli.so
7029b5103000-7029b5105000 rw-p 00000000 00:00 0 
7029b5105000-7029b5106000 r--p 00000000 08:13 2629934                    /usr/lib/ld-linux-x86-64.so.2
7029b5106000-7029b512d000 r-xp 00001000 08:13 2629934                    /usr/lib/ld-linux-x86-64.so.2
7029b512d000-7029b5138000 r--p 00028000 08:13 2629934                    /usr/lib/ld-linux-x86-64.so.2
7029b5138000-7029b513a000 r--p 00032000 08:13 2629934                    /usr/lib/ld-linux-x86-64.so.2
7029b513a000-7029b513c000 rw-p 00034000 08:13 2629934                    /usr/lib/ld-linux-x86-64.so.2
7fff749ef000-7fff74a11000 rw-p 00000000 00:00 0                          [stack]
7fff74b5e000-7fff74b62000 r--p 00000000 00:00 0                          [vvar]
7fff74b62000-7fff74b64000 r-xp 00000000 00:00 0                          [vdso]
ffffffffff600000-ffffffffff601000 --xp 00000000 00:00 0                  [vsyscall]
Total number of mappings: 268


VM Arguments:
jvm_args: -Xmx64m -Xms64m -Dorg.gradle.appname=gradlew 
java_command: org.gradle.wrapper.GradleWrapperMain bootrun
java_class_path (initial): /home/zak/Desktop/myDesk/javaProjects/el_meyloud_RE/api/gradle/wrapper/gradle-wrapper.jar
Launcher Type: SUN_STANDARD

[Global flags]
     intx CICompilerCount                          = 3                                         {product} {ergonomic}
     uint ConcGCThreads                            = 1                                         {product} {ergonomic}
     uint G1ConcRefinementThreads                  = 4                                         {product} {ergonomic}
   size_t G1HeapRegionSize                         = 1048576                                   {product} {ergonomic}
    uintx GCDrainStackTargetSize                   = 64                                        {product} {ergonomic}
   size_t InitialHeapSize                          = 67108864                                  {product} {command line}
   size_t MarkStackSize                            = 4194304                                   {product} {ergonomic}
   size_t MaxHeapSize                              = 67108864                                  {product} {command line}
   size_t MaxNewSize                               = 39845888                                  {product} {ergonomic}
   size_t MinHeapDeltaBytes                        = 1048576                                   {product} {ergonomic}
   size_t MinHeapSize                              = 67108864                                  {product} {command line}
    uintx NonNMethodCodeHeapSize                   = 5832780                                {pd product} {ergonomic}
    uintx NonProfiledCodeHeapSize                  = 122912730                              {pd product} {ergonomic}
    uintx ProfiledCodeHeapSize                     = 122912730                              {pd product} {ergonomic}
    uintx ReservedCodeCacheSize                    = 251658240                              {pd product} {ergonomic}
     bool SegmentedCodeCache                       = true                                      {product} {ergonomic}
   size_t SoftMaxHeapSize                          = 67108864                               {manageable} {ergonomic}
     bool UseCompressedOops                        = true                           {product lp64_product} {ergonomic}
     bool UseG1GC                                  = true                                      {product} {ergonomic}

Logging:
Log output configuration:
 #0: stdout all=warning uptime,level,tags foldmultilines=false
 #1: stderr all=off uptime,level,tags foldmultilines=false

Environment Variables:
PATH=/usr/local/sbin:/usr/local/bin:/usr/bin:/opt/android-sdk/cmdline-tools/latest/bin:/opt/android-sdk/platform-tools:/opt/android-sdk/tools:/opt/android-sdk/tools/bin:/usr/lib/jvm/default/bin:/usr/bin/site_perl:/usr/bin/vendor_perl:/usr/bin/core_perl:/home/zak/.fzf/bin
SHELL=/usr/bin/zsh
DISPLAY=:1
LANG=en_US.UTF-8
LC_TIME=C
TERM=xterm-256color

Active Locale:
LC_ALL=LC_CTYPE=en_US.UTF-8;LC_NUMERIC=en_US.UTF-8;LC_TIME=C;LC_COLLATE=en_US.UTF-8;LC_MONETARY=en_US.UTF-8;LC_MESSAGES=en_US.UTF-8;LC_PAPER=C;LC_NAME=en_US.UTF-8;LC_ADDRESS=en_US.UTF-8;LC_TELEPHONE=en_US.UTF-8;LC_MEASUREMENT=C;LC_IDENTIFICATION=en_US.UTF-8
LC_COLLATE=en_US.UTF-8
LC_CTYPE=en_US.UTF-8
LC_MESSAGES=en_US.UTF-8
LC_MONETARY=en_US.UTF-8
LC_NUMERIC=en_US.UTF-8
LC_TIME=C

Signal Handlers:
   SIGSEGV: crash_handler in libjvm.so, mask=11100100010111111101111111111110, flags=SA_RESTART|SA_SIGINFO, unblocked
    SIGBUS: crash_handler in libjvm.so, mask=11100100010111111101111111111110, flags=SA_RESTART|SA_SIGINFO, unblocked
    SIGFPE: crash_handler in libjvm.so, mask=11100100010111111101111111111110, flags=SA_RESTART|SA_SIGINFO, unblocked
   SIGPIPE: javaSignalHandler in libjvm.so, mask=11100100010111111101111111111110, flags=SA_RESTART|SA_SIGINFO, blocked
   SIGXFSZ: javaSignalHandler in libjvm.so, mask=11100100010111111101111111111110, flags=SA_RESTART|SA_SIGINFO, blocked
    SIGILL: crash_handler in libjvm.so, mask=11100100010111111101111111111110, flags=SA_RESTART|SA_SIGINFO, unblocked
   SIGUSR2: SR_handler in libjvm.so, mask=00000000000000000000000000000000, flags=SA_RESTART|SA_SIGINFO, blocked
    SIGHUP: UserHandler in libjvm.so, mask=11100100010111111101111111111110, flags=SA_RESTART|SA_SIGINFO, blocked
    SIGINT: UserHandler in libjvm.so, mask=11100100010111111101111111111110, flags=SA_RESTART|SA_SIGINFO, blocked
   SIGTERM: UserHandler in libjvm.so, mask=11100100010111111101111111111110, flags=SA_RESTART|SA_SIGINFO, blocked
   SIGQUIT: UserHandler in libjvm.so, mask=11100100010111111101111111111110, flags=SA_RESTART|SA_SIGINFO, blocked
   SIGTRAP: crash_handler in libjvm.so, mask=11100100010111111101111111111110, flags=SA_RESTART|SA_SIGINFO, unblocked


Periodic native trim disabled

---------------  S Y S T E M  ---------------

OS:
NAME="Arch Linux"
PRETTY_NAME="Arch Linux"
ID=arch
BUILD_ID=rolling
ANSI_COLOR="38;2;23;147;209"
HOME_URL="https://archlinux.org/"
DOCUMENTATION_URL="https://wiki.archlinux.org/"
SUPPORT_URL="https://bbs.archlinux.org/"
BUG_REPORT_URL="https://gitlab.archlinux.org/groups/archlinux/-/issues"
PRIVACY_POLICY_URL="https://terms.archlinux.org/docs/privacy-policy/"
LOGO=archlinux-logo
uname: Linux 6.7.9-arch1-1 #1 SMP PREEMPT_DYNAMIC Fri, 08 Mar 2024 01:59:01 +0000 x86_64
OS uptime: 1 days 20:15 hours
libc: glibc 2.39 NPTL 2.39 
rlimit (soft/hard): STACK 8192k/infinity , CORE infinity/infinity , NPROC 29318/29318 , NOFILE 524288/524288 , AS infinity/infinity , CPU infinity/infinity , DATA infinity/infinity , FSIZE infinity/infinity , MEMLOCK 8192k/8192k
load average: 0.72 0.96 1.25

/proc/meminfo:
MemTotal:        7527968 kB
MemFree:          604888 kB
MemAvailable:    1337784 kB
Buffers:           65336 kB
Cached:          1974780 kB
SwapCached:       650092 kB
Active:          2648300 kB
Inactive:        1946520 kB
Active(anon):    2319772 kB
Inactive(anon):  1372952 kB
Active(file):     328528 kB
Inactive(file):   573568 kB
Unevictable:      246284 kB
Mlocked:              92 kB
SwapTotal:      16777208 kB
SwapFree:        9095984 kB
Zswap:           1437048 kB
Zswapped:        7174800 kB
Dirty:               304 kB
Writeback:             0 kB
AnonPages:       2736048 kB
Mapped:           473404 kB
Shmem:           1137848 kB
KReclaimable:     126020 kB
Slab:             423704 kB
SReclaimable:     126020 kB
SUnreclaim:       297684 kB
KernelStack:       31568 kB
PageTables:        83372 kB
SecPageTables:         0 kB
NFS_Unstable:          0 kB
Bounce:                0 kB
WritebackTmp:          0 kB
CommitLimit:    20541192 kB
Committed_AS:   24757500 kB
VmallocTotal:   34359738367 kB
VmallocUsed:       70416 kB
VmallocChunk:          0 kB
Percpu:             2624 kB
HardwareCorrupted:     0 kB
AnonHugePages:    419840 kB
ShmemHugePages:        0 kB
ShmemPmdMapped:        0 kB
FileHugePages:     38912 kB
FilePmdMapped:     38912 kB
CmaTotal:              0 kB
CmaFree:               0 kB
Unaccepted:            0 kB
HugePages_Total:       0
HugePages_Free:        0
HugePages_Rsvd:        0
HugePages_Surp:        0
Hugepagesize:       2048 kB
Hugetlb:               0 kB
DirectMap4k:      163892 kB
DirectMap2M:     5513216 kB
DirectMap1G:     2097152 kB

/sys/kernel/mm/transparent_hugepage/enabled: [always] madvise never
/sys/kernel/mm/transparent_hugepage/defrag (defrag/compaction efforts parameter): always defer defer+madvise [madvise] never

Process Memory:
Virtual Size: 3198244K (peak: 3198468K)
Resident Set Size: 47640K (peak: 117360K) (anon: 28672K, file: 18952K, shmem: 16K)
Swapped out: 79576K
C-Heap outstanding allocations: 24111K, retained: 17940K
glibc malloc tunables: (default)

/proc/sys/kernel/threads-max (system-wide limit on the number of threads): 58637
/proc/sys/vm/max_map_count (maximum number of memory map areas a process may have): 65530
/proc/sys/kernel/pid_max (system-wide limit on number of process identifiers): 4194304

container (cgroup) information:
container_type: cgroupv2
cpu_cpuset_cpus: not supported
cpu_memory_nodes: not supported
active_processor_count: 4
cpu_quota: not supported
cpu_period: not supported
cpu_shares: not supported
memory_limit_in_bytes: unlimited
memory_and_swap_limit_in_bytes: unlimited
memory_soft_limit_in_bytes: unlimited
memory_usage_in_bytes: 2648640 k
memory_max_usage_in_bytes: not supported
memory_swap_current_in_bytes: 4814076 k
memory_swap_max_limit_in_bytes: unlimited
maximum number of tasks: 8795
current number of tasks: 628

Steal ticks since vm start: 0
Steal ticks percentage since vm start:  0.000

CPU: total 4 (initial active 4) (2 cores per cpu, 2 threads per core) family 6 model 78 stepping 3 microcode 0xea, cx8, cmov, fxsr, ht, mmx, 3dnowpref, sse, sse2, sse3, ssse3, sse4.1, sse4.2, popcnt, lzcnt, tsc, tscinvbit, avx, avx2, aes, erms, clmul, bmi1, bmi2, adx, fma, vzeroupper, clflush, clflushopt, rdtscp, f16c
CPU Model and flags from /proc/cpuinfo:
model name	: Intel(R) Core(TM) i5-6300U CPU @ 2.40GHz
flags		: fpu vme de pse tsc msr pae mce cx8 apic sep mtrr pge mca cmov pat pse36 clflush dts acpi mmx fxsr sse sse2 ss ht tm pbe syscall nx pdpe1gb rdtscp lm constant_tsc art arch_perfmon pebs bts rep_good nopl xtopology nonstop_tsc cpuid aperfmperf pni pclmulqdq dtes64 monitor ds_cpl vmx smx est tm2 ssse3 sdbg fma cx16 xtpr pdcm pcid sse4_1 sse4_2 x2apic movbe popcnt tsc_deadline_timer aes xsave avx f16c rdrand lahf_lm abm 3dnowprefetch cpuid_fault epb pti ssbd ibrs ibpb stibp tpr_shadow flexpriority ept vpid ept_ad fsgsbase tsc_adjust bmi1 avx2 smep bmi2 erms invpcid mpx rdseed adx smap clflushopt intel_pt xsaveopt xsavec xgetbv1 xsaves dtherm ida arat pln pts hwp hwp_notify hwp_act_window hwp_epp vnmi md_clear flush_l1d

Online cpus: 0-3
Offline cpus: 
BIOS frequency limitation: <Not Available>
Frequency switch latency (ns): 0
Available cpu frequencies: <Not Available>
Current governor: powersave
Core performance/turbo boost: <Not Available>

Memory: 4k page, physical 7527968k(1337532k free), swap 16777208k(9096240k free)
Page Sizes: 4k

vm_info: OpenJDK 64-Bit Server VM (21.0.2+13) for linux-amd64 JRE (21.0.2+13), built on 2024-01-31T10:43:53Z by "builduser" with gcc 13.2.1 20230801

END.
