#
# A fatal error has been detected by the Java Runtime Environment:
#
#  SIGSEGV (0xb) at pc=0x00000000000021a6, pid=176978, tid=177008
#
# JRE version: OpenJDK Runtime Environment (21.0.2+13) (build 21.0.2+13)
# Java VM: OpenJDK 64-Bit Server VM (21.0.2+13, mixed mode, sharing, tiered, compressed oops, compressed class ptrs, g1 gc, linux-amd64)
# Problematic frame:
# 
[error occurred during error reporting (printing problematic frame), id 0xb, SIGSEGV (0xb) at pc=0x000075d2db85041e]
# Core dump will be written. Default location: Core dumps may be processed with "/usr/lib/systemd/systemd-coredump %P %u %g %s %t %c %h" (or dumping to /home/zak/Desktop/myDesk/javaProjects/el_meyloud_RE/api/core.176978)
#
# If you would like to submit a bug report, please visit:
#   https://bugreport.java.com/bugreport/crash.jsp
# The crash happened outside the Java Virtual Machine in native code.
# See problematic frame for where to report the bug.
#

---------------  S U M M A R Y ------------

Command Line: -Xmx64m -Xms64m -Dorg.gradle.appname=gradlew org.gradle.wrapper.GradleWrapperMain build --continuous -xtest

Host: Intel(R) Core(TM) i5-6300U CPU @ 2.40GHz, 4 cores, 7G, Arch Linux
Time: Sat May 11 17:32:47 2024 CET elapsed time: 45611.763389 seconds (0d 12h 40m 11s)

---------------  T H R E A D  ---------------

Current thread (0x000075d2d4869900):  JavaThread "pool-1-thread-1"        [_thread_in_native, id=177008, stack(0x000075d2bc15d000,0x000075d2bc25d000) (1024K)]

Stack: [0x000075d2bc15d000,0x000075d2bc25d000],  sp=0x000075d2bc25b550,  free space=1017k
Native frames: (J=compiled Java code, j=interpreted, Vv=VM code, C=native code)

[error occurred during error reporting (printing native stack (with source info)), id 0xb, SIGSEGV (0xb) at pc=0x000075d2db85041e]

Retrying call stack printing without source information...
Native frames: (J=compiled Java code, j=interpreted, Vv=VM code, C=native code)

[error occurred during error reporting (retry printing native stack (no source info)), id 0xb, SIGSEGV (0xb) at pc=0x000075d2db85041e]
Java frames: (J=compiled Java code, j=interpreted, Vv=VM code)
J 1513  net.rubygrapefruit.platform.internal.jni.PosixTerminalFunctions.getTerminalSize(ILnet/rubygrapefruit/platform/internal/MutableTerminalSize;Lnet/rubygrapefruit/platform/internal/FunctionResult;)V (0 bytes) @ 0x000075d2c4342da1 [0x000075d2c4342d20+0x0000000000000081]
J 2032 c2 org.gradle.internal.logging.console.ProgressBar.formatProgress(ZJ)Ljava/util/List; (328 bytes) @ 0x000075d2c4409fc0 [0x000075d2c4409220+0x0000000000000da0]
J 1957 c2 org.gradle.internal.logging.console.BuildStatusRenderer.renderNow(J)V (43 bytes) @ 0x000075d2c43e35b4 [0x000075d2c43e3540+0x0000000000000074]
J 1934 c2 org.gradle.internal.logging.console.BuildStatusRenderer.onOutput(Lorg/gradle/internal/logging/events/OutputEvent;)V (350 bytes) @ 0x000075d2c43d4984 [0x000075d2c43d4580+0x0000000000000404]
J 1791 c2 org.gradle.internal.logging.console.ThrottlingOutputEventListener.renderNow()V (40 bytes) @ 0x000075d2c438ea3c [0x000075d2c438e820+0x000000000000021c]
J 2033 c2 java.util.concurrent.Executors$RunnableAdapter.call()Ljava/lang/Object; java.base@21.0.2 (14 bytes) @ 0x000075d2c440f6dc [0x000075d2c440f380+0x000000000000035c]
J 1899 c2 java.util.concurrent.ScheduledThreadPoolExecutor$ScheduledFutureTask.run()V java.base@21.0.2 (57 bytes) @ 0x000075d2c43bc3ec [0x000075d2c43bc2e0+0x000000000000010c]
J 2094% c2 java.util.concurrent.ThreadPoolExecutor.runWorker(Ljava/util/concurrent/ThreadPoolExecutor$Worker;)V java.base@21.0.2 (187 bytes) @ 0x000075d2c4436424 [0x000075d2c44361a0+0x0000000000000284]
j  java.util.concurrent.ThreadPoolExecutor$Worker.run()V+5 java.base@21.0.2
j  java.lang.Thread.runWith(Ljava/lang/Object;Ljava/lang/Runnable;)V+5 java.base@21.0.2
j  java.lang.Thread.run()V+19 java.base@21.0.2
v  ~StubRoutines::call_stub 0x000075d2c3d37cc6

siginfo: si_signo: 11 (SIGSEGV), si_code: 1 (SEGV_MAPERR), si_addr: 0x00000000000021a6

Registers:
RAX=0x0000000000000000, RBX=0x000075d2bc25b690, RCX=0x0000000000000001, RDX=0x000075d2bc25b590
RSP=0x000075d2bc25b548, RBP=0x000075d2bc25b5c0, RSI=0x0000000000005413, RDI=0x0000000000000001
R8 =0x000075d2bc25b5e0, R9 =0x00000000ff58e1f8, R10=0x000075d2c4342da1, R11=0x00000000fc69c818
R12=0x0000000000000000, R13=0x00000000ff58e1c0, R14=0x000075d2bc25b600, R15=0x000075d2d4869900
RIP=0x00000000000021a6, EFLAGS=0x0000000000010246, CSGSFS=0x002b000000000033, ERR=0x0000000000000014
  TRAPNO=0x000000000000000e


Register to memory mapping:

RAX=0x0 is null
RBX=0x000075d2bc25b690 is pointing into the stack for thread: 0x000075d2d4869900
RCX=0x0000000000000001 is an unknown value
RDX=0x000075d2bc25b590 is pointing into the stack for thread: 0x000075d2d4869900
RSP=0x000075d2bc25b548 is pointing into the stack for thread: 0x000075d2d4869900
RBP=0x000075d2bc25b5c0 is pointing into the stack for thread: 0x000075d2d4869900
RSI=0x0000000000005413 is an unknown value
RDI=0x0000000000000001 is an unknown value
R8 =0x000075d2bc25b5e0 is pointing into the stack for thread: 0x000075d2d4869900
R9 =0x00000000ff58e1f8 is an oop: net.rubygrapefruit.platform.internal.MutableTerminalSize 
{0x00000000ff58e1f8} - klass: 'net/rubygrapefruit/platform/internal/MutableTerminalSize'
 - ---- fields (total size 3 words):
 - 'rows' 'I' @12  0 (0x00000000)
 - 'cols' 'I' @16  0 (0x00000000)
R10=0x000075d2c4342da1 is at entry_point+129 in (nmethod*)0x000075d2c4342b90
Compiled method (n/a) 45611772 1513     n 0       net.rubygrapefruit.platform.internal.jni.PosixTerminalFunctions::getTerminalSize (native)
 total in heap  [0x000075d2c4342b90,0x000075d2c4342f20] = 912
 relocation     [0x000075d2c4342ce8,0x000075d2c4342d20] = 56
 main code      [0x000075d2c4342d20,0x000075d2c4342f11] = 497
 stub code      [0x000075d2c4342f11,0x000075d2c4342f18] = 7
 oops           [0x000075d2c4342f18,0x000075d2c4342f20] = 8
R11=0x00000000fc69c818 is an oop: net.rubygrapefruit.platform.internal.TerminfoTerminal 
{0x00000000fc69c818} - klass: 'net/rubygrapefruit/platform/internal/TerminfoTerminal'
 - ---- fields (total size 11 words):
 - private 'ansiTerminal' 'Z' @12  true (0x01)
 - private 'bright' 'Z' @13  false (0x00)
 - private final 'output' 'Lnet/rubygrapefruit/platform/terminal/Terminals$Output;' @16  a 'net/rubygrapefruit/platform/terminal/Terminals$Output'{0x00000000fc69c870} (0xfc69c870)
 - private final 'capabilities' 'Lnet/rubygrapefruit/platform/internal/TerminalCapabilities;' @20  a 'net/rubygrapefruit/platform/internal/TerminalCapabilities'{0x00000000fc69c8b8} (0xfc69c8b8)
 - private final 'outputStream' 'Ljava/io/OutputStream;' @24  a 'java/io/FileOutputStream'{0x00000000fc69b988} (0xfc69b988)
 - private final 'lock' 'Ljava/lang/Object;' @28  a 'java/lang/Object'{0x00000000fc69c900} (0xfc69c900)
 - private 'foregroundColors' 'Ljava/util/Map;' @32  a 'java/util/HashMap'{0x00000000fc69c910} (0xfc69c910)
 - private 'boldOn' '[B' @36  [B{0x00000000fc69c940} (0xfc69c940)
 - private 'dim' '[B' @40  [B{0x00000000fc69c958} (0xfc69c958)
 - private 'defaultForeground' '[B' @44  [B{0x00000000fc69c970} (0xfc69c970)
 - private 'reset' '[B' @48  [B{0x00000000fc69c988} (0xfc69c988)
 - private 'hideCursor' '[B' @52  [B{0x00000000fc69c9a0} (0xfc69c9a0)
 - private 'showCursor' '[B' @56  [B{0x00000000fc69c9b8} (0xfc69c9b8)
 - private 'up' '[B' @60  [B{0x00000000fc69c9d8} (0xfc69c9d8)
 - private 'down' '[B' @64  [B{0x00000000fc69c9f0} (0xfc69c9f0)
 - private 'left' '[B' @68  [B{0x00000000fc69ca08} (0xfc69ca08)
 - private 'right' '[B' @72  [B{0x00000000fc69ca20} (0xfc69ca20)
 - private 'startLine' '[B' @76  [B{0x00000000fc69ca38} (0xfc69ca38)
 - private 'clearEOL' '[B' @80  [B{0x00000000fc69ca50} (0xfc69ca50)
 - private 'foreground' 'Lnet/rubygrapefruit/platform/terminal/TerminalOutput$Color;' @84  null (0x00000000)
R12=0x0 is null
R13=0x00000000ff58e1c0 is an oop: java.lang.String 
{0x00000000ff58e1c0} - klass: 'java/lang/String'
 - string: "22h 4m 6s"
 - ---- fields (total size 3 words):
 - private 'hash' 'I' @12  0 (0x00000000)
 - private final 'coder' 'B' @16  0 (0x00)
 - private 'hashIsZero' 'Z' @17  false (0x00)
 - injected 'flags' 'B' @18  0 (0x00)
 - private final 'value' '[B' @20  [B{0x00000000ff58e1d8} (0xff58e1d8)
R14=0x000075d2bc25b600 is pointing into the stack for thread: 0x000075d2d4869900
R15=0x000075d2d4869900 is a thread

Top of Stack: (sp=0x000075d2bc25b548)
0x000075d2bc25b548:   000075d2b5a039db 0000000000000000
0x000075d2bc25b558:   000075d2bc25b5e0 000075d2bc25b5d8
0x000075d2bc25b568:   00000000d4869900 000075d2bc25b600
0x000075d2bc25b578:   000075d2d4869cb8 0000000000000042
0x000075d2bc25b588:   00000000fc69cba8 000075d2bc25b5e0
0x000075d2bc25b598:   000075d2c438f47f 00000000fc69b8f0
0x000075d2bc25b5a8:   00000000fc69ba18 0000000000000007
0x000075d2bc25b5b8:   802edaed565d1800 000075d2bc25b610
0x000075d2bc25b5c8:   000075d2c4342e18 00000000ff58c5d8
0x000075d2bc25b5d8:   00000000ff58e1f8 00000000ff58e210
0x000075d2bc25b5e8:   00000000ff58e188 00000000fc69c1c0
0x000075d2bc25b5f8:   ffffffffffffff92 00000000fca48c88
0x000075d2bc25b608:   000075d2bc25b730 00000000fc69c900
0x000075d2bc25b618:   000075d2c4409fc0 0000000000000002
0x000075d2bc25b628:   fc69c90000000001 000075d2d98ad000
0x000075d2bc25b638:   00000000ff58e1c0 00000000fc69c818
0x000075d2bc25b648:   00000000ffa38318 00000000fc69c900
0x000075d2bc25b658:   00000000ff58e1f8 00000000ff58e210
0x000075d2bc25b668:   000075d2bc25b670 000075d2db7874c0
0x000075d2bc25b678:   000075d2bc25b690 0000000000000003
0x000075d2bc25b688:   0000000000000000 0000000000000009
0x000075d2bc25b698:   000075d2d4869f48 00000000fc69cb80
0x000075d2bc25b6a8:   000075d2c43e35b4 00000000fc8ee2b0
0x000075d2bc25b6b8:   00000000fc69b6b8 0000000000016389
0x000075d2bc25b6c8:   00000000ff58e0e8 00000000ff58e0d8
0x000075d2bc25b6d8:   00000000fc8ee2f0 000000000013afbf
0x000075d2bc25b6e8:   00000000fc8ee600 00000000ff58e118
0x000075d2bc25b6f8:   00000000ff58e0e8 0000000000000001
0x000075d2bc25b708:   000075d2d4869f18 000075d2d4867c80
0x000075d2bc25b718:   000075d2d4869f20 0000000000000000
0x000075d2bc25b728:   000075d2c43d4984 00000000010abf28
0x000075d2bc25b738:   010abf281ae9785a 00000000fc8ee2b0 

Instructions: (pc=0x000075d2b5a039db)
0x000075d2b5a038db:   ff ff 90 c9 c3 55 48 89 e5 48 81 ec c0 00 00 00
0x000075d2b5a038eb:   48 89 bd 58 ff ff ff 48 89 b5 50 ff ff ff 89 95
0x000075d2b5a038fb:   4c ff ff ff 64 48 8b 04 25 28 00 00 00 48 89 45
0x000075d2b5a0390b:   f8 31 c0 8b 85 4c ff ff ff 83 f8 01 74 43 83 f8
0x000075d2b5a0391b:   02 74 06 85 c0 74 1e eb 54 bf 00 00 00 00 e8 02
0x000075d2b5a0392b:   e7 ff ff 85 c0 74 07 b8 01 00 00 00 eb 44 b8 00
0x000075d2b5a0393b:   00 00 00 eb 3d bf 01 00 00 00 e8 e6 e6 ff ff 85
0x000075d2b5a0394b:   c0 74 07 b8 01 00 00 00 eb 28 b8 00 00 00 00 eb
0x000075d2b5a0395b:   21 bf 02 00 00 00 e8 ca e6 ff ff 85 c0 74 07 b8
0x000075d2b5a0396b:   01 00 00 00 eb 0c b8 00 00 00 00 eb 05 b8 00 00
0x000075d2b5a0397b:   00 00 48 8b 4d f8 64 48 33 0c 25 28 00 00 00 74
0x000075d2b5a0398b:   05 e8 6f e7 ff ff c9 c3 55 48 89 e5 48 83 ec 70
0x000075d2b5a0399b:   48 89 7d b8 48 89 75 b0 89 55 ac 48 89 4d a0 4c
0x000075d2b5a039ab:   89 45 98 64 48 8b 04 25 28 00 00 00 48 89 45 f8
0x000075d2b5a039bb:   31 c0 8b 45 ac 8d 48 01 48 8d 45 d0 48 89 c2 be
0x000075d2b5a039cb:   13 54 00 00 89 cf b8 00 00 00 00 e8 c5 e7 ff ff
0x000075d2b5a039db:   89 45 cc 83 7d cc 00 74 1c 48 8b 55 98 48 8b 45
0x000075d2b5a039eb:   b8 48 8d 35 97 0c 00 00 48 89 c7 e8 15 e8 ff ff
0x000075d2b5a039fb:   e9 91 00 00 00 48 8b 55 a0 48 8b 45 b8 48 89 d6
0x000075d2b5a03a0b:   48 89 c7 e8 cd e7 ff ff 48 89 45 e0 48 8b 75 e0
0x000075d2b5a03a1b:   48 8b 45 b8 48 8d 0d db 0a 00 00 48 8d 15 7b 0c
0x000075d2b5a03a2b:   00 00 48 89 c7 e8 5b e7 ff ff 48 89 45 e8 0f b7
0x000075d2b5a03a3b:   45 d2 0f b7 c8 48 8b 55 e8 48 8b 75 a0 48 8b 45
0x000075d2b5a03a4b:   b8 48 89 c7 e8 ec e5 ff ff 48 8b 75 e0 48 8b 45
0x000075d2b5a03a5b:   b8 48 8d 0d 9e 0a 00 00 48 8d 15 43 0c 00 00 48
0x000075d2b5a03a6b:   89 c7 e8 1e e7 ff ff 48 89 45 f0 0f b7 45 d0 0f
0x000075d2b5a03a7b:   b7 c8 48 8b 55 f0 48 8b 75 a0 48 8b 45 b8 48 89
0x000075d2b5a03a8b:   c7 e8 af e5 ff ff 48 8b 45 f8 64 48 33 04 25 28
0x000075d2b5a03a9b:   00 00 00 74 05 e8 5b e6 ff ff c9 c3 55 48 89 e5
0x000075d2b5a03aab:   48 83 ec 70 48 89 7d a8 48 89 75 a0 48 89 55 98
0x000075d2b5a03abb:   64 48 8b 04 25 28 00 00 00 48 89 45 f8 31 c0 48
0x000075d2b5a03acb:   8b 05 0f 25 20 00 8b 00 85 c0 75 21 48 8b 05 ea 


Stack slot to memory mapping:

stack at sp + 0 slots: 0x0 is null
stack at sp + 1 slots: 0x000075d2bc25b5e0 is pointing into the stack for thread: 0x000075d2d4869900
stack at sp + 2 slots: 0x000075d2bc25b5d8 is pointing into the stack for thread: 0x000075d2d4869900
stack at sp + 3 slots: 0x00000000d4869900 is an unknown value
stack at sp + 4 slots: 0x000075d2bc25b600 is pointing into the stack for thread: 0x000075d2d4869900
stack at sp + 5 slots: 0x000075d2d4869cb8 points into unknown readable memory: 0x000075d2db65b440 | 40 b4 65 db d2 75 00 00
stack at sp + 6 slots: 0x0000000000000042 is an unknown value
stack at sp + 7 slots: 0x00000000fc69cba8 is an oop: org.gradle.internal.logging.console.Cursor 
{0x00000000fc69cba8} - klass: 'org/gradle/internal/logging/console/Cursor'
 - ---- fields (total size 3 words):
 - 'col' 'I' @12  42 (0x0000002a)
 - 'row' 'I' @16  2 (0x00000002)


[error occurred during error reporting (printing code blobs if possible), id 0xb, SIGSEGV (0xb) at pc=0x000075d2db93b5de]

---------------  P R O C E S S  ---------------

Threads class SMR info:
_java_thread_list=0x000075d210091a10, length=13, elements={
0x000075d2d40168e0, 0x000075d2d40bf0e0, 0x000075d2d40c0850, 0x000075d2d40c2330,
0x000075d2d40c3970, 0x000075d2d40c4f10, 0x000075d2d40c6a50, 0x000075d2d40c8110,
0x000075d2d40d6320, 0x000075d2d40da370, 0x000075d2d4869900, 0x000075d2d4a05ad0,
0x000075d2d4a081e0
}

Java Threads: ( => current thread )
  0x000075d2d40168e0 JavaThread "main"                              [_thread_in_native, id=176989, stack(0x000075d2d9d00000,0x000075d2d9e00000) (1024K)]
  0x000075d2d40bf0e0 JavaThread "Reference Handler"          daemon [_thread_blocked, id=176997, stack(0x000075d2d88fe000,0x000075d2d89fe000) (1024K)]
  0x000075d2d40c0850 JavaThread "Finalizer"                  daemon [_thread_blocked, id=176998, stack(0x000075d2d8500000,0x000075d2d8600000) (1024K)]
  0x000075d2d40c2330 JavaThread "Signal Dispatcher"          daemon [_thread_blocked, id=176999, stack(0x000075d2d83ff000,0x000075d2d84ff000) (1024K)]
  0x000075d2d40c3970 JavaThread "Service Thread"             daemon [_thread_blocked, id=177000, stack(0x000075d2d82fe000,0x000075d2d83fe000) (1024K)]
  0x000075d2d40c4f10 JavaThread "Monitor Deflation Thread"   daemon [_thread_blocked, id=177001, stack(0x000075d2d81fd000,0x000075d2d82fd000) (1024K)]
  0x000075d2d40c6a50 JavaThread "C2 CompilerThread0"         daemon [_thread_blocked, id=177002, stack(0x000075d2d80fc000,0x000075d2d81fc000) (1024K)]
  0x000075d2d40c8110 JavaThread "C1 CompilerThread0"         daemon [_thread_blocked, id=177003, stack(0x000075d2bc700000,0x000075d2bc800000) (1024K)]
  0x000075d2d40d6320 JavaThread "Notification Thread"        daemon [_thread_blocked, id=177004, stack(0x000075d2bc5ff000,0x000075d2bc6ff000) (1024K)]
  0x000075d2d40da370 JavaThread "Common-Cleaner"             daemon [_thread_blocked, id=177005, stack(0x000075d2bc4fe000,0x000075d2bc5fe000) (1024K)]
=>0x000075d2d4869900 JavaThread "pool-1-thread-1"                   [_thread_in_native, id=177008, stack(0x000075d2bc15d000,0x000075d2bc25d000) (1024K)]
  0x000075d2d4a05ad0 JavaThread "DisconnectableInputStream source reader" daemon [_thread_in_native, id=177017, stack(0x000075d2bc05c000,0x000075d2bc15c000) (1024K)]
  0x000075d2d4a081e0 JavaThread "Forward input"                     [_thread_blocked, id=177019, stack(0x000075d2b5f00000,0x000075d2b6000000) (1024K)]
Total: 13

Other Threads:
  0x000075d2d40b1fb0 VMThread "VM Thread"                           [id=176996, stack(0x000075d2d89ff000,0x000075d2d8aff000) (1024K)]
  0x000075d2d4097b70 WatcherThread "VM Periodic Task Thread"        [id=176995, stack(0x000075d2d8b00000,0x000075d2d8c00000) (1024K)]
  0x000075d2d4035cb0 WorkerThread "GC Thread#0"                     [id=176990, stack(0x000075d2d9526000,0x000075d2d9626000) (1024K)]
  0x000075d24c006680 WorkerThread "GC Thread#1"                     [id=177007, stack(0x000075d2bc2fc000,0x000075d2bc3fc000) (1024K)]
  0x000075d24c008ad0 WorkerThread "GC Thread#2"                     [id=177020, stack(0x000075d2b5dff000,0x000075d2b5eff000) (1024K)]
  0x000075d24c0094e0 WorkerThread "GC Thread#3"                     [id=177021, stack(0x000075d2b5cfe000,0x000075d2b5dfe000) (1024K)]
  0x000075d2d4037690 ConcurrentGCThread "G1 Main Marker"            [id=176991, stack(0x000075d2d9425000,0x000075d2d9525000) (1024K)]
  0x000075d2d4038630 WorkerThread "G1 Conc#0"                       [id=176992, stack(0x000075d2d9324000,0x000075d2d9424000) (1024K)]
  0x000075d2d407feb0 ConcurrentGCThread "G1 Refine#0"               [id=176993, stack(0x000075d2d8e1f000,0x000075d2d8f1f000) (1024K)]
  0x000075d2d4080e60 ConcurrentGCThread "G1 Service"                [id=176994, stack(0x000075d2d8d1e000,0x000075d2d8e1e000) (1024K)]
Total: 10

Threads with active compile tasks:
Total: 0

VM state: not at safepoint (normal execution)

VM Mutex/Monitor currently owned by a thread: None

Heap address: 0x00000000fc000000, size: 64 MB, Compressed Oops mode: 32-bit

CDS archive(s) mapped at: [0x000075d25f000000-0x000075d25fca6000-0x000075d25fca6000), size 13262848, SharedBaseAddress: 0x000075d25f000000, ArchiveRelocationMode: 1.
Compressed class space mapped at: 0x000075d260000000-0x000075d2a0000000, reserved size: 1073741824
Narrow klass base: 0x000075d25f000000, Narrow klass shift: 0, Narrow klass range: 0x100000000

GC Precious Log:
 CardTable entry size: 512
 Card Set container configuration: InlinePtr #cards 5 size 8 Array Of Cards #cards 12 size 40 Howl #buckets 4 coarsen threshold 1843 Howl Bitmap #cards 512 size 80 coarsen threshold 460 Card regions per heap region 1 cards per card region 2048
 CPUs: 4 total, 4 available
 Memory: 7351M
 Large Page Support: Disabled
 NUMA Support: Disabled
 Compressed Oops: Enabled (32-bit)
 Heap Region Size: 1M
 Heap Min Capacity: 64M
 Heap Initial Capacity: 64M
 Heap Max Capacity: 64M
 Pre-touch: Disabled
 Parallel Workers: 4
 Concurrent Workers: 1
 Concurrent Refinement Workers: 4
 Periodic GC: Disabled

Heap:
 garbage-first heap   total 65536K, used 20267K [0x00000000fc000000, 0x0000000100000000)
  region size 1024K, 10 young (10240K), 1 survivors (1024K)
 Metaspace       used 9458K, committed 9792K, reserved 1114112K
  class space    used 1207K, committed 1344K, reserved 1048576K

Heap Regions: E=young(eden), S=young(survivor), O=old, HS=humongous(starts), HC=humongous(continues), CS=collection set, F=free, TAMS=top-at-mark-start, PB=parsable bottom
|   0|0x00000000fc000000, 0x00000000fc100000, 0x00000000fc100000|100%| O|  |TAMS 0x00000000fc000000| PB 0x00000000fc000000| Untracked 
|   1|0x00000000fc100000, 0x00000000fc200000, 0x00000000fc200000|100%|HS|  |TAMS 0x00000000fc100000| PB 0x00000000fc100000| Complete 
|   2|0x00000000fc200000, 0x00000000fc300000, 0x00000000fc300000|100%|HC|  |TAMS 0x00000000fc200000| PB 0x00000000fc200000| Complete 
|   3|0x00000000fc300000, 0x00000000fc400000, 0x00000000fc400000|100%|HC|  |TAMS 0x00000000fc300000| PB 0x00000000fc300000| Complete 
|   4|0x00000000fc400000, 0x00000000fc500000, 0x00000000fc500000|100%|HC|  |TAMS 0x00000000fc400000| PB 0x00000000fc400000| Complete 
|   5|0x00000000fc500000, 0x00000000fc600000, 0x00000000fc600000|100%| O|  |TAMS 0x00000000fc500000| PB 0x00000000fc500000| Untracked 
|   6|0x00000000fc600000, 0x00000000fc700000, 0x00000000fc700000|100%| O|  |TAMS 0x00000000fc600000| PB 0x00000000fc600000| Untracked 
|   7|0x00000000fc700000, 0x00000000fc800000, 0x00000000fc800000|100%| O|  |TAMS 0x00000000fc700000| PB 0x00000000fc700000| Untracked 
|   8|0x00000000fc800000, 0x00000000fc900000, 0x00000000fc900000|100%| O|  |TAMS 0x00000000fc800000| PB 0x00000000fc800000| Untracked 
|   9|0x00000000fc900000, 0x00000000fca00000, 0x00000000fca00000|100%| O|  |TAMS 0x00000000fc900000| PB 0x00000000fc900000| Untracked 
|  10|0x00000000fca00000, 0x00000000fcab12c8, 0x00000000fcb00000| 69%| O|  |TAMS 0x00000000fca00000| PB 0x00000000fca00000| Untracked 
|  11|0x00000000fcb00000, 0x00000000fcb00000, 0x00000000fcc00000|  0%| F|  |TAMS 0x00000000fcb00000| PB 0x00000000fcb00000| Untracked 
|  12|0x00000000fcc00000, 0x00000000fcc00000, 0x00000000fcd00000|  0%| F|  |TAMS 0x00000000fcc00000| PB 0x00000000fcc00000| Untracked 
|  13|0x00000000fcd00000, 0x00000000fcd00000, 0x00000000fce00000|  0%| F|  |TAMS 0x00000000fcd00000| PB 0x00000000fcd00000| Untracked 
|  14|0x00000000fce00000, 0x00000000fce00000, 0x00000000fcf00000|  0%| F|  |TAMS 0x00000000fce00000| PB 0x00000000fce00000| Untracked 
|  15|0x00000000fcf00000, 0x00000000fcf00000, 0x00000000fd000000|  0%| F|  |TAMS 0x00000000fcf00000| PB 0x00000000fcf00000| Untracked 
|  16|0x00000000fd000000, 0x00000000fd000000, 0x00000000fd100000|  0%| F|  |TAMS 0x00000000fd000000| PB 0x00000000fd000000| Untracked 
|  17|0x00000000fd100000, 0x00000000fd100000, 0x00000000fd200000|  0%| F|  |TAMS 0x00000000fd100000| PB 0x00000000fd100000| Untracked 
|  18|0x00000000fd200000, 0x00000000fd200000, 0x00000000fd300000|  0%| F|  |TAMS 0x00000000fd200000| PB 0x00000000fd200000| Untracked 
|  19|0x00000000fd300000, 0x00000000fd300000, 0x00000000fd400000|  0%| F|  |TAMS 0x00000000fd300000| PB 0x00000000fd300000| Untracked 
|  20|0x00000000fd400000, 0x00000000fd400000, 0x00000000fd500000|  0%| F|  |TAMS 0x00000000fd400000| PB 0x00000000fd400000| Untracked 
|  21|0x00000000fd500000, 0x00000000fd500000, 0x00000000fd600000|  0%| F|  |TAMS 0x00000000fd500000| PB 0x00000000fd500000| Untracked 
|  22|0x00000000fd600000, 0x00000000fd600000, 0x00000000fd700000|  0%| F|  |TAMS 0x00000000fd600000| PB 0x00000000fd600000| Untracked 
|  23|0x00000000fd700000, 0x00000000fd712480, 0x00000000fd800000|  7%| S|CS|TAMS 0x00000000fd700000| PB 0x00000000fd700000| Complete 
|  24|0x00000000fd800000, 0x00000000fd800000, 0x00000000fd900000|  0%| F|  |TAMS 0x00000000fd800000| PB 0x00000000fd800000| Untracked 
|  25|0x00000000fd900000, 0x00000000fd900000, 0x00000000fda00000|  0%| F|  |TAMS 0x00000000fd900000| PB 0x00000000fd900000| Untracked 
|  26|0x00000000fda00000, 0x00000000fda00000, 0x00000000fdb00000|  0%| F|  |TAMS 0x00000000fda00000| PB 0x00000000fda00000| Untracked 
|  27|0x00000000fdb00000, 0x00000000fdb00000, 0x00000000fdc00000|  0%| F|  |TAMS 0x00000000fdb00000| PB 0x00000000fdb00000| Untracked 
|  28|0x00000000fdc00000, 0x00000000fdc00000, 0x00000000fdd00000|  0%| F|  |TAMS 0x00000000fdc00000| PB 0x00000000fdc00000| Untracked 
|  29|0x00000000fdd00000, 0x00000000fdd00000, 0x00000000fde00000|  0%| F|  |TAMS 0x00000000fdd00000| PB 0x00000000fdd00000| Untracked 
|  30|0x00000000fde00000, 0x00000000fde00000, 0x00000000fdf00000|  0%| F|  |TAMS 0x00000000fde00000| PB 0x00000000fde00000| Untracked 
|  31|0x00000000fdf00000, 0x00000000fdf00000, 0x00000000fe000000|  0%| F|  |TAMS 0x00000000fdf00000| PB 0x00000000fdf00000| Untracked 
|  32|0x00000000fe000000, 0x00000000fe000000, 0x00000000fe100000|  0%| F|  |TAMS 0x00000000fe000000| PB 0x00000000fe000000| Untracked 
|  33|0x00000000fe100000, 0x00000000fe100000, 0x00000000fe200000|  0%| F|  |TAMS 0x00000000fe100000| PB 0x00000000fe100000| Untracked 
|  34|0x00000000fe200000, 0x00000000fe200000, 0x00000000fe300000|  0%| F|  |TAMS 0x00000000fe200000| PB 0x00000000fe200000| Untracked 
|  35|0x00000000fe300000, 0x00000000fe300000, 0x00000000fe400000|  0%| F|  |TAMS 0x00000000fe300000| PB 0x00000000fe300000| Untracked 
|  36|0x00000000fe400000, 0x00000000fe400000, 0x00000000fe500000|  0%| F|  |TAMS 0x00000000fe400000| PB 0x00000000fe400000| Untracked 
|  37|0x00000000fe500000, 0x00000000fe500000, 0x00000000fe600000|  0%| F|  |TAMS 0x00000000fe500000| PB 0x00000000fe500000| Untracked 
|  38|0x00000000fe600000, 0x00000000fe600000, 0x00000000fe700000|  0%| F|  |TAMS 0x00000000fe600000| PB 0x00000000fe600000| Untracked 
|  39|0x00000000fe700000, 0x00000000fe700000, 0x00000000fe800000|  0%| F|  |TAMS 0x00000000fe700000| PB 0x00000000fe700000| Untracked 
|  40|0x00000000fe800000, 0x00000000fe800000, 0x00000000fe900000|  0%| F|  |TAMS 0x00000000fe800000| PB 0x00000000fe800000| Untracked 
|  41|0x00000000fe900000, 0x00000000fe900000, 0x00000000fea00000|  0%| F|  |TAMS 0x00000000fe900000| PB 0x00000000fe900000| Untracked 
|  42|0x00000000fea00000, 0x00000000fea00000, 0x00000000feb00000|  0%| F|  |TAMS 0x00000000fea00000| PB 0x00000000fea00000| Untracked 
|  43|0x00000000feb00000, 0x00000000feb00000, 0x00000000fec00000|  0%| F|  |TAMS 0x00000000feb00000| PB 0x00000000feb00000| Untracked 
|  44|0x00000000fec00000, 0x00000000fec00000, 0x00000000fed00000|  0%| F|  |TAMS 0x00000000fec00000| PB 0x00000000fec00000| Untracked 
|  45|0x00000000fed00000, 0x00000000fed00000, 0x00000000fee00000|  0%| F|  |TAMS 0x00000000fed00000| PB 0x00000000fed00000| Untracked 
|  46|0x00000000fee00000, 0x00000000fee00000, 0x00000000fef00000|  0%| F|  |TAMS 0x00000000fee00000| PB 0x00000000fee00000| Untracked 
|  47|0x00000000fef00000, 0x00000000fef00000, 0x00000000ff000000|  0%| F|  |TAMS 0x00000000fef00000| PB 0x00000000fef00000| Untracked 
|  48|0x00000000ff000000, 0x00000000ff000000, 0x00000000ff100000|  0%| F|  |TAMS 0x00000000ff000000| PB 0x00000000ff000000| Untracked 
|  49|0x00000000ff100000, 0x00000000ff100000, 0x00000000ff200000|  0%| F|  |TAMS 0x00000000ff100000| PB 0x00000000ff100000| Untracked 
|  50|0x00000000ff200000, 0x00000000ff200000, 0x00000000ff300000|  0%| F|  |TAMS 0x00000000ff200000| PB 0x00000000ff200000| Untracked 
|  51|0x00000000ff300000, 0x00000000ff300000, 0x00000000ff400000|  0%| F|  |TAMS 0x00000000ff300000| PB 0x00000000ff300000| Untracked 
|  52|0x00000000ff400000, 0x00000000ff400000, 0x00000000ff500000|  0%| F|  |TAMS 0x00000000ff400000| PB 0x00000000ff400000| Untracked 
|  53|0x00000000ff500000, 0x00000000ff600000, 0x00000000ff600000|100%| E|  |TAMS 0x00000000ff500000| PB 0x00000000ff500000| Complete 
|  54|0x00000000ff600000, 0x00000000ff700000, 0x00000000ff700000|100%| E|CS|TAMS 0x00000000ff600000| PB 0x00000000ff600000| Complete 
|  55|0x00000000ff700000, 0x00000000ff800000, 0x00000000ff800000|100%| E|CS|TAMS 0x00000000ff700000| PB 0x00000000ff700000| Complete 
|  56|0x00000000ff800000, 0x00000000ff900000, 0x00000000ff900000|100%| E|CS|TAMS 0x00000000ff800000| PB 0x00000000ff800000| Complete 
|  57|0x00000000ff900000, 0x00000000ffa00000, 0x00000000ffa00000|100%| E|CS|TAMS 0x00000000ff900000| PB 0x00000000ff900000| Complete 
|  58|0x00000000ffa00000, 0x00000000ffb00000, 0x00000000ffb00000|100%| E|CS|TAMS 0x00000000ffa00000| PB 0x00000000ffa00000| Complete 
|  59|0x00000000ffb00000, 0x00000000ffc00000, 0x00000000ffc00000|100%| E|CS|TAMS 0x00000000ffb00000| PB 0x00000000ffb00000| Complete 
|  60|0x00000000ffc00000, 0x00000000ffd00000, 0x00000000ffd00000|100%| E|CS|TAMS 0x00000000ffc00000| PB 0x00000000ffc00000| Complete 
|  61|0x00000000ffd00000, 0x00000000ffe00000, 0x00000000ffe00000|100%| E|CS|TAMS 0x00000000ffd00000| PB 0x00000000ffd00000| Complete 
|  62|0x00000000ffe00000, 0x00000000fff00000, 0x00000000fff00000|100%| O|  |TAMS 0x00000000ffe00000| PB 0x00000000ffe00000| Untracked 
|  63|0x00000000fff00000, 0x00000000fff07738, 0x0000000100000000|  2%| O|  |TAMS 0x00000000fff00000| PB 0x00000000fff00000| Untracked 

Card table byte_map: [0x000075d2da08d000,0x000075d2da0ad000] _byte_map_base: 0x000075d2d98ad000

Marking Bits: (CMBitMap*) 0x000075d2d40367d0
 Bits: [0x000075d2d9626000, 0x000075d2d9726000)

Polling page: 0x000075d2db8fc000

Metaspace:

Usage:
  Non-class:      8.06 MB used.
      Class:      1.18 MB used.
       Both:      9.24 MB used.

Virtual space:
  Non-class space:       64.00 MB reserved,       8.25 MB ( 13%) committed,  1 nodes.
      Class space:        1.00 GB reserved,       1.31 MB ( <1%) committed,  1 nodes.
             Both:        1.06 GB reserved,       9.56 MB ( <1%) committed. 

Chunk freelists:
   Non-Class:  7.42 MB
       Class:  14.59 MB
        Both:  22.01 MB

MaxMetaspaceSize: unlimited
CompressedClassSpaceSize: 1.00 GB
Initial GC threshold: 21.00 MB
Current GC threshold: 21.00 MB
CDS: on
 - commit_granule_bytes: 65536.
 - commit_granule_words: 8192.
 - virtual_space_node_default_size: 8388608.
 - enlarge_chunks_in_place: 1.
 - use_allocation_guard: 0.


Internal statistics:

num_allocs_failed_limit: 0.
num_arena_births: 190.
num_arena_deaths: 0.
num_vsnodes_births: 2.
num_vsnodes_deaths: 0.
num_space_committed: 153.
num_space_uncommitted: 0.
num_chunks_returned_to_freelist: 0.
num_chunks_taken_from_freelist: 448.
num_chunk_merges: 0.
num_chunk_splits: 302.
num_chunks_enlarged: 236.
num_inconsistent_stats: 0.

CodeHeap 'non-profiled nmethods': size=120032Kb used=1538Kb max_used=1538Kb free=118493Kb
 bounds [0x000075d2c42c8000, 0x000075d2c4538000, 0x000075d2cb800000]
CodeHeap 'profiled nmethods': size=120028Kb used=3653Kb max_used=3653Kb free=116374Kb
 bounds [0x000075d2bc800000, 0x000075d2bcba0000, 0x000075d2c3d37000]
CodeHeap 'non-nmethods': size=5700Kb used=1371Kb max_used=1436Kb free=4328Kb
 bounds [0x000075d2c3d37000, 0x000075d2c3fa7000, 0x000075d2c42c8000]
 total_blobs=2610 nmethods=2122 adapters=394
 compilation: enabled
              stopped_count=0, restarted_count=0
 full_count=0

Compilation events (20 events):
Event: 34093.160 Thread 0x000075d2d40c6a50 2113       4       java.util.ArrayDeque::isEmpty (17 bytes)
Event: 34093.161 Thread 0x000075d2d40c6a50 nmethod 2113 0x000075d2c4442290 code [0x000075d2c4442400, 0x000075d2c44424a0]
Event: 34116.160 Thread 0x000075d2d40c8110 2114       3       org.gradle.internal.logging.console.BuildStatusRenderer::phaseHasMoreProgress (12 bytes)
Event: 34116.162 Thread 0x000075d2d40c8110 nmethod 2114 0x000075d2bcb90d10 code [0x000075d2bcb90ec0, 0x000075d2bcb91078]
Event: 34116.162 Thread 0x000075d2d40c8110 2115       3       org.gradle.internal.logging.console.ProgressBar::moreProgress (16 bytes)
Event: 34116.162 Thread 0x000075d2d40c8110 nmethod 2115 0x000075d2bcb91190 code [0x000075d2bcb91320, 0x000075d2bcb91450]
Event: 34412.560 Thread 0x000075d2d40c6a50 2116       4       org.gradle.internal.logging.console.DefaultWorkInProgressFormatter::format (102 bytes)
Event: 34412.753 Thread 0x000075d2d40c6a50 nmethod 2116 0x000075d2c4442590 code [0x000075d2c44428c0, 0x000075d2c4444e18]
Event: 34961.959 Thread 0x000075d2d40c6a50 2117       4       org.gradle.internal.logging.console.DefaultTextArea::doEndLine (17 bytes)
Event: 34961.962 Thread 0x000075d2d40c6a50 nmethod 2117 0x000075d2c4445e90 code [0x000075d2c4446020, 0x000075d2c4446128]
Event: 38292.960 Thread 0x000075d2d40c6a50 2118       4       org.gradle.internal.logging.console.WorkInProgressRenderer::unshow (48 bytes)
Event: 38292.983 Thread 0x000075d2d40c6a50 nmethod 2118 0x000075d2c4446210 code [0x000075d2c4446400, 0x000075d2c44468e0]
Event: 39194.560 Thread 0x000075d2d40c6a50 2119       4       org.gradle.internal.logging.console.DefaultAnsiExecutor$AnsiContextImpl::cursorAt (14 bytes)
Event: 39194.561 Thread 0x000075d2d40c6a50 nmethod 2119 0x000075d2c4446c90 code [0x000075d2c4446e20, 0x000075d2c4446f08]
Event: 40271.459 Thread 0x000075d2d40c6a50 2120       4       org.gradle.internal.logging.console.WorkInProgressRenderer::attach (104 bytes)
Event: 40271.502 Thread 0x000075d2d40c6a50 nmethod 2120 0x000075d2c4447010 code [0x000075d2c4447260, 0x000075d2c4447b70]
Event: 43539.865 Thread 0x000075d2d40c6a50 2121       4       org.gradle.internal.logging.console.Cursor::newBottomLeft (14 bytes)
Event: 43539.883 Thread 0x000075d2d40c6a50 nmethod 2121 0x000075d2c4448310 code [0x000075d2c44484a0, 0x000075d2c4448568]
Event: 44717.174 Thread 0x000075d2d40c6a50 2122       4       org.gradle.internal.logging.text.AbstractStyledTextOutput::text (19 bytes)
Event: 44717.182 Thread 0x000075d2d40c6a50 nmethod 2122 0x000075d2c4448610 code [0x000075d2c44487a0, 0x000075d2c44488e8]

GC Heap History (20 events):
Event: 11467.559 GC heap before
{Heap before GC invocations=5 (full 0):
 garbage-first heap   total 65536K, used 49976K [0x00000000fc000000, 0x0000000100000000)
  region size 1024K, 38 young (38912K), 1 survivors (1024K)
 Metaspace       used 9456K, committed 9792K, reserved 1114112K
  class space    used 1207K, committed 1344K, reserved 1048576K
}
Event: 11467.566 GC heap after
{Heap after GC invocations=6 (full 0):
 garbage-first heap   total 65536K, used 12076K [0x00000000fc000000, 0x0000000100000000)
  region size 1024K, 1 young (1024K), 1 survivors (1024K)
 Metaspace       used 9456K, committed 9792K, reserved 1114112K
  class space    used 1207K, committed 1344K, reserved 1048576K
}
Event: 15586.260 GC heap before
{Heap before GC invocations=6 (full 0):
 garbage-first heap   total 65536K, used 49964K [0x00000000fc000000, 0x0000000100000000)
  region size 1024K, 38 young (38912K), 1 survivors (1024K)
 Metaspace       used 9458K, committed 9792K, reserved 1114112K
  class space    used 1207K, committed 1344K, reserved 1048576K
}
Event: 15586.267 GC heap after
{Heap after GC invocations=7 (full 0):
 garbage-first heap   total 65536K, used 12075K [0x00000000fc000000, 0x0000000100000000)
  region size 1024K, 1 young (1024K), 1 survivors (1024K)
 Metaspace       used 9458K, committed 9792K, reserved 1114112K
  class space    used 1207K, committed 1344K, reserved 1048576K
}
Event: 19983.997 GC heap before
{Heap before GC invocations=7 (full 0):
 garbage-first heap   total 65536K, used 49963K [0x00000000fc000000, 0x0000000100000000)
  region size 1024K, 38 young (38912K), 1 survivors (1024K)
 Metaspace       used 9458K, committed 9792K, reserved 1114112K
  class space    used 1207K, committed 1344K, reserved 1048576K
}
Event: 19984.000 GC heap after
{Heap after GC invocations=8 (full 0):
 garbage-first heap   total 65536K, used 12075K [0x00000000fc000000, 0x0000000100000000)
  region size 1024K, 1 young (1024K), 1 survivors (1024K)
 Metaspace       used 9458K, committed 9792K, reserved 1114112K
  class space    used 1207K, committed 1344K, reserved 1048576K
}
Event: 24751.759 GC heap before
{Heap before GC invocations=8 (full 0):
 garbage-first heap   total 65536K, used 49963K [0x00000000fc000000, 0x0000000100000000)
  region size 1024K, 38 young (38912K), 1 survivors (1024K)
 Metaspace       used 9458K, committed 9792K, reserved 1114112K
  class space    used 1207K, committed 1344K, reserved 1048576K
}
Event: 24751.761 GC heap after
{Heap after GC invocations=9 (full 0):
 garbage-first heap   total 65536K, used 12077K [0x00000000fc000000, 0x0000000100000000)
  region size 1024K, 1 young (1024K), 1 survivors (1024K)
 Metaspace       used 9458K, committed 9792K, reserved 1114112K
  class space    used 1207K, committed 1344K, reserved 1048576K
}
Event: 29464.562 GC heap before
{Heap before GC invocations=9 (full 0):
 garbage-first heap   total 65536K, used 49965K [0x00000000fc000000, 0x0000000100000000)
  region size 1024K, 38 young (38912K), 1 survivors (1024K)
 Metaspace       used 9458K, committed 9792K, reserved 1114112K
  class space    used 1207K, committed 1344K, reserved 1048576K
}
Event: 29464.612 GC heap after
{Heap after GC invocations=10 (full 0):
 garbage-first heap   total 65536K, used 12076K [0x00000000fc000000, 0x0000000100000000)
  region size 1024K, 1 young (1024K), 1 survivors (1024K)
 Metaspace       used 9458K, committed 9792K, reserved 1114112K
  class space    used 1207K, committed 1344K, reserved 1048576K
}
Event: 33225.716 GC heap before
{Heap before GC invocations=10 (full 0):
 garbage-first heap   total 65536K, used 49964K [0x00000000fc000000, 0x0000000100000000)
  region size 1024K, 38 young (38912K), 1 survivors (1024K)
 Metaspace       used 9458K, committed 9792K, reserved 1114112K
  class space    used 1207K, committed 1344K, reserved 1048576K
}
Event: 33225.810 GC heap after
{Heap after GC invocations=11 (full 0):
 garbage-first heap   total 65536K, used 12080K [0x00000000fc000000, 0x0000000100000000)
  region size 1024K, 1 young (1024K), 1 survivors (1024K)
 Metaspace       used 9458K, committed 9792K, reserved 1114112K
  class space    used 1207K, committed 1344K, reserved 1048576K
}
Event: 35550.229 GC heap before
{Heap before GC invocations=11 (full 0):
 garbage-first heap   total 65536K, used 49968K [0x00000000fc000000, 0x0000000100000000)
  region size 1024K, 38 young (38912K), 1 survivors (1024K)
 Metaspace       used 9458K, committed 9792K, reserved 1114112K
  class space    used 1207K, committed 1344K, reserved 1048576K
}
Event: 35550.252 GC heap after
{Heap after GC invocations=12 (full 0):
 garbage-first heap   total 65536K, used 12086K [0x00000000fc000000, 0x0000000100000000)
  region size 1024K, 1 young (1024K), 1 survivors (1024K)
 Metaspace       used 9458K, committed 9792K, reserved 1114112K
  class space    used 1207K, committed 1344K, reserved 1048576K
}
Event: 38378.977 GC heap before
{Heap before GC invocations=12 (full 0):
 garbage-first heap   total 65536K, used 49974K [0x00000000fc000000, 0x0000000100000000)
  region size 1024K, 38 young (38912K), 1 survivors (1024K)
 Metaspace       used 9458K, committed 9792K, reserved 1114112K
  class space    used 1207K, committed 1344K, reserved 1048576K
}
Event: 38379.009 GC heap after
{Heap after GC invocations=13 (full 0):
 garbage-first heap   total 65536K, used 12079K [0x00000000fc000000, 0x0000000100000000)
  region size 1024K, 1 young (1024K), 1 survivors (1024K)
 Metaspace       used 9458K, committed 9792K, reserved 1114112K
  class space    used 1207K, committed 1344K, reserved 1048576K
}
Event: 41160.159 GC heap before
{Heap before GC invocations=13 (full 0):
 garbage-first heap   total 65536K, used 49967K [0x00000000fc000000, 0x0000000100000000)
  region size 1024K, 38 young (38912K), 1 survivors (1024K)
 Metaspace       used 9458K, committed 9792K, reserved 1114112K
  class space    used 1207K, committed 1344K, reserved 1048576K
}
Event: 41160.173 GC heap after
{Heap after GC invocations=14 (full 0):
 garbage-first heap   total 65536K, used 12073K [0x00000000fc000000, 0x0000000100000000)
  region size 1024K, 1 young (1024K), 1 survivors (1024K)
 Metaspace       used 9458K, committed 9792K, reserved 1114112K
  class space    used 1207K, committed 1344K, reserved 1048576K
}
Event: 44811.160 GC heap before
{Heap before GC invocations=14 (full 0):
 garbage-first heap   total 65536K, used 49961K [0x00000000fc000000, 0x0000000100000000)
  region size 1024K, 38 young (38912K), 1 survivors (1024K)
 Metaspace       used 9458K, committed 9792K, reserved 1114112K
  class space    used 1207K, committed 1344K, reserved 1048576K
}
Event: 44811.241 GC heap after
{Heap after GC invocations=15 (full 0):
 garbage-first heap   total 65536K, used 12075K [0x00000000fc000000, 0x0000000100000000)
  region size 1024K, 1 young (1024K), 1 survivors (1024K)
 Metaspace       used 9458K, committed 9792K, reserved 1114112K
  class space    used 1207K, committed 1344K, reserved 1048576K
}

Dll operation events (14 events):
Event: 0.003 Loaded shared library /usr/lib/jvm/java-21-openjdk/lib/libjava.so
Event: 0.033 Loaded shared library /usr/lib/jvm/java-21-openjdk/lib/libjsvml.so
Event: 0.039 Loaded shared library /usr/lib/jvm/java-21-openjdk/lib/libnio.so
Event: 0.042 Loaded shared library /usr/lib/jvm/java-21-openjdk/lib/libzip.so
Event: 0.044 Loaded shared library /usr/lib/jvm/java-21-openjdk/lib/libverify.so
Event: 0.100 Loaded shared library /usr/lib/jvm/java-21-openjdk/lib/libnet.so
Event: 0.217 Loaded shared library /usr/lib/jvm/java-21-openjdk/lib/libjimage.so
Event: 0.516 Loaded shared library /home/zak/.gradle/native/c067742578af261105cb4f569cf0c3c89f3d7b1fecec35dd04571415982c5e48/linux-amd64/libnative-platform.so
Event: 0.526 Loading shared library /home/zak/.gradle/native/c067742578af261105cb4f569cf0c3c89f3d7b1fecec35dd04571415982c5e48/linux-amd64-ncurses5/libnative-platform-curses.so failed, libtinfo.so.5: cannot open shared object file: No such file or directory
Event: 0.527 Loaded shared library /home/zak/.gradle/native/c067742578af261105cb4f569cf0c3c89f3d7b1fecec35dd04571415982c5e48/linux-amd64-ncurses6/libnative-platform-curses.so
Event: 0.541 Loaded shared library /home/zak/.gradle/native/jansi/1.18/linux64/libjansi.so
Event: 0.680 Loaded shared library /usr/lib/jvm/java-21-openjdk/lib/libmanagement.so
Event: 0.681 Loaded shared library /usr/lib/jvm/java-21-openjdk/lib/libmanagement_ext.so
Event: 0.775 Loaded shared library /usr/lib/jvm/java-21-openjdk/lib/libextnet.so

Deoptimization events (20 events):
Event: 3765.009 Thread 0x000075d2d40168e0 Uncommon trap: trap_request=0xffffff45 fr.pc=0x000075d2c43f2370 relative=0x0000000000001d30
Event: 3765.009 Thread 0x000075d2d40168e0 Uncommon trap: reason=unstable_if action=reinterpret pc=0x000075d2c43f2370 method=sun.nio.ch.EPollSelectorImpl.doSelect(Ljava/util/function/Consumer;J)I @ 130 c2
Event: 3765.009 Thread 0x000075d2d40168e0 DEOPT PACKING pc=0x000075d2c43f2370 sp=0x000075d2d9dfd3c0
Event: 3765.009 Thread 0x000075d2d40168e0 DEOPT UNPACKING pc=0x000075d2c3d8af99 sp=0x000075d2d9dfd1f0 mode 2
Event: 3765.025 Thread 0x000075d2d4869900 Uncommon trap: trap_request=0xffffff45 fr.pc=0x000075d2c43b8b6c relative=0x00000000000008ec
Event: 3765.025 Thread 0x000075d2d4869900 Uncommon trap: reason=unstable_if action=reinterpret pc=0x000075d2c43b8b6c method=org.gradle.internal.time.MonotonicClock.advance(J)J @ 11 c2
Event: 3765.025 Thread 0x000075d2d4869900 DEOPT PACKING pc=0x000075d2c43b8b6c sp=0x000075d2bc25b7e0
Event: 3765.025 Thread 0x000075d2d4869900 DEOPT UNPACKING pc=0x000075d2c3d8af99 sp=0x000075d2bc25b628 mode 2
Event: 3765.025 Thread 0x000075d2d4869900 Uncommon trap: trap_request=0xffffff45 fr.pc=0x000075d2c43a7b04 relative=0x00000000000002a4
Event: 3765.025 Thread 0x000075d2d4869900 Uncommon trap: reason=unstable_if action=reinterpret pc=0x000075d2c43a7b04 method=org.gradle.internal.time.MonotonicClock.advance(J)J @ 11 c2
Event: 3765.025 Thread 0x000075d2d4869900 DEOPT PACKING pc=0x000075d2c43a7b04 sp=0x000075d2bc25b690
Event: 3765.025 Thread 0x000075d2d4869900 DEOPT UNPACKING pc=0x000075d2c3d8af99 sp=0x000075d2bc25b588 mode 2
Event: 3765.025 Thread 0x000075d2d4869900 Uncommon trap: trap_request=0xffffff45 fr.pc=0x000075d2c44072d4 relative=0x00000000000000b4
Event: 3765.025 Thread 0x000075d2d4869900 Uncommon trap: reason=unstable_if action=reinterpret pc=0x000075d2c44072d4 method=org.gradle.internal.time.MonotonicClock.advance(J)J @ 11 c2
Event: 3765.025 Thread 0x000075d2d4869900 DEOPT PACKING pc=0x000075d2c44072d4 sp=0x000075d2bc25b5d0
Event: 3765.025 Thread 0x000075d2d4869900 DEOPT UNPACKING pc=0x000075d2c3d8af99 sp=0x000075d2bc25b580 mode 2
Event: 10508.255 Thread 0x000075d2d40168e0 DEOPT PACKING pc=0x000075d2bcb78e6a sp=0x000075d2d9dfd3e0
Event: 10508.255 Thread 0x000075d2d40168e0 DEOPT UNPACKING pc=0x000075d2c3d8b72f sp=0x000075d2d9dfc9d8 mode 0
Event: 10957.359 Thread 0x000075d2d4869900 DEOPT PACKING pc=0x000075d2bcb81937 sp=0x000075d2bc25b7f0
Event: 10957.359 Thread 0x000075d2d4869900 DEOPT UNPACKING pc=0x000075d2c3d8b72f sp=0x000075d2bc25ad88 mode 0

Classes loaded (20 events):
Event: 816.004 Loading class jdk/internal/logger/LazyLoggers$1
Event: 816.005 Loading class jdk/internal/logger/LazyLoggers$1 done
Event: 816.005 Loading class jdk/internal/logger/LazyLoggers$LazyLoggerFactories
Event: 816.005 Loading class jdk/internal/logger/LazyLoggers$LazyLoggerFactories done
Event: 816.006 Loading class jdk/internal/logger/LoggerFinderLoader
Event: 816.006 Loading class jdk/internal/logger/LoggerFinderLoader done
Event: 816.007 Loading class jdk/internal/logger/LoggerFinderLoader$TemporaryLoggerFinder
Event: 816.007 Loading class jdk/internal/logger/LoggerFinderLoader$TemporaryLoggerFinder done
Event: 816.007 Loading class sun/util/logging/internal/LoggingProviderImpl$JULWrapper
Event: 816.007 Loading class sun/util/logging/PlatformLogger$ConfigurableBridge$LoggerConfiguration
Event: 816.007 Loading class sun/util/logging/PlatformLogger$ConfigurableBridge$LoggerConfiguration done
Event: 816.007 Loading class sun/util/logging/internal/LoggingProviderImpl$JULWrapper done
Event: 816.010 Loading class java/io/ObjectInputFilter$Config$BuiltinFilterFactory
Event: 816.010 Loading class java/io/ObjectInputFilter$Config$BuiltinFilterFactory done
Event: 816.011 Loading class jdk/internal/access/JavaObjectInputFilterAccess
Event: 816.011 Loading class jdk/internal/access/JavaObjectInputFilterAccess done
Event: 816.011 Loading class java/lang/System$Logger$Level
Event: 816.012 Loading class java/lang/System$Logger$Level done
Event: 2764.859 Loading class java/lang/foreign/MemorySegment
Event: 2764.862 Loading class java/lang/foreign/MemorySegment done

Classes unloaded (0 events):
No events

Classes redefined (0 events):
No events

Internal exceptions (20 events):
Event: 0.114 Thread 0x000075d2d40168e0 Exception <a 'java/lang/NoSuchMethodError'{0x00000000ffb274b8}: 'void java.lang.invoke.DirectMethodHandle$Holder.invokeStatic(java.lang.Object, java.lang.Object)'> (0x00000000ffb274b8) 
thrown [/usr/src/debug/java-openjdk/jdk21u-jdk-21.0.2-13/src/hotspot/share/interpreter/linkResolver.cpp, line 772]
Event: 0.115 Thread 0x000075d2d40168e0 Exception <a 'java/lang/NoSuchMethodError'{0x00000000ffb2b038}: 'void java.lang.invoke.DirectMethodHandle$Holder.invokeSpecial(java.lang.Object, java.lang.Object, java.lang.Object)'> (0x00000000ffb2b038) 
thrown [/usr/src/debug/java-openjdk/jdk21u-jdk-21.0.2-13/src/hotspot/share/interpreter/linkResolver.cpp, line 772]
Event: 0.126 Thread 0x000075d2d40168e0 Exception <a 'java/lang/NoSuchMethodError'{0x00000000ffb7e708}: 'void java.lang.invoke.DirectMethodHandle$Holder.invokeStatic(java.lang.Object, java.lang.Object, java.lang.Object)'> (0x00000000ffb7e708) 
thrown [/usr/src/debug/java-openjdk/jdk21u-jdk-21.0.2-13/src/hotspot/share/interpreter/linkResolver.cpp, line 772]
Event: 0.128 Thread 0x000075d2d40168e0 Exception <a 'java/lang/NoSuchMethodError'{0x00000000ffb90d58}: 'java.lang.Object java.lang.invoke.Invokers$Holder.invokeExact_MT(java.lang.Object, java.lang.Object, java.lang.Object, java.lang.Object, java.lang.Object)'> (0x00000000ffb90d58) 
thrown [/usr/src/debug/java-openjdk/jdk21u-jdk-21.0.2-13/src/hotspot/share/interpreter/linkResolver.cpp, line 772]
Event: 0.133 Thread 0x000075d2d40168e0 Exception <a 'java/lang/NoSuchMethodError'{0x00000000ffa03278}: 'int java.lang.invoke.DirectMethodHandle$Holder.invokeStaticInit(java.lang.Object, java.lang.Object)'> (0x00000000ffa03278) 
thrown [/usr/src/debug/java-openjdk/jdk21u-jdk-21.0.2-13/src/hotspot/share/interpreter/linkResolver.cpp, line 772]
Event: 0.485 Thread 0x000075d2d40168e0 Exception <a 'java/lang/NoClassDefFoundError'{0x00000000ff55e1f0}: org/slf4j/impl/StaticMarkerBinder> (0x00000000ff55e1f0) 
thrown [/usr/src/debug/java-openjdk/jdk21u-jdk-21.0.2-13/src/hotspot/share/classfile/systemDictionary.cpp, line 301]
Event: 0.499 Thread 0x000075d2d40168e0 Exception <a 'java/lang/NoSuchMethodError'{0x00000000ff5ecb58}: 'java.lang.Object java.lang.invoke.DirectMethodHandle$Holder.invokeVirtual(java.lang.Object, java.lang.Object, java.lang.Object, java.lang.Object, java.lang.Object, java.lang.Object, java.lang.Object)'> (0x00000000ff5ecb58) 
thrown [/usr/src/debug/java-openjdk/jdk21u-jdk-21.0.2-13/src/hotspot/share/interpreter/linkResolver.cpp, line 772]
Event: 0.502 Thread 0x000075d2d40168e0 Exception <a 'java/lang/NoSuchMethodError'{0x00000000ff5ff038}: 'java.lang.Object java.lang.invoke.DirectMethodHandle$Holder.invokeStatic(java.lang.Object, java.lang.Object, int)'> (0x00000000ff5ff038) 
thrown [/usr/src/debug/java-openjdk/jdk21u-jdk-21.0.2-13/src/hotspot/share/interpreter/linkResolver.cpp, line 772]
Event: 0.504 Thread 0x000075d2d40168e0 Exception <a 'java/lang/NoSuchMethodError'{0x00000000ff40a8e8}: 'void java.lang.invoke.DelegatingMethodHandle$Holder.delegate(java.lang.Object, java.lang.Object, int, java.lang.Object)'> (0x00000000ff40a8e8) 
thrown [/usr/src/debug/java-openjdk/jdk21u-jdk-21.0.2-13/src/hotspot/share/interpreter/linkResolver.cpp, line 772]
Event: 0.504 Thread 0x000075d2d40168e0 Exception <a 'java/lang/NoSuchMethodError'{0x00000000ff40e6a8}: 'int java.lang.invoke.DirectMethodHandle$Holder.invokeSpecial(java.lang.Object, java.lang.Object, java.lang.Object)'> (0x00000000ff40e6a8) 
thrown [/usr/src/debug/java-openjdk/jdk21u-jdk-21.0.2-13/src/hotspot/share/interpreter/linkResolver.cpp, line 772]
Event: 0.523 Thread 0x000075d2d40168e0 Exception <a 'java/lang/NoSuchMethodError'{0x00000000ff4bca10}: 'java.lang.Object java.lang.invoke.DirectMethodHandle$Holder.invokeVirtual(java.lang.Object, java.lang.Object, java.lang.Object)'> (0x00000000ff4bca10) 
thrown [/usr/src/debug/java-openjdk/jdk21u-jdk-21.0.2-13/src/hotspot/share/interpreter/linkResolver.cpp, line 772]
Event: 0.526 Thread 0x000075d2d40168e0 Exception <a 'java/lang/UnsatisfiedLinkError'{0x00000000ff4cd5e0}> (0x00000000ff4cd5e0) 
thrown [/usr/src/debug/java-openjdk/jdk21u-jdk-21.0.2-13/src/hotspot/share/prims/jvm.cpp, line 3424]
Event: 0.526 Thread 0x000075d2d40168e0 Exception <a 'java/lang/UnsatisfiedLinkError'{0x00000000ff4cd5e0}> (0x00000000ff4cd5e0) 
thrown [/usr/src/debug/java-openjdk/jdk21u-jdk-21.0.2-13/src/hotspot/share/prims/jni.cpp, line 520]
Event: 0.609 Thread 0x000075d2d40168e0 Exception <a 'java/lang/NoSuchMethodError'{0x00000000ff1d84a0}: 'java.lang.Object java.lang.invoke.DirectMethodHandle$Holder.invokeVirtual(java.lang.Object, java.lang.Object, java.lang.Object, java.lang.Object)'> (0x00000000ff1d84a0) 
thrown [/usr/src/debug/java-openjdk/jdk21u-jdk-21.0.2-13/src/hotspot/share/interpreter/linkResolver.cpp, line 772]
Event: 0.626 Thread 0x000075d2d40168e0 Exception <a 'java/lang/NoSuchMethodError'{0x00000000fee5b968}: 'java.lang.Object java.lang.invoke.DirectMethodHandle$Holder.invokeVirtual(java.lang.Object, java.lang.Object, java.lang.Object, java.lang.Object, java.lang.Object, java.lang.Object)'> (0x00000000fee5b968) 
thrown [/usr/src/debug/java-openjdk/jdk21u-jdk-21.0.2-13/src/hotspot/share/interpreter/linkResolver.cpp, line 772]
Event: 0.709 Thread 0x000075d2d40168e0 Exception <a 'java/lang/NoSuchMethodError'{0x00000000feab3830}: 'int java.lang.invoke.DirectMethodHandle$Holder.invokeVirtual(java.lang.Object, java.lang.Object, java.lang.Object)'> (0x00000000feab3830) 
thrown [/usr/src/debug/java-openjdk/jdk21u-jdk-21.0.2-13/src/hotspot/share/interpreter/linkResolver.cpp, line 772]
Event: 0.721 Thread 0x000075d2d40168e0 Exception <a 'java/lang/NoSuchMethodError'{0x00000000fe939188}: 'java.lang.Object java.lang.invoke.DirectMethodHandle$Holder.invokeVirtual(java.lang.Object, java.lang.Object, java.lang.Object, java.lang.Object, java.lang.Object)'> (0x00000000fe939188) 
thrown [/usr/src/debug/java-openjdk/jdk21u-jdk-21.0.2-13/src/hotspot/share/interpreter/linkResolver.cpp, line 772]
Event: 0.723 Thread 0x000075d2d40168e0 Exception <a 'java/lang/NoSuchMethodError'{0x00000000fe94c388}: 'java.lang.Object java.lang.invoke.Invokers$Holder.invokeExact_MT(java.lang.Object, java.lang.Object, java.lang.Object, java.lang.Object, java.lang.Object, java.lang.Object)'> (0x00000000fe94c388) 
thrown [/usr/src/debug/java-openjdk/jdk21u-jdk-21.0.2-13/src/hotspot/share/interpreter/linkResolver.cpp, line 772]
Event: 0.746 Thread 0x000075d2d40168e0 Exception <a 'java/lang/NoSuchMethodError'{0x00000000fe8b28c0}: 'java.lang.Object java.lang.invoke.DirectMethodHandle$Holder.invokeVirtual(java.lang.Object, java.lang.Object, java.lang.Object, java.lang.Object, java.lang.Object, java.lang.Object, java.lang.Object, java.lang.Object)'> (0x00000000fe8b28c0) 
thrown [/usr/src/debug/java-openjdk/jdk21u-jdk-21.0.2-13/src/hotspot/share/interpreter/linkResolver.cpp, line 772]
Event: 0.797 Thread 0x000075d2d40168e0 Exception <a 'java/lang/NoSuchMethodError'{0x00000000fe6cad98}: 'void java.lang.invoke.DirectMethodHandle$Holder.invokeInterface(java.lang.Object, java.lang.Object, java.lang.Object)'> (0x00000000fe6cad98) 
thrown [/usr/src/debug/java-openjdk/jdk21u-jdk-21.0.2-13/src/hotspot/share/interpreter/linkResolver.cpp, line 772]

ZGC Phase Switch (0 events):
No events

VM Operations (20 events):
Event: 43059.279 Executing VM operation: RendezvousGCThreads
Event: 43059.279 Executing VM operation: RendezvousGCThreads done
Event: 43539.696 Executing VM operation: HandshakeAllThreads (HandshakeForDeflation)
Event: 43539.697 Executing VM operation: HandshakeAllThreads (HandshakeForDeflation) done
Event: 43539.697 Executing VM operation: RendezvousGCThreads
Event: 43539.697 Executing VM operation: RendezvousGCThreads done
Event: 44740.630 Executing VM operation: HandshakeAllThreads (HandshakeForDeflation)
Event: 44740.630 Executing VM operation: HandshakeAllThreads (HandshakeForDeflation) done
Event: 44740.631 Executing VM operation: RendezvousGCThreads
Event: 44740.631 Executing VM operation: RendezvousGCThreads done
Event: 44811.159 Executing VM operation: G1CollectForAllocation (G1 Evacuation Pause)
Event: 44811.241 Executing VM operation: G1CollectForAllocation (G1 Evacuation Pause) done
Event: 44860.747 Executing VM operation: HandshakeAllThreads (HandshakeForDeflation)
Event: 44860.747 Executing VM operation: HandshakeAllThreads (HandshakeForDeflation) done
Event: 44860.747 Executing VM operation: RendezvousGCThreads
Event: 44860.747 Executing VM operation: RendezvousGCThreads done
Event: 44980.906 Executing VM operation: HandshakeAllThreads (HandshakeForDeflation)
Event: 44980.906 Executing VM operation: HandshakeAllThreads (HandshakeForDeflation) done
Event: 44980.906 Executing VM operation: RendezvousGCThreads
Event: 44980.906 Executing VM operation: RendezvousGCThreads done

Events (20 events):
Event: 0.032 Protecting memory [0x000075d2d82fe000,0x000075d2d8302000] with protection modes 0
Event: 0.032 Thread 0x000075d2d40c4f10 Thread added: 0x000075d2d40c4f10
Event: 0.032 Protecting memory [0x000075d2d81fd000,0x000075d2d8201000] with protection modes 0
Event: 0.032 Thread 0x000075d2d40c6a50 Thread added: 0x000075d2d40c6a50
Event: 0.032 Protecting memory [0x000075d2d80fc000,0x000075d2d8100000] with protection modes 0
Event: 0.032 Thread 0x000075d2d40c8110 Thread added: 0x000075d2d40c8110
Event: 0.032 Protecting memory [0x000075d2bc700000,0x000075d2bc704000] with protection modes 0
Event: 0.036 Thread 0x000075d2d40d6320 Thread added: 0x000075d2d40d6320
Event: 0.036 Protecting memory [0x000075d2bc5ff000,0x000075d2bc603000] with protection modes 0
Event: 0.038 Thread 0x000075d2d40da370 Thread added: 0x000075d2d40da370
Event: 0.038 Protecting memory [0x000075d2bc4fe000,0x000075d2bc502000] with protection modes 0
Event: 0.170 Thread 0x000075d2280c0350 Thread added: 0x000075d2280c0350
Event: 0.170 Protecting memory [0x000075d2bc3fd000,0x000075d2bc401000] with protection modes 0
Event: 0.559 Thread 0x000075d2d4869900 Thread added: 0x000075d2d4869900
Event: 0.559 Protecting memory [0x000075d2bc15d000,0x000075d2bc161000] with protection modes 0
Event: 0.825 Thread 0x000075d2d4a05ad0 Thread added: 0x000075d2d4a05ad0
Event: 0.825 Protecting memory [0x000075d2bc05c000,0x000075d2bc060000] with protection modes 0
Event: 0.828 Thread 0x000075d2d4a081e0 Thread added: 0x000075d2d4a081e0
Event: 0.828 Protecting memory [0x000075d2b5f00000,0x000075d2b5f04000] with protection modes 0
Event: 0.868 Thread 0x000075d2280c0350 Thread exited: 0x000075d2280c0350


Dynamic libraries:
fc000000-ffe00000 rw-p 00000000 00:00 0 
ffe00000-fff08000 rw-p 00ce5000 08:13 3170764                            /usr/lib/jvm/java-21-openjdk/lib/server/classes.jsa
fff08000-100000000 rw-p 00000000 00:00 0 
5c86514c0000-5c86514c1000 r--p 00000000 08:13 3170490                    /usr/lib/jvm/java-21-openjdk/bin/java
5c86514c1000-5c86514c2000 r-xp 00001000 08:13 3170490                    /usr/lib/jvm/java-21-openjdk/bin/java
5c86514c2000-5c86514c3000 r--p 00002000 08:13 3170490                    /usr/lib/jvm/java-21-openjdk/bin/java
5c86514c3000-5c86514c4000 r--p 00002000 08:13 3170490                    /usr/lib/jvm/java-21-openjdk/bin/java
5c86514c4000-5c86514c5000 rw-p 00003000 08:13 3170490                    /usr/lib/jvm/java-21-openjdk/bin/java
5c86521ed000-5c8652234000 rw-p 00000000 00:00 0                          [heap]
75d1ec000000-75d1ec021000 rw-p 00000000 00:00 0 
75d1ec021000-75d1f0000000 ---p 00000000 00:00 0 
75d1f4000000-75d1f4021000 rw-p 00000000 00:00 0 
75d1f4021000-75d1f8000000 ---p 00000000 00:00 0 
75d1f8000000-75d1f8021000 rw-p 00000000 00:00 0 
75d1f8021000-75d1fc000000 ---p 00000000 00:00 0 
75d200000000-75d200021000 rw-p 00000000 00:00 0 
75d200021000-75d204000000 ---p 00000000 00:00 0 
75d204000000-75d204042000 rw-p 00000000 00:00 0 
75d204042000-75d208000000 ---p 00000000 00:00 0 
75d20c000000-75d20c021000 rw-p 00000000 00:00 0 
75d20c021000-75d210000000 ---p 00000000 00:00 0 
75d210000000-75d210137000 rw-p 00000000 00:00 0 
75d210137000-75d214000000 ---p 00000000 00:00 0 
75d218000000-75d218021000 rw-p 00000000 00:00 0 
75d218021000-75d21c000000 ---p 00000000 00:00 0 
75d21c000000-75d21c021000 rw-p 00000000 00:00 0 
75d21c021000-75d220000000 ---p 00000000 00:00 0 
75d224000000-75d224302000 rw-p 00000000 00:00 0 
75d224302000-75d228000000 ---p 00000000 00:00 0 
75d228000000-75d229713000 rw-p 00000000 00:00 0 
75d229713000-75d22c000000 ---p 00000000 00:00 0 
75d230000000-75d230021000 rw-p 00000000 00:00 0 
75d230021000-75d234000000 ---p 00000000 00:00 0 
75d234000000-75d234021000 rw-p 00000000 00:00 0 
75d234021000-75d238000000 ---p 00000000 00:00 0 
75d23c000000-75d23c021000 rw-p 00000000 00:00 0 
75d23c021000-75d240000000 ---p 00000000 00:00 0 
75d240000000-75d240021000 rw-p 00000000 00:00 0 
75d240021000-75d244000000 ---p 00000000 00:00 0 
75d248000000-75d248021000 rw-p 00000000 00:00 0 
75d248021000-75d24c000000 ---p 00000000 00:00 0 
75d24c000000-75d24c021000 rw-p 00000000 00:00 0 
75d24c021000-75d250000000 ---p 00000000 00:00 0 
75d254000000-75d2543a0000 rw-p 00000000 00:00 0 
75d2543a0000-75d254400000 ---p 00000000 00:00 0 
75d254400000-75d2548a0000 rw-p 00000000 00:00 0 
75d2548a0000-75d258000000 ---p 00000000 00:00 0 
75d258000000-75d258021000 rw-p 00000000 00:00 0 
75d258021000-75d25c000000 ---p 00000000 00:00 0 
75d25f000000-75d25fca6000 rw-p 00001000 08:13 3170764                    /usr/lib/jvm/java-21-openjdk/lib/server/classes.jsa
75d25fca6000-75d260000000 ---p 00000000 00:00 0 
75d260000000-75d260030000 rw-p 00000000 00:00 0 
75d260030000-75d260070000 rw-p 00000000 00:00 0 
75d260070000-75d260120000 rw-p 00000000 00:00 0 
75d260120000-75d260140000 ---p 00000000 00:00 0 
75d260140000-75d260170000 rw-p 00000000 00:00 0 
75d260170000-75d2a0000000 ---p 00000000 00:00 0 
75d2a0000000-75d2a0021000 rw-p 00000000 00:00 0 
75d2a0021000-75d2a4000000 ---p 00000000 00:00 0 
75d2a4000000-75d2a4021000 rw-p 00000000 00:00 0 
75d2a4021000-75d2a8000000 ---p 00000000 00:00 0 
75d2ac000000-75d2ac021000 rw-p 00000000 00:00 0 
75d2ac021000-75d2b0000000 ---p 00000000 00:00 0 
75d2b0000000-75d2b0021000 rw-p 00000000 00:00 0 
75d2b0021000-75d2b4000000 ---p 00000000 00:00 0 
75d2b4e00000-75d2b4e03000 r-xp 00000000 08:13 3582802                    /home/zak/.gradle/native/jansi/1.18/linux64/libjansi.so
75d2b4e03000-75d2b5002000 ---p 00003000 08:13 3582802                    /home/zak/.gradle/native/jansi/1.18/linux64/libjansi.so
75d2b5002000-75d2b5003000 rw-p 00002000 08:13 3582802                    /home/zak/.gradle/native/jansi/1.18/linux64/libjansi.so
75d2b5400000-75d2b5404000 r-xp 00000000 08:13 3582808                    /home/zak/.gradle/native/c067742578af261105cb4f569cf0c3c89f3d7b1fecec35dd04571415982c5e48/linux-amd64-ncurses6/libnative-platform-curses.so
75d2b5404000-75d2b5603000 ---p 00004000 08:13 3582808                    /home/zak/.gradle/native/c067742578af261105cb4f569cf0c3c89f3d7b1fecec35dd04571415982c5e48/linux-amd64-ncurses6/libnative-platform-curses.so
75d2b5603000-75d2b5604000 r--p 00003000 08:13 3582808                    /home/zak/.gradle/native/c067742578af261105cb4f569cf0c3c89f3d7b1fecec35dd04571415982c5e48/linux-amd64-ncurses6/libnative-platform-curses.so
75d2b5604000-75d2b5605000 rw-p 00004000 08:13 3582808                    /home/zak/.gradle/native/c067742578af261105cb4f569cf0c3c89f3d7b1fecec35dd04571415982c5e48/linux-amd64-ncurses6/libnative-platform-curses.so
75d2b5a00000-75d2b5a05000 r-xp 00000000 08:13 3582798                    /home/zak/.gradle/native/c067742578af261105cb4f569cf0c3c89f3d7b1fecec35dd04571415982c5e48/linux-amd64/libnative-platform.so
75d2b5a05000-75d2b5c05000 ---p 00005000 08:13 3582798                    /home/zak/.gradle/native/c067742578af261105cb4f569cf0c3c89f3d7b1fecec35dd04571415982c5e48/linux-amd64/libnative-platform.so
75d2b5c05000-75d2b5c06000 r--p 00005000 08:13 3582798                    /home/zak/.gradle/native/c067742578af261105cb4f569cf0c3c89f3d7b1fecec35dd04571415982c5e48/linux-amd64/libnative-platform.so
75d2b5c06000-75d2b5c07000 rw-p 00006000 08:13 3582798                    /home/zak/.gradle/native/c067742578af261105cb4f569cf0c3c89f3d7b1fecec35dd04571415982c5e48/linux-amd64/libnative-platform.so
75d2b5cfd000-75d2b5cfe000 ---p 00000000 00:00 0 
75d2b5cfe000-75d2b5dfe000 rw-p 00000000 00:00 0 
75d2b5dfe000-75d2b5dff000 ---p 00000000 00:00 0 
75d2b5dff000-75d2b5eff000 rw-p 00000000 00:00 0 
75d2b5eff000-75d2b5f00000 ---p 00000000 00:00 0 
75d2b5f00000-75d2b5f04000 ---p 00000000 00:00 0 
75d2b5f04000-75d2b6000000 rw-p 00000000 00:00 0 
75d2b6000000-75d2b8021000 rw-p 00000000 00:00 0 
75d2b8021000-75d2bc000000 ---p 00000000 00:00 0 
75d2bc05b000-75d2bc05c000 ---p 00000000 00:00 0 
75d2bc05c000-75d2bc060000 ---p 00000000 00:00 0 
75d2bc060000-75d2bc15c000 rw-p 00000000 00:00 0 
75d2bc15c000-75d2bc15d000 ---p 00000000 00:00 0 
75d2bc15d000-75d2bc161000 ---p 00000000 00:00 0 
75d2bc161000-75d2bc25d000 rw-p 00000000 00:00 0 
75d2bc25d000-75d2bc273000 r--p 00000000 08:13 2630840                    /usr/lib/libncursesw.so.6.4
75d2bc273000-75d2bc2b7000 r-xp 00016000 08:13 2630840                    /usr/lib/libncursesw.so.6.4
75d2bc2b7000-75d2bc2cf000 r--p 0005a000 08:13 2630840                    /usr/lib/libncursesw.so.6.4
75d2bc2cf000-75d2bc2d3000 r--p 00072000 08:13 2630840                    /usr/lib/libncursesw.so.6.4
75d2bc2d3000-75d2bc2d4000 rw-p 00076000 08:13 2630840                    /usr/lib/libncursesw.so.6.4
75d2bc2fb000-75d2bc2fc000 ---p 00000000 00:00 0 
75d2bc2fc000-75d2bc3fc000 rw-p 00000000 00:00 0 
75d2bc3fc000-75d2bc3fd000 ---p 00000000 00:00 0 
75d2bc3fd000-75d2bc401000 ---p 00000000 00:00 0 
75d2bc401000-75d2bc4fd000 rw-p 00000000 00:00 0 
75d2bc4fd000-75d2bc4fe000 ---p 00000000 00:00 0 
75d2bc4fe000-75d2bc502000 ---p 00000000 00:00 0 
75d2bc502000-75d2bc5fe000 rw-p 00000000 00:00 0 
75d2bc5fe000-75d2bc5ff000 ---p 00000000 00:00 0 
75d2bc5ff000-75d2bc603000 ---p 00000000 00:00 0 
75d2bc603000-75d2bc6ff000 rw-p 00000000 00:00 0 
75d2bc6ff000-75d2bc700000 ---p 00000000 00:00 0 
75d2bc700000-75d2bc704000 ---p 00000000 00:00 0 
75d2bc704000-75d2bc800000 rw-p 00000000 00:00 0 
75d2bc800000-75d2bcba0000 rwxp 00000000 00:00 0 
75d2bcba0000-75d2c3d37000 ---p 00000000 00:00 0 
75d2c3d37000-75d2c3fa7000 rwxp 00000000 00:00 0 
75d2c3fa7000-75d2c42c8000 ---p 00000000 00:00 0 
75d2c42c8000-75d2c4538000 rwxp 00000000 00:00 0 
75d2c4538000-75d2cb800000 ---p 00000000 00:00 0 
75d2cb800000-75d2d3fe4000 r--s 00000000 08:13 3170755                    /usr/lib/jvm/java-21-openjdk/lib/modules
75d2d3ff3000-75d2d3ff4000 r--p 00000000 08:13 3170723                    /usr/lib/jvm/java-21-openjdk/lib/libextnet.so
75d2d3ff4000-75d2d3ff5000 r-xp 00001000 08:13 3170723                    /usr/lib/jvm/java-21-openjdk/lib/libextnet.so
75d2d3ff5000-75d2d3ff6000 r--p 00002000 08:13 3170723                    /usr/lib/jvm/java-21-openjdk/lib/libextnet.so
75d2d3ff6000-75d2d3ff7000 r--p 00002000 08:13 3170723                    /usr/lib/jvm/java-21-openjdk/lib/libextnet.so
75d2d3ff7000-75d2d3ff8000 rw-p 00003000 08:13 3170723                    /usr/lib/jvm/java-21-openjdk/lib/libextnet.so
75d2d3ff8000-75d2d3ffa000 r--p 00000000 08:13 3170743                    /usr/lib/jvm/java-21-openjdk/lib/libmanagement_ext.so
75d2d3ffa000-75d2d3ffd000 r-xp 00002000 08:13 3170743                    /usr/lib/jvm/java-21-openjdk/lib/libmanagement_ext.so
75d2d3ffd000-75d2d3ffe000 r--p 00005000 08:13 3170743                    /usr/lib/jvm/java-21-openjdk/lib/libmanagement_ext.so
75d2d3ffe000-75d2d3fff000 r--p 00006000 08:13 3170743                    /usr/lib/jvm/java-21-openjdk/lib/libmanagement_ext.so
75d2d3fff000-75d2d4000000 rw-p 00007000 08:13 3170743                    /usr/lib/jvm/java-21-openjdk/lib/libmanagement_ext.so
75d2d4000000-75d2d4a31000 rw-p 00000000 00:00 0 
75d2d4a31000-75d2d8000000 ---p 00000000 00:00 0 
75d2d8003000-75d2d8007000 r--p 00000000 08:13 3170753                    /usr/lib/jvm/java-21-openjdk/lib/libverify.so
75d2d8007000-75d2d800e000 r-xp 00004000 08:13 3170753                    /usr/lib/jvm/java-21-openjdk/lib/libverify.so
75d2d800e000-75d2d8010000 r--p 0000b000 08:13 3170753                    /usr/lib/jvm/java-21-openjdk/lib/libverify.so
75d2d8010000-75d2d8012000 r--p 0000c000 08:13 3170753                    /usr/lib/jvm/java-21-openjdk/lib/libverify.so
75d2d8012000-75d2d8013000 rw-p 0000e000 08:13 3170753                    /usr/lib/jvm/java-21-openjdk/lib/libverify.so
75d2d8013000-75d2d801a000 r--p 00000000 08:13 3170746                    /usr/lib/jvm/java-21-openjdk/lib/libnio.so
75d2d801a000-75d2d8023000 r-xp 00007000 08:13 3170746                    /usr/lib/jvm/java-21-openjdk/lib/libnio.so
75d2d8023000-75d2d8028000 r--p 00010000 08:13 3170746                    /usr/lib/jvm/java-21-openjdk/lib/libnio.so
75d2d8028000-75d2d8029000 r--p 00014000 08:13 3170746                    /usr/lib/jvm/java-21-openjdk/lib/libnio.so
75d2d8029000-75d2d802a000 rw-p 00015000 08:13 3170746                    /usr/lib/jvm/java-21-openjdk/lib/libnio.so
75d2d802a000-75d2d802f000 r--p 00000000 08:13 3170738                    /usr/lib/jvm/java-21-openjdk/lib/libjsvml.so
75d2d802f000-75d2d8070000 r-xp 00005000 08:13 3170738                    /usr/lib/jvm/java-21-openjdk/lib/libjsvml.so
75d2d8070000-75d2d80f9000 r--p 00046000 08:13 3170738                    /usr/lib/jvm/java-21-openjdk/lib/libjsvml.so
75d2d80f9000-75d2d80fa000 r--p 000ce000 08:13 3170738                    /usr/lib/jvm/java-21-openjdk/lib/libjsvml.so
75d2d80fa000-75d2d80fb000 rw-p 000cf000 08:13 3170738                    /usr/lib/jvm/java-21-openjdk/lib/libjsvml.so
75d2d80fb000-75d2d80fc000 ---p 00000000 00:00 0 
75d2d80fc000-75d2d8100000 ---p 00000000 00:00 0 
75d2d8100000-75d2d81fc000 rw-p 00000000 00:00 0 
75d2d81fc000-75d2d81fd000 ---p 00000000 00:00 0 
75d2d81fd000-75d2d8201000 ---p 00000000 00:00 0 
75d2d8201000-75d2d82fd000 rw-p 00000000 00:00 0 
75d2d82fd000-75d2d82fe000 ---p 00000000 00:00 0 
75d2d82fe000-75d2d8302000 ---p 00000000 00:00 0 
75d2d8302000-75d2d83fe000 rw-p 00000000 00:00 0 
75d2d83fe000-75d2d83ff000 ---p 00000000 00:00 0 
75d2d83ff000-75d2d8403000 ---p 00000000 00:00 0 
75d2d8403000-75d2d84ff000 rw-p 00000000 00:00 0 
75d2d84ff000-75d2d8500000 ---p 00000000 00:00 0 
75d2d8500000-75d2d8504000 ---p 00000000 00:00 0 
75d2d8504000-75d2d8600000 rw-p 00000000 00:00 0 
75d2d8600000-75d2d88eb000 r--p 00000000 08:13 2664089                    /usr/lib/locale/locale-archive
75d2d88ed000-75d2d88ef000 r--p 00000000 08:13 3170741                    /usr/lib/jvm/java-21-openjdk/lib/libmanagement.so
75d2d88ef000-75d2d88f0000 r-xp 00002000 08:13 3170741                    /usr/lib/jvm/java-21-openjdk/lib/libmanagement.so
75d2d88f0000-75d2d88f1000 r--p 00003000 08:13 3170741                    /usr/lib/jvm/java-21-openjdk/lib/libmanagement.so
75d2d88f1000-75d2d88f2000 r--p 00003000 08:13 3170741                    /usr/lib/jvm/java-21-openjdk/lib/libmanagement.so
75d2d88f2000-75d2d88f3000 rw-p 00004000 08:13 3170741                    /usr/lib/jvm/java-21-openjdk/lib/libmanagement.so
75d2d88f3000-75d2d88f5000 r--p 00000000 08:13 3170754                    /usr/lib/jvm/java-21-openjdk/lib/libzip.so
75d2d88f5000-75d2d88f9000 r-xp 00002000 08:13 3170754                    /usr/lib/jvm/java-21-openjdk/lib/libzip.so
75d2d88f9000-75d2d88fb000 r--p 00006000 08:13 3170754                    /usr/lib/jvm/java-21-openjdk/lib/libzip.so
75d2d88fb000-75d2d88fc000 r--p 00007000 08:13 3170754                    /usr/lib/jvm/java-21-openjdk/lib/libzip.so
75d2d88fc000-75d2d88fd000 rw-p 00008000 08:13 3170754                    /usr/lib/jvm/java-21-openjdk/lib/libzip.so
75d2d88fd000-75d2d88fe000 ---p 00000000 00:00 0 
75d2d88fe000-75d2d8902000 ---p 00000000 00:00 0 
75d2d8902000-75d2d89fe000 rw-p 00000000 00:00 0 
75d2d89fe000-75d2d89ff000 ---p 00000000 00:00 0 
75d2d89ff000-75d2d8aff000 rw-p 00000000 00:00 0 
75d2d8aff000-75d2d8b00000 ---p 00000000 00:00 0 
75d2d8b00000-75d2d8c00000 rw-p 00000000 00:00 0 
75d2d8c00000-75d2d8d1d000 rw-p 00000000 00:00 0 
75d2d8d1d000-75d2d8d1e000 ---p 00000000 00:00 0 
75d2d8d1e000-75d2d8e1e000 rw-p 00000000 00:00 0 
75d2d8e1e000-75d2d8e1f000 ---p 00000000 00:00 0 
75d2d8e1f000-75d2d8f1f000 rw-p 00000000 00:00 0 
75d2d8f1f000-75d2d9323000 rw-p 00000000 00:00 0 
75d2d9323000-75d2d9324000 ---p 00000000 00:00 0 
75d2d9324000-75d2d9424000 rw-p 00000000 00:00 0 
75d2d9424000-75d2d9425000 ---p 00000000 00:00 0 
75d2d9425000-75d2d9525000 rw-p 00000000 00:00 0 
75d2d9525000-75d2d9526000 ---p 00000000 00:00 0 
75d2d9526000-75d2d9626000 rw-p 00000000 00:00 0 
75d2d9626000-75d2d9b2f000 rw-p 00000000 00:00 0 
75d2d9b2f000-75d2d9c15000 ---p 00000000 00:00 0 
75d2d9c15000-75d2d9c1d000 rw-p 00000000 00:00 0 
75d2d9c1d000-75d2d9d00000 ---p 00000000 00:00 0 
75d2d9d00000-75d2d9d04000 ---p 00000000 00:00 0 
75d2d9d04000-75d2d9e00000 rw-p 00000000 00:00 0 
75d2d9e00000-75d2d9e9c000 r--p 00000000 08:13 2630777                    /usr/lib/libstdc++.so.6.0.32
75d2d9e9c000-75d2d9fd3000 r-xp 0009c000 08:13 2630777                    /usr/lib/libstdc++.so.6.0.32
75d2d9fd3000-75d2da069000 r--p 001d3000 08:13 2630777                    /usr/lib/libstdc++.so.6.0.32
75d2da069000-75d2da076000 r--p 00269000 08:13 2630777                    /usr/lib/libstdc++.so.6.0.32
75d2da076000-75d2da077000 rw-p 00276000 08:13 2630777                    /usr/lib/libstdc++.so.6.0.32
75d2da077000-75d2da07b000 rw-p 00000000 00:00 0 
75d2da07f000-75d2da082000 r--p 00000000 08:13 3170745                    /usr/lib/jvm/java-21-openjdk/lib/libnet.so
75d2da082000-75d2da089000 r-xp 00003000 08:13 3170745                    /usr/lib/jvm/java-21-openjdk/lib/libnet.so
75d2da089000-75d2da08b000 r--p 0000a000 08:13 3170745                    /usr/lib/jvm/java-21-openjdk/lib/libnet.so
75d2da08b000-75d2da08c000 r--p 0000b000 08:13 3170745                    /usr/lib/jvm/java-21-openjdk/lib/libnet.so
75d2da08c000-75d2da08d000 rw-p 0000c000 08:13 3170745                    /usr/lib/jvm/java-21-openjdk/lib/libnet.so
75d2da08d000-75d2da0cd000 rw-p 00000000 00:00 0 
75d2da0cd000-75d2da0da000 r--p 00000000 08:13 3170730                    /usr/lib/jvm/java-21-openjdk/lib/libjava.so
75d2da0da000-75d2da0e7000 r-xp 0000d000 08:13 3170730                    /usr/lib/jvm/java-21-openjdk/lib/libjava.so
75d2da0e7000-75d2da0ec000 r--p 0001a000 08:13 3170730                    /usr/lib/jvm/java-21-openjdk/lib/libjava.so
75d2da0ec000-75d2da0ed000 r--p 0001e000 08:13 3170730                    /usr/lib/jvm/java-21-openjdk/lib/libjava.so
75d2da0ed000-75d2da0ee000 rw-p 0001f000 08:13 3170730                    /usr/lib/jvm/java-21-openjdk/lib/libjava.so
75d2da0ee000-75d2da0ef000 rw-p 00000000 00:00 0 
75d2da0ef000-75d2da0f3000 r--p 00000000 08:13 2630747                    /usr/lib/libgcc_s.so.1
75d2da0f3000-75d2da10e000 r-xp 00004000 08:13 2630747                    /usr/lib/libgcc_s.so.1
75d2da10e000-75d2da112000 r--p 0001f000 08:13 2630747                    /usr/lib/libgcc_s.so.1
75d2da112000-75d2da113000 r--p 00022000 08:13 2630747                    /usr/lib/libgcc_s.so.1
75d2da113000-75d2da114000 rw-p 00023000 08:13 2630747                    /usr/lib/libgcc_s.so.1
75d2da114000-75d2da122000 r--p 00000000 08:13 2629953                    /usr/lib/libm.so.6
75d2da122000-75d2da1a2000 r-xp 0000e000 08:13 2629953                    /usr/lib/libm.so.6
75d2da1a2000-75d2da1fe000 r--p 0008e000 08:13 2629953                    /usr/lib/libm.so.6
75d2da1fe000-75d2da1ff000 r--p 000e9000 08:13 2629953                    /usr/lib/libm.so.6
75d2da1ff000-75d2da200000 rw-p 000ea000 08:13 2629953                    /usr/lib/libm.so.6
75d2da200000-75d2da47d000 r--p 00000000 08:13 3170767                    /usr/lib/jvm/java-21-openjdk/lib/server/libjvm.so
75d2da47d000-75d2db394000 r-xp 0027d000 08:13 3170767                    /usr/lib/jvm/java-21-openjdk/lib/server/libjvm.so
75d2db394000-75d2db583000 r--p 01194000 08:13 3170767                    /usr/lib/jvm/java-21-openjdk/lib/server/libjvm.so
75d2db583000-75d2db64e000 r--p 01382000 08:13 3170767                    /usr/lib/jvm/java-21-openjdk/lib/server/libjvm.so
75d2db64e000-75d2db678000 rw-p 0144d000 08:13 3170767                    /usr/lib/jvm/java-21-openjdk/lib/server/libjvm.so
75d2db678000-75d2db6dd000 rw-p 00000000 00:00 0 
75d2db6e0000-75d2db6e3000 rw-p 00000000 00:00 0 
75d2db6e3000-75d2db6e6000 r--p 00000000 08:13 2642014                    /usr/lib/libz.so.1.3.1
75d2db6e6000-75d2db6f4000 r-xp 00003000 08:13 2642014                    /usr/lib/libz.so.1.3.1
75d2db6f4000-75d2db6fb000 r--p 00011000 08:13 2642014                    /usr/lib/libz.so.1.3.1
75d2db6fb000-75d2db6fc000 r--p 00017000 08:13 2642014                    /usr/lib/libz.so.1.3.1
75d2db6fc000-75d2db6fd000 rw-p 00018000 08:13 2642014                    /usr/lib/libz.so.1.3.1
75d2db6fd000-75d2db721000 r--p 00000000 08:13 2629943                    /usr/lib/libc.so.6
75d2db721000-75d2db87c000 r-xp 00024000 08:13 2629943                    /usr/lib/libc.so.6
75d2db87c000-75d2db8d1000 r--p 0017f000 08:13 2629943                    /usr/lib/libc.so.6
75d2db8d1000-75d2db8d5000 r--p 001d3000 08:13 2629943                    /usr/lib/libc.so.6
75d2db8d5000-75d2db8d7000 rw-p 001d7000 08:13 2629943                    /usr/lib/libc.so.6
75d2db8d7000-75d2db8df000 rw-p 00000000 00:00 0 
75d2db8e0000-75d2db8e1000 r--p 00000000 08:13 2629979                    /usr/lib/libutil.so.1
75d2db8e1000-75d2db8e2000 r-xp 00001000 08:13 2629979                    /usr/lib/libutil.so.1
75d2db8e2000-75d2db8e3000 r--p 00002000 08:13 2629979                    /usr/lib/libutil.so.1
75d2db8e3000-75d2db8e4000 r--p 00002000 08:13 2629979                    /usr/lib/libutil.so.1
75d2db8e4000-75d2db8e5000 rw-p 00003000 08:13 2629979                    /usr/lib/libutil.so.1
75d2db8e5000-75d2db8ed000 rw-p 00000000 00:00 0 
75d2db8ed000-75d2db8f4000 ---p 00000000 00:00 0 
75d2db8f4000-75d2db8fc000 rw-s 00000000 00:24 41562                      /tmp/hsperfdata_zak/176978
75d2db8fc000-75d2db8fd000 ---p 00000000 00:00 0 
75d2db8fd000-75d2db8fe000 r--p 00000000 00:00 0 
75d2db8fe000-75d2db8ff000 ---p 00000000 00:00 0 
75d2db8ff000-75d2db901000 r--p 00000000 08:13 3170734                    /usr/lib/jvm/java-21-openjdk/lib/libjimage.so
75d2db901000-75d2db903000 r-xp 00002000 08:13 3170734                    /usr/lib/jvm/java-21-openjdk/lib/libjimage.so
75d2db903000-75d2db904000 r--p 00004000 08:13 3170734                    /usr/lib/jvm/java-21-openjdk/lib/libjimage.so
75d2db904000-75d2db905000 r--p 00004000 08:13 3170734                    /usr/lib/jvm/java-21-openjdk/lib/libjimage.so
75d2db905000-75d2db906000 rw-p 00005000 08:13 3170734                    /usr/lib/jvm/java-21-openjdk/lib/libjimage.so
75d2db906000-75d2db908000 r--p 00000000 08:13 3170735                    /usr/lib/jvm/java-21-openjdk/lib/libjli.so
75d2db908000-75d2db911000 r-xp 00002000 08:13 3170735                    /usr/lib/jvm/java-21-openjdk/lib/libjli.so
75d2db911000-75d2db914000 r--p 0000b000 08:13 3170735                    /usr/lib/jvm/java-21-openjdk/lib/libjli.so
75d2db914000-75d2db915000 r--p 0000d000 08:13 3170735                    /usr/lib/jvm/java-21-openjdk/lib/libjli.so
75d2db915000-75d2db916000 rw-p 0000e000 08:13 3170735                    /usr/lib/jvm/java-21-openjdk/lib/libjli.so
75d2db916000-75d2db918000 rw-p 00000000 00:00 0 
75d2db918000-75d2db919000 r--p 00000000 08:13 2629934                    /usr/lib/ld-linux-x86-64.so.2
75d2db919000-75d2db940000 r-xp 00001000 08:13 2629934                    /usr/lib/ld-linux-x86-64.so.2
75d2db940000-75d2db94b000 r--p 00028000 08:13 2629934                    /usr/lib/ld-linux-x86-64.so.2
75d2db94b000-75d2db94d000 r--p 00032000 08:13 2629934                    /usr/lib/ld-linux-x86-64.so.2
75d2db94d000-75d2db94f000 rw-p 00034000 08:13 2629934                    /usr/lib/ld-linux-x86-64.so.2
7ffcb2f71000-7ffcb2f93000 rw-p 00000000 00:00 0                          [stack]
7ffcb2f9d000-7ffcb2fa1000 r--p 00000000 00:00 0                          [vvar]
7ffcb2fa1000-7ffcb2fa3000 r-xp 00000000 00:00 0                          [vdso]
ffffffffff600000-ffffffffff601000 --xp 00000000 00:00 0                  [vsyscall]
Total number of mappings: 272


VM Arguments:
jvm_args: -Xmx64m -Xms64m -Dorg.gradle.appname=gradlew 
java_command: org.gradle.wrapper.GradleWrapperMain build --continuous -xtest
java_class_path (initial): /home/zak/Desktop/myDesk/javaProjects/el_meyloud_RE/api/gradle/wrapper/gradle-wrapper.jar
Launcher Type: SUN_STANDARD

[Global flags]
     intx CICompilerCount                          = 3                                         {product} {ergonomic}
     uint ConcGCThreads                            = 1                                         {product} {ergonomic}
     uint G1ConcRefinementThreads                  = 4                                         {product} {ergonomic}
   size_t G1HeapRegionSize                         = 1048576                                   {product} {ergonomic}
    uintx GCDrainStackTargetSize                   = 64                                        {product} {ergonomic}
   size_t InitialHeapSize                          = 67108864                                  {product} {command line}
   size_t MarkStackSize                            = 4194304                                   {product} {ergonomic}
   size_t MaxHeapSize                              = 67108864                                  {product} {command line}
   size_t MaxNewSize                               = 39845888                                  {product} {ergonomic}
   size_t MinHeapDeltaBytes                        = 1048576                                   {product} {ergonomic}
   size_t MinHeapSize                              = 67108864                                  {product} {command line}
    uintx NonNMethodCodeHeapSize                   = 5832780                                {pd product} {ergonomic}
    uintx NonProfiledCodeHeapSize                  = 122912730                              {pd product} {ergonomic}
    uintx ProfiledCodeHeapSize                     = 122912730                              {pd product} {ergonomic}
    uintx ReservedCodeCacheSize                    = 251658240                              {pd product} {ergonomic}
     bool SegmentedCodeCache                       = true                                      {product} {ergonomic}
   size_t SoftMaxHeapSize                          = 67108864                               {manageable} {ergonomic}
     bool UseCompressedOops                        = true                           {product lp64_product} {ergonomic}
     bool UseG1GC                                  = true                                      {product} {ergonomic}

Logging:
Log output configuration:
 #0: stdout all=warning uptime,level,tags foldmultilines=false
 #1: stderr all=off uptime,level,tags foldmultilines=false

Environment Variables:
PATH=/usr/local/sbin:/usr/local/bin:/usr/bin:/opt/android-sdk/cmdline-tools/latest/bin:/opt/android-sdk/platform-tools:/opt/android-sdk/tools:/opt/android-sdk/tools/bin:/usr/lib/jvm/default/bin:/usr/bin/site_perl:/usr/bin/vendor_perl:/usr/bin/core_perl:/home/zak/.fzf/bin
SHELL=/usr/bin/zsh
DISPLAY=:1
LANG=en_US.UTF-8
LC_TIME=C
TERM=xterm-256color

Active Locale:
LC_ALL=LC_CTYPE=en_US.UTF-8;LC_NUMERIC=en_US.UTF-8;LC_TIME=C;LC_COLLATE=en_US.UTF-8;LC_MONETARY=en_US.UTF-8;LC_MESSAGES=en_US.UTF-8;LC_PAPER=C;LC_NAME=en_US.UTF-8;LC_ADDRESS=en_US.UTF-8;LC_TELEPHONE=en_US.UTF-8;LC_MEASUREMENT=C;LC_IDENTIFICATION=en_US.UTF-8
LC_COLLATE=en_US.UTF-8
LC_CTYPE=en_US.UTF-8
LC_MESSAGES=en_US.UTF-8
LC_MONETARY=en_US.UTF-8
LC_NUMERIC=en_US.UTF-8
LC_TIME=C

Signal Handlers:
   SIGSEGV: crash_handler in libjvm.so, mask=11100100010111111101111111111110, flags=SA_RESTART|SA_SIGINFO, unblocked
    SIGBUS: crash_handler in libjvm.so, mask=11100100010111111101111111111110, flags=SA_RESTART|SA_SIGINFO, unblocked
    SIGFPE: crash_handler in libjvm.so, mask=11100100010111111101111111111110, flags=SA_RESTART|SA_SIGINFO, unblocked
   SIGPIPE: javaSignalHandler in libjvm.so, mask=11100100010111111101111111111110, flags=SA_RESTART|SA_SIGINFO, blocked
   SIGXFSZ: javaSignalHandler in libjvm.so, mask=11100100010111111101111111111110, flags=SA_RESTART|SA_SIGINFO, blocked
    SIGILL: crash_handler in libjvm.so, mask=11100100010111111101111111111110, flags=SA_RESTART|SA_SIGINFO, unblocked
   SIGUSR2: SR_handler in libjvm.so, mask=00000000000000000000000000000000, flags=SA_RESTART|SA_SIGINFO, blocked
    SIGHUP: UserHandler in libjvm.so, mask=11100100010111111101111111111110, flags=SA_RESTART|SA_SIGINFO, blocked
    SIGINT: UserHandler in libjvm.so, mask=11100100010111111101111111111110, flags=SA_RESTART|SA_SIGINFO, blocked
   SIGTERM: UserHandler in libjvm.so, mask=11100100010111111101111111111110, flags=SA_RESTART|SA_SIGINFO, blocked
   SIGQUIT: UserHandler in libjvm.so, mask=11100100010111111101111111111110, flags=SA_RESTART|SA_SIGINFO, blocked
   SIGTRAP: crash_handler in libjvm.so, mask=11100100010111111101111111111110, flags=SA_RESTART|SA_SIGINFO, unblocked


Periodic native trim disabled

---------------  S Y S T E M  ---------------

OS:
NAME="Arch Linux"
PRETTY_NAME="Arch Linux"
ID=arch
BUILD_ID=rolling
ANSI_COLOR="38;2;23;147;209"
HOME_URL="https://archlinux.org/"
DOCUMENTATION_URL="https://wiki.archlinux.org/"
SUPPORT_URL="https://bbs.archlinux.org/"
BUG_REPORT_URL="https://gitlab.archlinux.org/groups/archlinux/-/issues"
PRIVACY_POLICY_URL="https://terms.archlinux.org/docs/privacy-policy/"
LOGO=archlinux-logo
uname: Linux 6.7.9-arch1-1 #1 SMP PREEMPT_DYNAMIC Fri, 08 Mar 2024 01:59:01 +0000 x86_64
OS uptime: 1 days 20:15 hours
libc: glibc 2.39 NPTL 2.39 
rlimit (soft/hard): STACK 8192k/infinity , CORE infinity/infinity , NPROC 29318/29318 , NOFILE 524288/524288 , AS infinity/infinity , CPU infinity/infinity , DATA infinity/infinity , FSIZE infinity/infinity , MEMLOCK 8192k/8192k
load average: 0.72 0.96 1.25

/proc/meminfo:
MemTotal:        7527968 kB
MemFree:          224264 kB
MemAvailable:    1116804 kB
Buffers:           65804 kB
Cached:          2189616 kB
SwapCached:       725184 kB
Active:          2812672 kB
Inactive:        2094864 kB
Active(anon):    2451776 kB
Inactive(anon):  1386012 kB
Active(file):     360896 kB
Inactive(file):   708852 kB
Unevictable:      280216 kB
Mlocked:              92 kB
SwapTotal:      16777208 kB
SwapFree:        9110576 kB
Zswap:           1437048 kB
Zswapped:        7160220 kB
Dirty:            115076 kB
Writeback:           220 kB
AnonPages:       2864572 kB
Mapped:           486656 kB
Shmem:           1184796 kB
KReclaimable:     130484 kB
Slab:             428436 kB
SReclaimable:     130484 kB
SUnreclaim:       297952 kB
KernelStack:       31936 kB
PageTables:        84740 kB
SecPageTables:         0 kB
NFS_Unstable:          0 kB
Bounce:                0 kB
WritebackTmp:          0 kB
CommitLimit:    20541192 kB
Committed_AS:   25022704 kB
VmallocTotal:   34359738367 kB
VmallocUsed:       71008 kB
VmallocChunk:          0 kB
Percpu:             2624 kB
HardwareCorrupted:     0 kB
AnonHugePages:    419840 kB
ShmemHugePages:        0 kB
ShmemPmdMapped:        0 kB
FileHugePages:     38912 kB
FilePmdMapped:     38912 kB
CmaTotal:              0 kB
CmaFree:               0 kB
Unaccepted:            0 kB
HugePages_Total:       0
HugePages_Free:        0
HugePages_Rsvd:        0
HugePages_Surp:        0
Hugepagesize:       2048 kB
Hugetlb:               0 kB
DirectMap4k:      163892 kB
DirectMap2M:     5513216 kB
DirectMap1G:     2097152 kB

/sys/kernel/mm/transparent_hugepage/enabled: [always] madvise never
/sys/kernel/mm/transparent_hugepage/defrag (defrag/compaction efforts parameter): always defer defer+madvise [madvise] never

Process Memory:
Virtual Size: 3264808K (peak: 3328220K)
Resident Set Size: 28056K (peak: 124412K) (anon: 12252K, file: 15784K, shmem: 20K)
Swapped out: 96912K
C-Heap outstanding allocations: 24214K, retained: 21445K
glibc malloc tunables: (default)

/proc/sys/kernel/threads-max (system-wide limit on the number of threads): 58637
/proc/sys/vm/max_map_count (maximum number of memory map areas a process may have): 65530
/proc/sys/kernel/pid_max (system-wide limit on number of process identifiers): 4194304

container (cgroup) information:
container_type: cgroupv2
cpu_cpuset_cpus: not supported
cpu_memory_nodes: not supported
active_processor_count: 4
cpu_quota: not supported
cpu_period: not supported
cpu_shares: not supported
memory_limit_in_bytes: unlimited
memory_and_swap_limit_in_bytes: unlimited
memory_soft_limit_in_bytes: unlimited
memory_usage_in_bytes: 2776084 k
memory_max_usage_in_bytes: not supported
memory_swap_current_in_bytes: 4799780 k
memory_swap_max_limit_in_bytes: unlimited
maximum number of tasks: 8795
current number of tasks: 629

Steal ticks since vm start: 0
Steal ticks percentage since vm start:  0.000

CPU: total 4 (initial active 4) (2 cores per cpu, 2 threads per core) family 6 model 78 stepping 3 microcode 0xea, cx8, cmov, fxsr, ht, mmx, 3dnowpref, sse, sse2, sse3, ssse3, sse4.1, sse4.2, popcnt, lzcnt, tsc, tscinvbit, avx, avx2, aes, erms, clmul, bmi1, bmi2, adx, fma, vzeroupper, clflush, clflushopt, rdtscp, f16c
CPU Model and flags from /proc/cpuinfo:
model name	: Intel(R) Core(TM) i5-6300U CPU @ 2.40GHz
flags		: fpu vme de pse tsc msr pae mce cx8 apic sep mtrr pge mca cmov pat pse36 clflush dts acpi mmx fxsr sse sse2 ss ht tm pbe syscall nx pdpe1gb rdtscp lm constant_tsc art arch_perfmon pebs bts rep_good nopl xtopology nonstop_tsc cpuid aperfmperf pni pclmulqdq dtes64 monitor ds_cpl vmx smx est tm2 ssse3 sdbg fma cx16 xtpr pdcm pcid sse4_1 sse4_2 x2apic movbe popcnt tsc_deadline_timer aes xsave avx f16c rdrand lahf_lm abm 3dnowprefetch cpuid_fault epb pti ssbd ibrs ibpb stibp tpr_shadow flexpriority ept vpid ept_ad fsgsbase tsc_adjust bmi1 avx2 smep bmi2 erms invpcid mpx rdseed adx smap clflushopt intel_pt xsaveopt xsavec xgetbv1 xsaves dtherm ida arat pln pts hwp hwp_notify hwp_act_window hwp_epp vnmi md_clear flush_l1d

Online cpus: 0-3
Offline cpus: 
BIOS frequency limitation: <Not Available>
Frequency switch latency (ns): 0
Available cpu frequencies: <Not Available>
Current governor: powersave
Core performance/turbo boost: <Not Available>

Memory: 4k page, physical 7527968k(1122476k free), swap 16777208k(9110576k free)
Page Sizes: 4k

vm_info: OpenJDK 64-Bit Server VM (21.0.2+13) for linux-amd64 JRE (21.0.2+13), built on 2024-01-31T10:43:53Z by "builduser" with gcc 13.2.1 20230801

END.
