#
# A fatal error has been detected by the Java Runtime Environment:
#
#  SIGSEGV (0xb) at pc=0x0000000000002400, pid=81012, tid=81018
#
# JRE version: OpenJDK Runtime Environment Temurin-17.0.10+7 (17.0.10+7) (build 17.0.10+7)
# Java VM: OpenJDK 64-Bit Server VM Temurin-17.0.10+7 (17.0.10+7, mixed mode, tiered, compressed oops, compressed class ptrs, parallel gc, linux-amd64)
# Problematic frame:
# C  [ld-linux-x86-64.so.2+0x10e2]
#
# Core dump will be written. Default location: Core dumps may be processed with "/usr/lib/systemd/systemd-coredump %P %u %g %s %t %c %h" (or dumping to /home/zak/Desktop/myDesk/javaProjects/el_meyloud_RE/api/core.81012)
#
# If you would like to submit a bug report, please visit:
#   https://github.com/adoptium/adoptium-support/issues
#

---------------  S U M M A R Y ------------

Command Line: --add-modules=ALL-SYSTEM --add-opens=java.base/java.util=ALL-UNNAMED --add-opens=java.base/java.lang=ALL-UNNAMED --add-opens=java.base/sun.nio.fs=ALL-UNNAMED -Declipse.application=org.eclipse.jdt.ls.core.id1 -Dosgi.bundles.defaultStartLevel=4 -Declipse.product=org.eclipse.jdt.ls.core.product -Djava.import.generatesMetadataFilesAtProjectRoot=false -DDetectVMInstallationsJob.disabled=true -Dfile.encoding=utf8 -XX:+UseParallelGC -XX:GCTimeRatio=4 -XX:AdaptiveSizePolicyWeight=90 -Dsun.zip.disableMemoryMapping=true -Xmx1G -Xms100m -Xlog:disable -javaagent:/home/zak/.vscode-oss/extensions/redhat.java-1.30.0-linux-x64/lombok/lombok-1.18.32.jar -XX:+HeapDumpOnOutOfMemoryError -XX:HeapDumpPath=/home/zak/.config/Code - OSS/User/workspaceStorage/0473cc2eeb19671f3cb5606f94dc0af1/redhat.java -Daether.dependencyCollector.impl=bf /home/zak/.vscode-oss/extensions/redhat.java-1.30.0-linux-x64/server/plugins/org.eclipse.equinox.launcher_1.6.800.v20240330-1250.jar -configuration /home/zak/.config/Code - OSS/User/globalStorage/redhat.java/1.30.0/config_linux -data /home/zak/.config/Code - OSS/User/workspaceStorage/0473cc2eeb19671f3cb5606f94dc0af1/redhat.java/jdt_ws --pipe=/run/user/1000/lsp-b5dd8064ebbfdb689c340366283abd19.sock

Host: Intel(R) Core(TM) i5-6300U CPU @ 2.40GHz, 4 cores, 7G, Arch Linux
Time: Sat May 11 17:48:38 2024 CET elapsed time: 58942.603077 seconds (0d 16h 22m 22s)

---------------  T H R E A D  ---------------

Current thread (0x000073a6b8068e10):  VMThread "VM Thread" [stack: 0x000073a69bcfe000,0x000073a69bdfe000] [id=81018]

Stack: [0x000073a69bcfe000,0x000073a69bdfe000],  sp=0x000073a69bdfc760,  free space=1017k
Native frames: (J=compiled Java code, j=interpreted, Vv=VM code, C=native code)
C  [ld-linux-x86-64.so.2+0x10e2]


siginfo: si_signo: 11 (SIGSEGV), si_code: 1 (SEGV_MAPERR), si_addr: 0x0000000000002400

Registers:
RAX=0x0000000000000001, RBX=0x000073a699205de0, RCX=0x0000000000000000, RDX=0x0000000000000000
RSP=0x000073a69bdfc758, RBP=0x000073a6085c1ef0, RSI=0x0000000000000000, RDI=0x000073a6085c1ef0
R8 =0x000073a69bdfc7d0, R9 =0x000073a69bdfc72f, R10=0x000073a6beaeed48, R11=0x000073a6beb1a4f0
R12=0x000073a699205de0, R13=0x000073a6bed42a08, R14=0x0000000000000000, R15=0x000073a6085c1ef0
RIP=0x0000000000002400, EFLAGS=0x0000000000010202, CSGSFS=0x002b000000000033, ERR=0x0000000000000014
  TRAPNO=0x000000000000000e


Register to memory mapping:

RAX=0x0000000000000001 is an unknown value
RBX=
[error occurred during error reporting (printing register info), id 0xb, SIGSEGV (0xb) at pc=0x000073a6bec2f41e]

Top of Stack: (sp=0x000073a69bdfc758)
0x000073a69bdfc758:   000073a6bed0e0e2 000073a6bed42000
0x000073a69bdfc768:   000073a69bdfc8b0 0000000000000000
0x000073a69bdfc778:   000073a6bed11ffe 000073a6bed432e0
0x000073a69bdfc788:   000073a6bed438c0 000073a6b8001d30
0x000073a69bdfc798:   000073a6b8016fb0 000073a6bed0b2e0
0x000073a69bdfc7a8:   000073a6b805d1a0 000073a6b8252cc0
0x000073a69bdfc7b8:   000073a6b82532f0 000073a6b82ecdd0
0x000073a69bdfc7c8:   000073a6b850dd40 000073a6085c1ef0
0x000073a69bdfc7d8:   000073a608d6edd0 000073a608d706c0
0x000073a69bdfc7e8:   000073a628022840 000073a6b8017700
0x000073a69bdfc7f8:   000055e99f3a92f0 000055e99f3a98e0
0x000073a69bdfc808:   000073a6bed0b860 000073a6bed0bd90
0x000073a69bdfc818:   000073a6400ad8e0 000073a6400aee40
0x000073a69bdfc828:   000055e99f3aa2e0 000073a6400af7f0
0x000073a69bdfc838:   000073a6400ae320 000073a6400ade10
0x000073a69bdfc848:   000073a6bed0c2c0 000073a6bed42ab0
0x000073a69bdfc858:   000073a6bed11ecc 000000029f3bd450
0x000073a69bdfc868:   000073a69bdfc860 000073a69bdfc7d0
0x000073a69bdfc878:   000073a69bdfc858 000073a69bdfc8b0
0x000073a69bdfc888:   000073a6becb5fa8 0000000000000000
0x000073a69bdfc898:   000000000000008f 000073a6becb4680
0x000073a69bdfc8a8:   000073a6becb5fc0 000000000000002c
0x000073a69bdfc8b8:   000073a6beb1ab36 0000000000000000
0x000073a69bdfc8c8:   0000000000000000 000073a6b8068e10
0x000073a69bdfc8d8:   00000001f005f140 0000000000000100
0x000073a69bdfc8e8:   000073a6b809e660 000073a69bdfc930
0x000073a69bdfc8f8:   000073a6b8152720 000073a6be9412e0
0x000073a69bdfc908:   000073a6bda3d990 000073a6984f3740
0x000073a69bdfc918:   000073a6beb1ac80 0000000000000000
0x000073a69bdfc928:   000073a6be22e379 000073a69bdfca40
0x000073a69bdfc938:   000073a6be4e5d5c 000073a600000002
0x000073a69bdfc948:   00000000000003d8 000073a6b809ea48 

Instructions: (pc=0x000073a6bed0e0e2)
0x000073a6bed0dfe2:   00 00 00 00 00 00 00 00 00 00 00 00 00 00 00 00
0x000073a6bed0dff2:   00 00 00 00 00 00 00 00 00 00 00 00 00 00 f3 0f
0x000073a6bed0e002:   1e fa 48 85 ff 74 4f 55 41 b8 85 cf 63 09 89 f5
0x000073a6bed0e012:   48 8d 0d 3c 89 02 00 53 ba ac 82 96 06 48 8d 35
0x000073a6bed0e022:   3d 89 02 00 48 89 fb 48 83 ec 08 e8 4e 9f 00 00
0x000073a6bed0e032:   48 85 c0 74 2d 66 83 78 06 f1 74 22 48 8b 13 48
0x000073a6bed0e042:   03 50 08 48 83 c4 08 40 0f b6 fd 5b 5d ff e2 0f
0x000073a6bed0e052:   1f 80 00 00 00 00 c3 0f 1f 80 00 00 00 00 31 d2
0x000073a6bed0e062:   eb dd 48 8d 0d 35 9e 02 00 ba 25 00 00 00 48 8d
0x000073a6bed0e072:   35 fe 88 02 00 48 8d 3d 11 89 02 00 e8 8d 89 01
0x000073a6bed0e082:   00 66 2e 0f 1f 84 00 00 00 00 00 0f 1f 00 f3 0f
0x000073a6bed0e092:   1e fa 41 54 55 48 89 fd 53 f6 05 1e 3a 03 00 02
0x000073a6bed0e0a2:   75 74 48 8b 85 10 01 00 00 80 a5 54 03 00 00 ef
0x000073a6bed0e0b2:   48 85 c0 74 37 4c 8b 60 08 48 8b 85 20 01 00 00
0x000073a6bed0e0c2:   4c 03 65 00 48 8b 40 08 48 c1 e8 03 48 8d 50 ff
0x000073a6bed0e0d2:   74 1a 49 8d 1c d4 0f 1f 84 00 00 00 00 00 ff 13
0x000073a6bed0e0e2:   48 89 d8 48 83 eb 08 49 39 c4 75 f2 48 8b 95 a8
0x000073a6bed0e0f2:   00 00 00 48 85 d2 74 16 48 8b 45 00 5b 48 03 42
0x000073a6bed0e102:   08 5d 41 5c ff e0 0f 1f 84 00 00 00 00 00 5b 5d
0x000073a6bed0e112:   41 5c c3 0f 1f 00 48 8b 57 30 48 8b 77 08 31 c0
0x000073a6bed0e122:   48 8d 3d 72 88 02 00 e8 e2 c5 00 00 e9 71 ff ff
0x000073a6bed0e132:   ff 66 2e 0f 1f 84 00 00 00 00 00 0f 1f 00 55 48
0x000073a6bed0e142:   8d 05 47 9c 02 00 48 89 f5 49 89 c9 53 48 89 d3
0x000073a6bed0e152:   48 89 c2 48 81 ec 18 04 00 00 85 ff 75 52 80 7d
0x000073a6bed0e162:   00 00 48 8d 0d 9a 8f 02 00 4c 8d 05 1d 9c 02 00
0x000073a6bed0e172:   4c 0f 45 c1 48 85 db 48 8d 0d 28 a2 02 00 48 0f
0x000073a6bed0e182:   44 d9 48 8b 0d 0d 39 03 00 48 8d 3d 3a 88 02 00
0x000073a6bed0e192:   48 8b 31 50 48 8d 0d 18 88 02 00 52 48 89 da 48
0x000073a6bed0e1a2:   85 f6 48 0f 44 f1 48 89 e9 31 c0 e8 be c8 00 00
0x000073a6bed0e1b2:   ba 00 04 00 00 48 8d 74 24 10 48 89 4c 24 08 e8
0x000073a6bed0e1c2:   1a 87 01 00 4c 8b 4c 24 08 48 8d 15 33 8f 02 00
0x000073a6bed0e1d2:   eb 8c 66 66 2e 0f 1f 84 00 00 00 00 00 90 f3 0f 


Stack slot to memory mapping:
stack at sp + 0 slots: 0x000073a6bed42000: _rtld_global+0x0000000000000000 in /lib64/ld-linux-x86-64.so.2 at 0x000073a6bed0d000
stack at sp + 1 slots: 0x000073a69bdfc8b0 points into unknown readable memory: 0x000000000000002c | 2c 00 00 00 00 00 00 00
stack at sp + 2 slots: 0x0 is NULL
stack at sp + 3 slots: 0x000073a6bed11ffe: <offset 0x0000000000004ffe> in /lib64/ld-linux-x86-64.so.2 at 0x000073a6bed0d000
stack at sp + 4 slots: 0x000073a6bed432e0 points into unknown readable memory: 0x000055e99eff7000 | 00 70 ff 9e e9 55 00 00
stack at sp + 5 slots: 0x000073a6bed438c0 points into unknown readable memory: 0x00007fff592f2000 | 00 20 2f 59 ff 7f 00 00
stack at sp + 6 slots: 0x000073a6b8001d30 points into unknown readable memory: 0x000073a6beccf000 | 00 f0 cc be a6 73 00 00
stack at sp + 7 slots: 0x000073a6b8016fb0 points into unknown readable memory: 0x000073a6be9dc000 | 00 c0 9d be a6 73 00 00

VM_Operation (0x000073a6984f3740): Exit, mode: safepoint, requested by thread 0x000073a6800376b0


---------------  P R O C E S S  ---------------

Threads class SMR info:
_java_thread_list=0x000073a5f005f140, length=28, elements={
0x000073a6b8027db0, 0x000073a6b8162970, 0x000073a6b8163ef0, 0x000073a6b818b250,
0x000073a6b818eb40, 0x000073a6b818fae0, 0x000073a6b8191140, 0x000073a6b8192600,
0x000073a6b8193a50, 0x000073a6b81f9d10, 0x000073a6b82fe410, 0x000073a6b84b1420,
0x000073a6b8509a70, 0x000073a6b850c2a0, 0x000073a620226810, 0x000073a620316640,
0x000073a620272a80, 0x000073a620862810, 0x000073a6b84ed6c0, 0x000073a6b85f9f10,
0x000073a6b85faed0, 0x000073a5ec09fba0, 0x000073a5ec0e6150, 0x000073a658a2e450,
0x000073a6800016a0, 0x000073a5f0055300, 0x000073a6581c7d60, 0x000073a6800376b0
}

Java Threads: ( => current thread )
  0x000073a6b8027db0 JavaThread "main" [_thread_blocked, id=81014, stack(0x000073a6bd500000,0x000073a6bd600000)]
  0x000073a6b8162970 JavaThread "Reference Handler" daemon [_thread_blocked, id=81019, stack(0x000073a69bbfd000,0x000073a69bcfd000)]
  0x000073a6b8163ef0 JavaThread "Finalizer" daemon [_thread_blocked, id=81021, stack(0x000073a69bafc000,0x000073a69bbfc000)]
  0x000073a6b818b250 JavaThread "Signal Dispatcher" daemon [_thread_blocked, id=81024, stack(0x000073a69b700000,0x000073a69b800000)]
  0x000073a6b818eb40 JavaThread "Service Thread" daemon [_thread_blocked, id=81025, stack(0x000073a69b5ff000,0x000073a69b6ff000)]
  0x000073a6b818fae0 JavaThread "Monitor Deflation Thread" daemon [_thread_blocked, id=81026, stack(0x000073a69b4fe000,0x000073a69b5fe000)]
  0x000073a6b8191140 JavaThread "C2 CompilerThread0" daemon [_thread_blocked, id=81027, stack(0x000073a69b3fd000,0x000073a69b4fd000)]
  0x000073a6b8192600 JavaThread "C1 CompilerThread0" daemon [_thread_blocked, id=81028, stack(0x000073a69b2fc000,0x000073a69b3fc000)]
  0x000073a6b8193a50 JavaThread "Sweeper thread" daemon [_thread_blocked, id=81029, stack(0x000073a69b1fb000,0x000073a69b2fb000)]
  0x000073a6b81f9d10 JavaThread "Common-Cleaner" daemon [_thread_blocked, id=81035, stack(0x000073a69b0fa000,0x000073a69b1fa000)]
  0x000073a6b82fe410 JavaThread "Notification Thread" daemon [_thread_blocked, id=81041, stack(0x000073a69aef8000,0x000073a69aff8000)]
  0x000073a6b84b1420 JavaThread "Active Thread: Equinox Container: 13bae5a4-bf0f-4a63-9332-0330f47fbaf6" [_thread_blocked, id=81061, stack(0x000073a69a9f3000,0x000073a69aaf3000)]
  0x000073a6b8509a70 JavaThread "Framework Event Dispatcher: Equinox Container: 13bae5a4-bf0f-4a63-9332-0330f47fbaf6" daemon [_thread_blocked, id=81063, stack(0x000073a69a8f2000,0x000073a69a9f2000)]
  0x000073a6b850c2a0 JavaThread "Start Level: Equinox Container: 13bae5a4-bf0f-4a63-9332-0330f47fbaf6" daemon [_thread_blocked, id=81064, stack(0x000073a69a7f1000,0x000073a69a8f1000)]
  0x000073a620226810 JavaThread "Bundle File Closer" daemon [_thread_blocked, id=81068, stack(0x000073a69a6f0000,0x000073a69a7f0000)]
  0x000073a620316640 JavaThread "SCR Component Actor" daemon [_thread_blocked, id=81069, stack(0x000073a69a5ef000,0x000073a69a6ef000)]
  0x000073a620272a80 JavaThread "Worker-JM" [_thread_blocked, id=81073, stack(0x000073a69a100000,0x000073a69a200000)]
  0x000073a620862810 JavaThread "Java indexing" daemon [_thread_blocked, id=81142, stack(0x000073a699b42000,0x000073a699c42000)]
  0x000073a6b84ed6c0 JavaThread "pool-2-thread-1" [_thread_blocked, id=81146, stack(0x000073a699715000,0x000073a699815000)]
  0x000073a6b85f9f10 JavaThread "WorkspaceEventsHandler" [_thread_blocked, id=81147, stack(0x000073a699614000,0x000073a699714000)]
  0x000073a6b85faed0 JavaThread "pool-1-thread-1" [_thread_in_native, id=81148, stack(0x000073a699513000,0x000073a699613000)]
  0x000073a5ec09fba0 JavaThread "Timer-0" [_thread_blocked, id=81277, stack(0x000073a69a4ee000,0x000073a69a5ee000)]
  0x000073a5ec0e6150 JavaThread "Timer-1" [_thread_blocked, id=81329, stack(0x000073a699412000,0x000073a699512000)]
  0x000073a658a2e450 JavaThread "Cleaner-0" daemon [_thread_blocked, id=81669, stack(0x000073a69aff9000,0x000073a69b0f9000)]
  0x000073a6800016a0 JavaThread "Attach Listener" daemon [_thread_blocked, id=81785, stack(0x000073a698afc000,0x000073a698bfc000)]
  0x000073a5f0055300 JavaThread "Worker-223" [_thread_blocked, id=411932, stack(0x000073a693cfe000,0x000073a693dfe000)]
  0x000073a6581c7d60 JavaThread "Worker-229" [_thread_blocked, id=422121, stack(0x000073a6937f9000,0x000073a6938f9000)]
  0x000073a6800376b0 JavaThread "SIGTERM handler" daemon [_thread_blocked, id=436771, stack(0x000073a6983f5000,0x000073a6984f5000)]

Other Threads:
=>0x000073a6b8068e10 VMThread "VM Thread" [stack: 0x000073a69bcfe000,0x000073a69bdfe000] [id=81018]
  0x000073a6b803f6f0 GCTaskThread "GC Thread#0" [stack: 0x000073a6bd22a000,0x000073a6bd32a000] [id=81015]
  0x000073a694001230 GCTaskThread "GC Thread#1" [stack: 0x000073a69acf6000,0x000073a69adf6000] [id=81051]
  0x000073a694002bd0 GCTaskThread "GC Thread#2" [stack: 0x000073a69abf5000,0x000073a69acf5000] [id=81052]
  0x000073a6940035e0 GCTaskThread "GC Thread#3" [stack: 0x000073a69aaf4000,0x000073a69abf4000] [id=81053]

Threads with active compile tasks:

VM state: at safepoint (shutting down)

VM Mutex/Monitor currently owned by a thread:  ([mutex/lock_event])
[0x000073a6b8024b20] Threads_lock - owner thread: 0x000073a6b8068e10
[0x000073a6b80252d0] Heap_lock - owner thread: 0x000073a6800376b0

Heap address: 0x00000000c0000000, size: 1024 MB, Compressed Oops mode: 32-bit

CDS archive(s) not mapped
Compressed class space mapped at: 0x0000000100000000-0x0000000140000000, reserved size: 1073741824
Narrow klass base: 0x0000000000000000, Narrow klass shift: 3, Narrow klass range: 0x140000000

GC Precious Log:
 CPUs: 4 total, 4 available
 Memory: 7351M
 Large Page Support: Disabled
 NUMA Support: Disabled
 Compressed Oops: Enabled (32-bit)
 Alignments: Space 512K, Generation 512K, Heap 2M
 Heap Min Capacity: 100M
 Heap Initial Capacity: 100M
 Heap Max Capacity: 1G
 Pre-touch: Disabled
 Parallel Workers: 4

Heap:
 PSYoungGen      total 7168K, used 1747K [0x00000000eab00000, 0x00000000eb680000, 0x0000000100000000)
  eden space 6144K, 18% used [0x00000000eab00000,0x00000000eac1e5d8,0x00000000eb100000)
  from space 1024K, 58% used [0x00000000eb580000,0x00000000eb616920,0x00000000eb680000)
  to   space 1024K, 0% used [0x00000000eb100000,0x00000000eb100000,0x00000000eb200000)
 ParOldGen       total 201216K, used 187435K [0x00000000c0000000, 0x00000000cc480000, 0x00000000eab00000)
  object space 201216K, 93% used [0x00000000c0000000,0x00000000cb70af70,0x00000000cc480000)
 Metaspace       used 113033K, committed 114368K, reserved 1179648K
  class space    used 11456K, committed 12160K, reserved 1048576K

Card table byte_map: [0x000073a6bd000000,0x000073a6bd201000] _byte_map_base: 0x000073a6bca00000

Marking Bits: (ParMarkBitMap*) 0x000073a6be91f380
 Begin Bits: [0x000073a6a4200000, 0x000073a6a5200000)
 End Bits:   [0x000073a6a5200000, 0x000073a6a6200000)

Polling page: 0x000073a6beccc000

Metaspace:

Usage:
  Non-class:     99.20 MB used.
      Class:     11.19 MB used.
       Both:    110.38 MB used.

Virtual space:
  Non-class space:      128.00 MB reserved,      99.81 MB ( 78%) committed,  2 nodes.
      Class space:        1.00 GB reserved,      11.88 MB (  1%) committed,  1 nodes.
             Both:        1.12 GB reserved,     111.69 MB ( 10%) committed. 

Chunk freelists:
   Non-Class:  11.76 MB
       Class:  4.07 MB
        Both:  15.83 MB

MaxMetaspaceSize: unlimited
CompressedClassSpaceSize: 1.00 GB
Initial GC threshold: 21.00 MB
Current GC threshold: 185.94 MB
CDS: off
MetaspaceReclaimPolicy: balanced
 - commit_granule_bytes: 65536.
 - commit_granule_words: 8192.
 - virtual_space_node_default_size: 8388608.
 - enlarge_chunks_in_place: 1.
 - new_chunks_are_fully_committed: 0.
 - uncommit_free_chunks: 1.
 - use_allocation_guard: 0.
 - handle_deallocations: 1.


Internal statistics:

num_allocs_failed_limit: 11.
num_arena_births: 1824.
num_arena_deaths: 942.
num_vsnodes_births: 3.
num_vsnodes_deaths: 0.
num_space_committed: 1789.
num_space_uncommitted: 2.
num_chunks_returned_to_freelist: 1176.
num_chunks_taken_from_freelist: 7275.
num_chunk_merges: 376.
num_chunk_splits: 4042.
num_chunks_enlarged: 2158.
num_inconsistent_stats: 0.

CodeHeap 'non-profiled nmethods': size=120032Kb used=41186Kb max_used=41544Kb free=78845Kb
 bounds [0x000073a6adcc8000, 0x000073a6b0568000, 0x000073a6b5200000]
CodeHeap 'profiled nmethods': size=120028Kb used=48978Kb max_used=49924Kb free=71049Kb
 bounds [0x000073a6a6200000, 0x000073a6a92e0000, 0x000073a6ad737000]
CodeHeap 'non-nmethods': size=5700Kb used=1462Kb max_used=1592Kb free=4237Kb
 bounds [0x000073a6ad737000, 0x000073a6ad9a7000, 0x000073a6adcc8000]
 total_blobs=24779 nmethods=23955 adapters=733
 compilation: enabled
              stopped_count=0, restarted_count=0
 full_count=0

Compilation events (20 events):
Event: 57346.146 Thread 0x000073a6b8192600 39032       3       org.eclipse.core.internal.jobs.InternalJob::setPriority (76 bytes)
Event: 57346.146 Thread 0x000073a6b8192600 nmethod 39032 0x000073a6a76b1f90 code [0x000073a6a76b2160, 0x000073a6a76b24c0]
Event: 57346.562 Thread 0x000073a6b8191140 39033       4       org.eclipse.jdt.internal.compiler.lookup.BoundSet::copy (186 bytes)
Event: 57347.106 Thread 0x000073a6b8191140 nmethod 39033 0x000073a6b0309b10 code [0x000073a6b030a360, 0x000073a6b03131b8]
Event: 57347.106 Thread 0x000073a6b8191140 39034       4       org.eclipse.jdt.internal.compiler.ClassFile::completeCodeAttribute (1174 bytes)
Event: 57347.203 Thread 0x000073a6b8191140 nmethod 39034 0x000073a6af998a90 code [0x000073a6af998de0, 0x000073a6af99b098]
Event: 57367.395 Thread 0x000073a6b8191140 39035       4       com.sun.org.apache.xerces.internal.util.ParserConfigurationSettings::addRecognizedFeatures (56 bytes)
Event: 57367.403 Thread 0x000073a6b8192600 39036       3       java.util.Collections::synchronizedSet (10 bytes)
Event: 57367.405 Thread 0x000073a6b8192600 nmethod 39036 0x000073a6a8005110 code [0x000073a6a8005300, 0x000073a6a8005950]
Event: 57367.459 Thread 0x000073a6b8191140 nmethod 39035 0x000073a6b0471810 code [0x000073a6b04719c0, 0x000073a6b0472438]
Event: 57367.460 Thread 0x000073a6b8191140 39037       4       org.eclipse.core.internal.jobs.DeadlockDetector::indexOf (43 bytes)
Event: 57367.476 Thread 0x000073a6b8191140 nmethod 39037 0x000073a6ae0ce610 code [0x000073a6ae0ce7c0, 0x000073a6ae0cf0d8]
Event: 57427.394 Thread 0x000073a6b8192600 39039       3       sun.nio.ch.Util$1::threadTerminated (20 bytes)
Event: 57427.395 Thread 0x000073a6b8192600 nmethod 39039 0x000073a6a6edac90 code [0x000073a6a6edae80, 0x000073a6a6edb3a0]
Event: 57427.395 Thread 0x000073a6b8192600 39038       3       sun.nio.ch.Util$1::threadTerminated (9 bytes)
Event: 57427.395 Thread 0x000073a6b8192600 nmethod 39038 0x000073a6a8172610 code [0x000073a6a8172820, 0x000073a6a8172e80]
Event: 57481.246 Thread 0x000073a6b8191140 39040       4       org.eclipse.jdt.internal.compiler.ast.FieldReference::manageSyntheticAccessIfNecessary (325 bytes)
Event: 57481.258 Thread 0x000073a6b8191140 nmethod 39040 0x000073a6b0494e90 code [0x000073a6b0495060, 0x000073a6b04955b8]
Event: 57481.258 Thread 0x000073a6b8191140 39041       4       org.eclipse.jdt.internal.compiler.ast.FieldReference::analyseAssignment (411 bytes)
Event: 57481.274 Thread 0x000073a6b8191140 nmethod 39041 0x000073a6afe7d990 code [0x000073a6afe7dbc0, 0x000073a6afe7e3e8]

GC Heap History (20 events):
Event: 57346.058 GC heap before
{Heap before GC invocations=22906 (full 641):
 PSYoungGen      total 6656K, used 6246K [0x00000000eab00000, 0x00000000eb580000, 0x0000000100000000)
  eden space 4608K, 100% used [0x00000000eab00000,0x00000000eaf80000,0x00000000eaf80000)
  from space 2048K, 79% used [0x00000000eb380000,0x00000000eb519930,0x00000000eb580000)
  to   space 2560K, 0% used [0x00000000eb080000,0x00000000eb080000,0x00000000eb300000)
 ParOldGen       total 201216K, used 166961K [0x00000000c0000000, 0x00000000cc480000, 0x00000000eab00000)
  object space 201216K, 82% used [0x00000000c0000000,0x00000000ca30c780,0x00000000cc480000)
 Metaspace       used 113019K, committed 114368K, reserved 1179648K
  class space    used 11454K, committed 12160K, reserved 1048576K
}
Event: 57346.066 GC heap after
{Heap after GC invocations=22906 (full 641):
 PSYoungGen      total 8192K, used 2534K [0x00000000eab00000, 0x00000000ebe80000, 0x0000000100000000)
  eden space 5632K, 0% used [0x00000000eab00000,0x00000000eab00000,0x00000000eb080000)
  from space 2560K, 98% used [0x00000000eb080000,0x00000000eb2f9930,0x00000000eb300000)
  to   space 7168K, 0% used [0x00000000eb780000,0x00000000eb780000,0x00000000ebe80000)
 ParOldGen       total 201216K, used 170508K [0x00000000c0000000, 0x00000000cc480000, 0x00000000eab00000)
  object space 201216K, 84% used [0x00000000c0000000,0x00000000ca6830c0,0x00000000cc480000)
 Metaspace       used 113019K, committed 114368K, reserved 1179648K
  class space    used 11454K, committed 12160K, reserved 1048576K
}
Event: 57346.505 GC heap before
{Heap before GC invocations=22907 (full 641):
 PSYoungGen      total 8192K, used 8149K [0x00000000eab00000, 0x00000000ebe80000, 0x0000000100000000)
  eden space 5632K, 99% used [0x00000000eab00000,0x00000000eb07bdf0,0x00000000eb080000)
  from space 2560K, 98% used [0x00000000eb080000,0x00000000eb2f9930,0x00000000eb300000)
  to   space 7168K, 0% used [0x00000000eb780000,0x00000000eb780000,0x00000000ebe80000)
 ParOldGen       total 201216K, used 170508K [0x00000000c0000000, 0x00000000cc480000, 0x00000000eab00000)
  object space 201216K, 84% used [0x00000000c0000000,0x00000000ca6830c0,0x00000000cc480000)
 Metaspace       used 113019K, committed 114368K, reserved 1179648K
  class space    used 11454K, committed 12160K, reserved 1048576K
}
Event: 57346.517 GC heap after
{Heap after GC invocations=22907 (full 641):
 PSYoungGen      total 12800K, used 4704K [0x00000000eab00000, 0x00000000ebd00000, 0x0000000100000000)
  eden space 7168K, 0% used [0x00000000eab00000,0x00000000eab00000,0x00000000eb200000)
  from space 5632K, 83% used [0x00000000eb780000,0x00000000ebc18000,0x00000000ebd00000)
  to   space 5632K, 0% used [0x00000000eb200000,0x00000000eb200000,0x00000000eb780000)
 ParOldGen       total 201216K, used 173074K [0x00000000c0000000, 0x00000000cc480000, 0x00000000eab00000)
  object space 201216K, 86% used [0x00000000c0000000,0x00000000ca9049f0,0x00000000cc480000)
 Metaspace       used 113019K, committed 114368K, reserved 1179648K
  class space    used 11454K, committed 12160K, reserved 1048576K
}
Event: 57346.545 GC heap before
{Heap before GC invocations=22908 (full 641):
 PSYoungGen      total 12800K, used 11872K [0x00000000eab00000, 0x00000000ebd00000, 0x0000000100000000)
  eden space 7168K, 100% used [0x00000000eab00000,0x00000000eb200000,0x00000000eb200000)
  from space 5632K, 83% used [0x00000000eb780000,0x00000000ebc18000,0x00000000ebd00000)
  to   space 5632K, 0% used [0x00000000eb200000,0x00000000eb200000,0x00000000eb780000)
 ParOldGen       total 201216K, used 173074K [0x00000000c0000000, 0x00000000cc480000, 0x00000000eab00000)
  object space 201216K, 86% used [0x00000000c0000000,0x00000000ca9049f0,0x00000000cc480000)
 Metaspace       used 113019K, committed 114368K, reserved 1179648K
  class space    used 11454K, committed 12160K, reserved 1048576K
}
Event: 57346.555 GC heap after
{Heap after GC invocations=22908 (full 641):
 PSYoungGen      total 7680K, used 474K [0x00000000eab00000, 0x00000000eb880000, 0x0000000100000000)
  eden space 7168K, 0% used [0x00000000eab00000,0x00000000eab00000,0x00000000eb200000)
  from space 512K, 92% used [0x00000000eb200000,0x00000000eb276900,0x00000000eb280000)
  to   space 2560K, 0% used [0x00000000eb600000,0x00000000eb600000,0x00000000eb880000)
 ParOldGen       total 201216K, used 177735K [0x00000000c0000000, 0x00000000cc480000, 0x00000000eab00000)
  object space 201216K, 88% used [0x00000000c0000000,0x00000000cad91ca8,0x00000000cc480000)
 Metaspace       used 113019K, committed 114368K, reserved 1179648K
  class space    used 11454K, committed 12160K, reserved 1048576K
}
Event: 57418.886 GC heap before
{Heap before GC invocations=22909 (full 641):
 PSYoungGen      total 7680K, used 7642K [0x00000000eab00000, 0x00000000eb880000, 0x0000000100000000)
  eden space 7168K, 100% used [0x00000000eab00000,0x00000000eb200000,0x00000000eb200000)
  from space 512K, 92% used [0x00000000eb200000,0x00000000eb276900,0x00000000eb280000)
  to   space 2560K, 0% used [0x00000000eb600000,0x00000000eb600000,0x00000000eb880000)
 ParOldGen       total 201216K, used 177735K [0x00000000c0000000, 0x00000000cc480000, 0x00000000eab00000)
  object space 201216K, 88% used [0x00000000c0000000,0x00000000cad91ca8,0x00000000cc480000)
 Metaspace       used 113029K, committed 114368K, reserved 1179648K
  class space    used 11455K, committed 12160K, reserved 1048576K
}
Event: 57418.889 GC heap after
{Heap after GC invocations=22909 (full 641):
 PSYoungGen      total 10240K, used 1350K [0x00000000eab00000, 0x00000000eb780000, 0x0000000100000000)
  eden space 8704K, 0% used [0x00000000eab00000,0x00000000eab00000,0x00000000eb380000)
  from space 1536K, 87% used [0x00000000eb600000,0x00000000eb751b80,0x00000000eb780000)
  to   space 2048K, 0% used [0x00000000eb380000,0x00000000eb380000,0x00000000eb580000)
 ParOldGen       total 201216K, used 177751K [0x00000000c0000000, 0x00000000cc480000, 0x00000000eab00000)
  object space 201216K, 88% used [0x00000000c0000000,0x00000000cad95ca8,0x00000000cc480000)
 Metaspace       used 113029K, committed 114368K, reserved 1179648K
  class space    used 11455K, committed 12160K, reserved 1048576K
}
Event: 57418.919 GC heap before
{Heap before GC invocations=22910 (full 641):
 PSYoungGen      total 10240K, used 10054K [0x00000000eab00000, 0x00000000eb780000, 0x0000000100000000)
  eden space 8704K, 99% used [0x00000000eab00000,0x00000000eb37ffe8,0x00000000eb380000)
  from space 1536K, 87% used [0x00000000eb600000,0x00000000eb751b80,0x00000000eb780000)
  to   space 2048K, 0% used [0x00000000eb380000,0x00000000eb380000,0x00000000eb580000)
 ParOldGen       total 201216K, used 177751K [0x00000000c0000000, 0x00000000cc480000, 0x00000000eab00000)
  object space 201216K, 88% used [0x00000000c0000000,0x00000000cad95ca8,0x00000000cc480000)
 Metaspace       used 113029K, committed 114368K, reserved 1179648K
  class space    used 11455K, committed 12160K, reserved 1048576K
}
Event: 57418.922 GC heap after
{Heap after GC invocations=22910 (full 641):
 PSYoungGen      total 10752K, used 500K [0x00000000eab00000, 0x00000000eb680000, 0x0000000100000000)
  eden space 8704K, 0% used [0x00000000eab00000,0x00000000eab00000,0x00000000eb380000)
  from space 2048K, 24% used [0x00000000eb380000,0x00000000eb3fd200,0x00000000eb580000)
  to   space 1024K, 0% used [0x00000000eb580000,0x00000000eb580000,0x00000000eb680000)
 ParOldGen       total 201216K, used 177879K [0x00000000c0000000, 0x00000000cc480000, 0x00000000eab00000)
  object space 201216K, 88% used [0x00000000c0000000,0x00000000cadb5cc8,0x00000000cc480000)
 Metaspace       used 113029K, committed 114368K, reserved 1179648K
  class space    used 11455K, committed 12160K, reserved 1048576K
}
Event: 57418.946 GC heap before
{Heap before GC invocations=22911 (full 641):
 PSYoungGen      total 10752K, used 9204K [0x00000000eab00000, 0x00000000eb680000, 0x0000000100000000)
  eden space 8704K, 100% used [0x00000000eab00000,0x00000000eb380000,0x00000000eb380000)
  from space 2048K, 24% used [0x00000000eb380000,0x00000000eb3fd200,0x00000000eb580000)
  to   space 1024K, 0% used [0x00000000eb580000,0x00000000eb580000,0x00000000eb680000)
 ParOldGen       total 201216K, used 177879K [0x00000000c0000000, 0x00000000cc480000, 0x00000000eab00000)
  object space 201216K, 88% used [0x00000000c0000000,0x00000000cadb5cc8,0x00000000cc480000)
 Metaspace       used 113029K, committed 114368K, reserved 1179648K
  class space    used 11455K, committed 12160K, reserved 1048576K
}
Event: 57418.949 GC heap after
{Heap after GC invocations=22911 (full 641):
 PSYoungGen      total 9728K, used 916K [0x00000000eab00000, 0x00000000eb680000, 0x0000000100000000)
  eden space 8704K, 0% used [0x00000000eab00000,0x00000000eab00000,0x00000000eb380000)
  from space 1024K, 89% used [0x00000000eb580000,0x00000000eb665200,0x00000000eb680000)
  to   space 1024K, 0% used [0x00000000eb480000,0x00000000eb480000,0x00000000eb580000)
 ParOldGen       total 201216K, used 177955K [0x00000000c0000000, 0x00000000cc480000, 0x00000000eab00000)
  object space 201216K, 88% used [0x00000000c0000000,0x00000000cadc8ec8,0x00000000cc480000)
 Metaspace       used 113029K, committed 114368K, reserved 1179648K
  class space    used 11455K, committed 12160K, reserved 1048576K
}
Event: 57481.154 GC heap before
{Heap before GC invocations=22912 (full 641):
 PSYoungGen      total 9728K, used 9620K [0x00000000eab00000, 0x00000000eb680000, 0x0000000100000000)
  eden space 8704K, 100% used [0x00000000eab00000,0x00000000eb380000,0x00000000eb380000)
  from space 1024K, 89% used [0x00000000eb580000,0x00000000eb665200,0x00000000eb680000)
  to   space 1024K, 0% used [0x00000000eb480000,0x00000000eb480000,0x00000000eb580000)
 ParOldGen       total 201216K, used 177955K [0x00000000c0000000, 0x00000000cc480000, 0x00000000eab00000)
  object space 201216K, 88% used [0x00000000c0000000,0x00000000cadc8ec8,0x00000000cc480000)
 Metaspace       used 113030K, committed 114368K, reserved 1179648K
  class space    used 11455K, committed 12160K, reserved 1048576K
}
Event: 57481.161 GC heap after
{Heap after GC invocations=22912 (full 641):
 PSYoungGen      total 9728K, used 998K [0x00000000eab00000, 0x00000000ebc80000, 0x0000000100000000)
  eden space 8704K, 0% used [0x00000000eab00000,0x00000000eab00000,0x00000000eb380000)
  from space 1024K, 97% used [0x00000000eb480000,0x00000000eb579b80,0x00000000eb580000)
  to   space 4608K, 0% used [0x00000000eb800000,0x00000000eb800000,0x00000000ebc80000)
 ParOldGen       total 201216K, used 180998K [0x00000000c0000000, 0x00000000cc480000, 0x00000000eab00000)
  object space 201216K, 89% used [0x00000000c0000000,0x00000000cb0c18b0,0x00000000cc480000)
 Metaspace       used 113030K, committed 114368K, reserved 1179648K
  class space    used 11455K, committed 12160K, reserved 1048576K
}
Event: 57481.193 GC heap before
{Heap before GC invocations=22913 (full 641):
 PSYoungGen      total 9728K, used 9702K [0x00000000eab00000, 0x00000000ebc80000, 0x0000000100000000)
  eden space 8704K, 100% used [0x00000000eab00000,0x00000000eb380000,0x00000000eb380000)
  from space 1024K, 97% used [0x00000000eb480000,0x00000000eb579b80,0x00000000eb580000)
  to   space 4608K, 0% used [0x00000000eb800000,0x00000000eb800000,0x00000000ebc80000)
 ParOldGen       total 201216K, used 180998K [0x00000000c0000000, 0x00000000cc480000, 0x00000000eab00000)
  object space 201216K, 89% used [0x00000000c0000000,0x00000000cb0c18b0,0x00000000cc480000)
 Metaspace       used 113030K, committed 114368K, reserved 1179648K
  class space    used 11455K, committed 12160K, reserved 1048576K
}
Event: 57481.205 GC heap after
{Heap after GC invocations=22913 (full 641):
 PSYoungGen      total 10752K, used 4602K [0x00000000eab00000, 0x00000000ec180000, 0x0000000100000000)
  eden space 6144K, 0% used [0x00000000eab00000,0x00000000eab00000,0x00000000eb100000)
  from space 4608K, 99% used [0x00000000eb800000,0x00000000ebc7e900,0x00000000ebc80000)
  to   space 7168K, 0% used [0x00000000eb100000,0x00000000eb100000,0x00000000eb800000)
 ParOldGen       total 201216K, used 182746K [0x00000000c0000000, 0x00000000cc480000, 0x00000000eab00000)
  object space 201216K, 90% used [0x00000000c0000000,0x00000000cb276b30,0x00000000cc480000)
 Metaspace       used 113030K, committed 114368K, reserved 1179648K
  class space    used 11455K, committed 12160K, reserved 1048576K
}
Event: 57481.233 GC heap before
{Heap before GC invocations=22914 (full 641):
 PSYoungGen      total 10752K, used 10746K [0x00000000eab00000, 0x00000000ec180000, 0x0000000100000000)
  eden space 6144K, 100% used [0x00000000eab00000,0x00000000eb100000,0x00000000eb100000)
  from space 4608K, 99% used [0x00000000eb800000,0x00000000ebc7e900,0x00000000ebc80000)
  to   space 7168K, 0% used [0x00000000eb100000,0x00000000eb100000,0x00000000eb800000)
 ParOldGen       total 201216K, used 182746K [0x00000000c0000000, 0x00000000cc480000, 0x00000000eab00000)
  object space 201216K, 90% used [0x00000000c0000000,0x00000000cb276b30,0x00000000cc480000)
 Metaspace       used 113030K, committed 114368K, reserved 1179648K
  class space    used 11455K, committed 12160K, reserved 1048576K
}
Event: 57481.241 GC heap after
{Heap after GC invocations=22914 (full 641):
 PSYoungGen      total 7168K, used 708K [0x00000000eab00000, 0x00000000eb880000, 0x0000000100000000)
  eden space 6144K, 0% used [0x00000000eab00000,0x00000000eab00000,0x00000000eb100000)
  from space 1024K, 69% used [0x00000000eb100000,0x00000000eb1b1210,0x00000000eb200000)
  to   space 3072K, 0% used [0x00000000eb580000,0x00000000eb580000,0x00000000eb880000)
 ParOldGen       total 201216K, used 186839K [0x00000000c0000000, 0x00000000cc480000, 0x00000000eab00000)
  object space 201216K, 92% used [0x00000000c0000000,0x00000000cb675d30,0x00000000cc480000)
 Metaspace       used 113030K, committed 114368K, reserved 1179648K
  class space    used 11455K, committed 12160K, reserved 1048576K
}
Event: 58070.560 GC heap before
{Heap before GC invocations=22915 (full 641):
 PSYoungGen      total 7168K, used 6852K [0x00000000eab00000, 0x00000000eb880000, 0x0000000100000000)
  eden space 6144K, 100% used [0x00000000eab00000,0x00000000eb100000,0x00000000eb100000)
  from space 1024K, 69% used [0x00000000eb100000,0x00000000eb1b1210,0x00000000eb200000)
  to   space 3072K, 0% used [0x00000000eb580000,0x00000000eb580000,0x00000000eb880000)
 ParOldGen       total 201216K, used 186839K [0x00000000c0000000, 0x00000000cc480000, 0x00000000eab00000)
  object space 201216K, 92% used [0x00000000c0000000,0x00000000cb675d30,0x00000000cc480000)
 Metaspace       used 113030K, committed 114368K, reserved 1179648K
  class space    used 11455K, committed 12160K, reserved 1048576K
}
Event: 58075.706 GC heap after
{Heap after GC invocations=22915 (full 641):
 PSYoungGen      total 7168K, used 602K [0x00000000eab00000, 0x00000000eb680000, 0x0000000100000000)
  eden space 6144K, 0% used [0x00000000eab00000,0x00000000eab00000,0x00000000eb100000)
  from space 1024K, 58% used [0x00000000eb580000,0x00000000eb616920,0x00000000eb680000)
  to   space 1024K, 0% used [0x00000000eb100000,0x00000000eb100000,0x00000000eb200000)
 ParOldGen       total 201216K, used 187435K [0x00000000c0000000, 0x00000000cc480000, 0x00000000eab00000)
  object space 201216K, 93% used [0x00000000c0000000,0x00000000cb70af70,0x00000000cc480000)
 Metaspace       used 113030K, committed 114368K, reserved 1179648K
  class space    used 11455K, committed 12160K, reserved 1048576K
}

Dll operation events (13 events):
Event: 0.009 Loaded shared library /home/zak/.vscode-oss/extensions/redhat.java-1.30.0-linux-x64/jre/17.0.10-linux-x86_64/lib/libjava.so
Event: 0.720 Loaded shared library /home/zak/.vscode-oss/extensions/redhat.java-1.30.0-linux-x64/jre/17.0.10-linux-x86_64/lib/libzip.so
Event: 0.725 Loaded shared library /home/zak/.vscode-oss/extensions/redhat.java-1.30.0-linux-x64/jre/17.0.10-linux-x86_64/lib/libinstrument.so
Event: 0.759 Loaded shared library /home/zak/.vscode-oss/extensions/redhat.java-1.30.0-linux-x64/jre/17.0.10-linux-x86_64/lib/libnio.so
Event: 0.790 Loaded shared library /home/zak/.vscode-oss/extensions/redhat.java-1.30.0-linux-x64/jre/17.0.10-linux-x86_64/lib/libzip.so
Event: 0.923 Loaded shared library /home/zak/.vscode-oss/extensions/redhat.java-1.30.0-linux-x64/jre/17.0.10-linux-x86_64/lib/libjimage.so
Event: 1.119 Loaded shared library /home/zak/.vscode-oss/extensions/redhat.java-1.30.0-linux-x64/jre/17.0.10-linux-x86_64/lib/libverify.so
Event: 3.038 Loaded shared library /home/zak/.vscode-oss/extensions/redhat.java-1.30.0-linux-x64/jre/17.0.10-linux-x86_64/lib/libnet.so
Event: 4.240 Loaded shared library /home/zak/.config/Code - OSS/User/globalStorage/redhat.java/1.30.0/config_linux/org.eclipse.equinox.launcher/org.eclipse.equinox.launcher.gtk.linux.x86_64_1.2.900.v20240129-1338/eclipse_11900.so
Event: 16.425 Loaded shared library /home/zak/.gradle/native/c067742578af261105cb4f569cf0c3c89f3d7b1fecec35dd04571415982c5e48/linux-amd64/libnative-platform.so
Event: 17.710 Loaded shared library /home/zak/.vscode-oss/extensions/redhat.java-1.30.0-linux-x64/jre/17.0.10-linux-x86_64/lib/libmanagement.so
Event: 17.711 Loaded shared library /home/zak/.vscode-oss/extensions/redhat.java-1.30.0-linux-x64/jre/17.0.10-linux-x86_64/lib/libmanagement_ext.so
Event: 18.478 Loaded shared library /home/zak/.vscode-oss/extensions/redhat.java-1.30.0-linux-x64/jre/17.0.10-linux-x86_64/lib/libextnet.so

Deoptimization events (20 events):
Event: 57306.920 Thread 0x000073a60428a200 Uncommon trap: trap_request=0xffffffc6 fr.pc=0x000073a6aeaaa040 relative=0x0000000000000080
Event: 57306.920 Thread 0x000073a60428a200 Uncommon trap: reason=bimorphic_or_optimized_type_check action=maybe_recompile pc=0x000073a6aeaaa040 method=org.eclipse.jdt.core.dom.VariableBinding.getJavaElement()Lorg/eclipse/jdt/core/IJavaElement; @ 16 c2
Event: 57306.920 Thread 0x000073a60428a200 DEOPT PACKING pc=0x000073a6aeaaa040 sp=0x000073a69a0fd320
Event: 57306.920 Thread 0x000073a60428a200 DEOPT UNPACKING pc=0x000073a6ad78d399 sp=0x000073a69a0fd2c8 mode 2
Event: 57314.150 Thread 0x000073a604285960 Uncommon trap: trap_request=0xffffff45 fr.pc=0x000073a6aed5536c relative=0x00000000000000cc
Event: 57314.150 Thread 0x000073a604285960 Uncommon trap: reason=unstable_if action=reinterpret pc=0x000073a6aed5536c method=org.eclipse.jdt.internal.compiler.lookup.BaseTypeBinding.isCompatibleWith(Lorg/eclipse/jdt/internal/compiler/lookup/TypeBinding;Lorg/eclipse/jdt/internal/compiler/lookup/Sco
Event: 57314.150 Thread 0x000073a604285960 DEOPT PACKING pc=0x000073a6aed5536c sp=0x000073a6981efd90
Event: 57314.150 Thread 0x000073a604285960 DEOPT UNPACKING pc=0x000073a6ad78d399 sp=0x000073a6981efd20 mode 2
Event: 57314.150 Thread 0x000073a604285960 Uncommon trap: trap_request=0xffffffde fr.pc=0x000073a6ae7d9f90 relative=0x0000000000003610
Event: 57314.150 Thread 0x000073a604285960 Uncommon trap: reason=class_check action=maybe_recompile pc=0x000073a6ae7d9f90 method=org.eclipse.jdt.internal.compiler.ast.MessageSend.resolveType(Lorg/eclipse/jdt/internal/compiler/lookup/BlockScope;)Lorg/eclipse/jdt/internal/compiler/lookup/TypeBinding
Event: 57314.150 Thread 0x000073a604285960 DEOPT PACKING pc=0x000073a6ae7d9f90 sp=0x000073a6981effd0
Event: 57314.150 Thread 0x000073a604285960 DEOPT UNPACKING pc=0x000073a6ad78d399 sp=0x000073a6981eff90 mode 2
Event: 57322.486 Thread 0x000073a6b85faed0 Uncommon trap: trap_request=0xffffffdc fr.pc=0x000073a6b0478948 relative=0x00000000000056c8
Event: 57322.486 Thread 0x000073a6b85faed0 Uncommon trap: reason=class_check action=make_not_entrant pc=0x000073a6b0478948 method=java.util.concurrent.CopyOnWriteArrayList.toArray([Ljava/lang/Object;)[Ljava/lang/Object; @ 20 c2
Event: 57322.486 Thread 0x000073a6b85faed0 DEOPT PACKING pc=0x000073a6b0478948 sp=0x000073a699611140
Event: 57322.486 Thread 0x000073a6b85faed0 DEOPT UNPACKING pc=0x000073a6ad78d399 sp=0x000073a699610ef0 mode 2
Event: 58942.257 Thread 0x000073a644086f30 Uncommon trap: trap_request=0xffffff45 fr.pc=0x000073a6af0f0268 relative=0x0000000000000328
Event: 58942.257 Thread 0x000073a644086f30 Uncommon trap: reason=unstable_if action=reinterpret pc=0x000073a6af0f0268 method=sun.nio.cs.StreamEncoder.implFlushBuffer()V @ 7 c2
Event: 58942.258 Thread 0x000073a644086f30 DEOPT PACKING pc=0x000073a6af0f0268 sp=0x000073a699b166a0
Event: 58942.259 Thread 0x000073a644086f30 DEOPT UNPACKING pc=0x000073a6ad78d399 sp=0x000073a699b16540 mode 2

Classes unloaded (20 events):
Event: 57068.920 Thread 0x000073a6b8068e10 Unloading class 0x0000000100bf0400 'jdk/internal/reflect/GeneratedConstructorAccessor125'
Event: 57068.920 Thread 0x000073a6b8068e10 Unloading class 0x0000000100bf0000 'jdk/internal/reflect/GeneratedConstructorAccessor124'
Event: 57068.920 Thread 0x000073a6b8068e10 Unloading class 0x0000000100bebc00 'jdk/internal/reflect/GeneratedConstructorAccessor123'
Event: 57068.920 Thread 0x000073a6b8068e10 Unloading class 0x0000000100beb800 'jdk/internal/reflect/GeneratedConstructorAccessor122'
Event: 57068.920 Thread 0x000073a6b8068e10 Unloading class 0x0000000100beb000 'java/lang/invoke/LambdaForm$MH+0x0000000100beb000'
Event: 57068.920 Thread 0x000073a6b8068e10 Unloading class 0x0000000100beac00 'java/lang/invoke/LambdaForm$MH+0x0000000100beac00'
Event: 57068.921 Thread 0x000073a6b8068e10 Unloading class 0x0000000100bea800 'java/lang/invoke/LambdaForm$MH+0x0000000100bea800'
Event: 57068.921 Thread 0x000073a6b8068e10 Unloading class 0x0000000100bea400 'java/lang/invoke/LambdaForm$MH+0x0000000100bea400'
Event: 57068.921 Thread 0x000073a6b8068e10 Unloading class 0x0000000100bea000 'java/lang/invoke/LambdaForm$MH+0x0000000100bea000'
Event: 57068.921 Thread 0x000073a6b8068e10 Unloading class 0x0000000100be9c00 'java/lang/invoke/LambdaForm$MH+0x0000000100be9c00'
Event: 57068.921 Thread 0x000073a6b8068e10 Unloading class 0x0000000100be9800 'java/lang/invoke/LambdaForm$MH+0x0000000100be9800'
Event: 57068.921 Thread 0x000073a6b8068e10 Unloading class 0x0000000100be9400 'java/lang/invoke/LambdaForm$MH+0x0000000100be9400'
Event: 57068.921 Thread 0x000073a6b8068e10 Unloading class 0x0000000100be8c00 'jdk/internal/reflect/GeneratedMethodAccessor63'
Event: 57068.921 Thread 0x000073a6b8068e10 Unloading class 0x0000000100be8000 'java/lang/invoke/LambdaForm$MH+0x0000000100be8000'
Event: 57068.921 Thread 0x000073a6b8068e10 Unloading class 0x0000000100be2c00 'java/lang/invoke/LambdaForm$MH+0x0000000100be2c00'
Event: 57068.921 Thread 0x000073a6b8068e10 Unloading class 0x0000000100be2800 'java/lang/invoke/LambdaForm$MH+0x0000000100be2800'
Event: 57068.921 Thread 0x000073a6b8068e10 Unloading class 0x0000000100be0400 'java/lang/invoke/LambdaForm$MH+0x0000000100be0400'
Event: 57068.921 Thread 0x000073a6b8068e10 Unloading class 0x0000000100bb4400 'jdk/internal/reflect/GeneratedSerializationConstructorAccessor66'
Event: 57068.921 Thread 0x000073a6b8068e10 Unloading class 0x0000000100bac800 'jdk/internal/reflect/GeneratedSerializationConstructorAccessor65'
Event: 57068.921 Thread 0x000073a6b8068e10 Unloading class 0x0000000100b99000 'jdk/internal/reflect/GeneratedSerializationConstructorAccessor64'

Classes redefined (0 events):
No events

Internal exceptions (20 events):
Event: 57306.018 Thread 0x000073a6b85faed0 Exception <a 'java/lang/ClassCastException'{0x00000000eabb6510}> (0x00000000eabb6510) 
thrown [src/hotspot/share/runtime/sharedRuntime.cpp, line 631]
Event: 57306.018 Thread 0x000073a6b85faed0 Exception <a 'java/lang/ClassCastException'{0x00000000eabb6978}> (0x00000000eabb6978) 
thrown [src/hotspot/share/runtime/sharedRuntime.cpp, line 631]
Event: 57310.736 Thread 0x000073a6b85faed0 Exception <a 'java/lang/ClassCastException'{0x00000000eac579b8}> (0x00000000eac579b8) 
thrown [src/hotspot/share/runtime/sharedRuntime.cpp, line 631]
Event: 57310.736 Thread 0x000073a6b85faed0 Exception <a 'java/lang/ClassCastException'{0x00000000eac57e20}> (0x00000000eac57e20) 
thrown [src/hotspot/share/runtime/sharedRuntime.cpp, line 631]
Event: 57310.736 Thread 0x000073a6b85faed0 Exception <a 'java/lang/ClassCastException'{0x00000000eac58288}> (0x00000000eac58288) 
thrown [src/hotspot/share/runtime/sharedRuntime.cpp, line 631]
Event: 57310.736 Thread 0x000073a6b85faed0 Exception <a 'java/lang/ClassCastException'{0x00000000eac586f0}> (0x00000000eac586f0) 
thrown [src/hotspot/share/runtime/sharedRuntime.cpp, line 631]
Event: 57310.736 Thread 0x000073a6b85faed0 Exception <a 'java/lang/ClassCastException'{0x00000000eac58b58}> (0x00000000eac58b58) 
thrown [src/hotspot/share/runtime/sharedRuntime.cpp, line 631]
Event: 57310.736 Thread 0x000073a6b85faed0 Exception <a 'java/lang/ClassCastException'{0x00000000eac58fc0}> (0x00000000eac58fc0) 
thrown [src/hotspot/share/runtime/sharedRuntime.cpp, line 631]
Event: 57310.736 Thread 0x000073a6b85faed0 Exception <a 'java/lang/ClassCastException'{0x00000000eac59428}> (0x00000000eac59428) 
thrown [src/hotspot/share/runtime/sharedRuntime.cpp, line 631]
Event: 57310.736 Thread 0x000073a6b85faed0 Exception <a 'java/lang/ClassCastException'{0x00000000eac59890}> (0x00000000eac59890) 
thrown [src/hotspot/share/runtime/sharedRuntime.cpp, line 631]
Event: 57310.737 Thread 0x000073a6b85faed0 Exception <a 'java/lang/ClassCastException'{0x00000000eac5c230}> (0x00000000eac5c230) 
thrown [src/hotspot/share/runtime/sharedRuntime.cpp, line 631]
Event: 57310.737 Thread 0x000073a6b85faed0 Exception <a 'java/lang/ClassCastException'{0x00000000eac5c698}> (0x00000000eac5c698) 
thrown [src/hotspot/share/runtime/sharedRuntime.cpp, line 631]
Event: 57310.737 Thread 0x000073a6b85faed0 Exception <a 'java/lang/ClassCastException'{0x00000000eac5cb00}> (0x00000000eac5cb00) 
thrown [src/hotspot/share/runtime/sharedRuntime.cpp, line 631]
Event: 57313.920 Thread 0x000073a6b85faed0 Exception <a 'java/lang/ClassCastException'{0x00000000eaeecec8}> (0x00000000eaeecec8) 
thrown [src/hotspot/share/runtime/sharedRuntime.cpp, line 631]
Event: 57322.495 Thread 0x000073a620862810 Exception <a 'sun/nio/fs/UnixException'{0x00000000ead48738}> (0x00000000ead48738) 
thrown [src/hotspot/share/prims/jni.cpp, line 516]
Event: 57323.260 Thread 0x000073a620862810 Exception <a 'sun/nio/fs/UnixException'{0x00000000eaef4c38}> (0x00000000eaef4c38) 
thrown [src/hotspot/share/prims/jni.cpp, line 516]
Event: 57338.249 Thread 0x000073a620862810 Exception <a 'sun/nio/fs/UnixException'{0x00000000eacb6c80}> (0x00000000eacb6c80) 
thrown [src/hotspot/share/prims/jni.cpp, line 516]
Event: 57338.603 Thread 0x000073a620862810 Exception <a 'sun/nio/fs/UnixException'{0x00000000eab10ab8}> (0x00000000eab10ab8) 
thrown [src/hotspot/share/prims/jni.cpp, line 516]
Event: 57345.746 Thread 0x000073a620862810 Exception <a 'sun/nio/fs/UnixException'{0x00000000eab784e0}> (0x00000000eab784e0) 
thrown [src/hotspot/share/prims/jni.cpp, line 516]
Event: 57346.145 Thread 0x000073a620862810 Exception <a 'sun/nio/fs/UnixException'{0x00000000eb025c28}> (0x00000000eb025c28) 
thrown [src/hotspot/share/prims/jni.cpp, line 516]

VM Operations (20 events):
Event: 57418.889 Executing VM operation: ParallelGCFailedAllocation done
Event: 57418.919 Executing VM operation: ParallelGCFailedAllocation
Event: 57418.922 Executing VM operation: ParallelGCFailedAllocation done
Event: 57418.946 Executing VM operation: ParallelGCFailedAllocation
Event: 57418.949 Executing VM operation: ParallelGCFailedAllocation done
Event: 57481.154 Executing VM operation: ParallelGCFailedAllocation
Event: 57481.161 Executing VM operation: ParallelGCFailedAllocation done
Event: 57481.193 Executing VM operation: ParallelGCFailedAllocation
Event: 57481.205 Executing VM operation: ParallelGCFailedAllocation done
Event: 57481.233 Executing VM operation: ParallelGCFailedAllocation
Event: 57481.241 Executing VM operation: ParallelGCFailedAllocation done
Event: 57525.985 Executing VM operation: HandshakeAllThreads
Event: 57525.985 Executing VM operation: HandshakeAllThreads done
Event: 57946.305 Executing VM operation: HandshakeAllThreads
Event: 57946.306 Executing VM operation: HandshakeAllThreads done
Event: 58070.539 Executing VM operation: ParallelGCFailedAllocation
Event: 58075.706 Executing VM operation: ParallelGCFailedAllocation done
Event: 58847.056 Executing VM operation: HandshakeAllThreads
Event: 58847.057 Executing VM operation: HandshakeAllThreads done
Event: 58942.270 Executing VM operation: Exit

Events (20 events):
Event: 58195.819 Thread 0x000073a6440053a0 Thread exited: 0x000073a6440053a0
Event: 58255.818 Thread 0x000073a60428b220 Thread exited: 0x000073a60428b220
Event: 58315.818 Thread 0x000073a60428f340 Thread exited: 0x000073a60428f340
Event: 58375.818 Thread 0x000073a604286030 Thread exited: 0x000073a604286030
Event: 58435.862 Thread 0x000073a604321360 Thread exited: 0x000073a604321360
Event: 58495.818 Thread 0x000073a6042882c0 Thread exited: 0x000073a6042882c0
Event: 58555.818 Thread 0x000073a604281ab0 Thread exited: 0x000073a604281ab0
Event: 58709.817 Thread 0x000073a6041b3bf0 Thread added: 0x000073a6041b3bf0
Event: 58709.817 Protecting memory [0x000073a6983f5000,0x000073a6983f9000] with protection modes 0
Event: 58769.902 Thread 0x000073a6041b3bf0 Thread exited: 0x000073a6041b3bf0
Event: 58942.201 loading class jdk/internal/misc/Signal$1
Event: 58942.236 loading class jdk/internal/misc/Signal$1 done
Event: 58942.238 Thread 0x000073a6800376b0 Thread added: 0x000073a6800376b0
Event: 58942.238 Protecting memory [0x000073a6983f5000,0x000073a6983f9000] with protection modes 0
Event: 58942.249 Thread 0x000073a644086f30 Thread added: 0x000073a644086f30
Event: 58942.249 Protecting memory [0x000073a699a18000,0x000073a699a1c000] with protection modes 0
Event: 58942.251 Thread 0x000073a6440053a0 Thread added: 0x000073a6440053a0
Event: 58942.251 Protecting memory [0x000073a6988fa000,0x000073a6988fe000] with protection modes 0
Event: 58942.252 Thread 0x000073a6440053a0 Thread exited: 0x000073a6440053a0
Event: 58942.263 Thread 0x000073a644086f30 Thread exited: 0x000073a644086f30


Dynamic libraries:
c0000000-cc480000 rw-p 00000000 00:00 0 
cc480000-eab00000 ---p 00000000 00:00 0 
eab00000-eb680000 rw-p 00000000 00:00 0 
eb680000-100000000 ---p 00000000 00:00 0 
100000000-100010000 rw-p 00000000 00:00 0 
100010000-100030000 rw-p 00000000 00:00 0 
100030000-1000b0000 rw-p 00000000 00:00 0 
1000b0000-1000d0000 rw-p 00000000 00:00 0 
1000d0000-100130000 rw-p 00000000 00:00 0 
100130000-100170000 rw-p 00000000 00:00 0 
100170000-1001f0000 rw-p 00000000 00:00 0 
1001f0000-1002d0000 rw-p 00000000 00:00 0 
1002d0000-1002f0000 rw-p 00000000 00:00 0 
1002f0000-1003f0000 rw-p 00000000 00:00 0 
1003f0000-1005f0000 rw-p 00000000 00:00 0 
1005f0000-1007b0000 rw-p 00000000 00:00 0 
1007b0000-1007f0000 rw-p 00000000 00:00 0 
1007f0000-100ab0000 rw-p 00000000 00:00 0 
100ab0000-100b20000 rw-p 00000000 00:00 0 
100b20000-100b40000 ---p 00000000 00:00 0 
100b40000-100c00000 rw-p 00000000 00:00 0 
100c00000-140000000 ---p 00000000 00:00 0 
55e99eff7000-55e99eff8000 r--p 00000000 08:13 4082711                    /home/zak/.vscode-oss/extensions/redhat.java-1.30.0-linux-x64/jre/17.0.10-linux-x86_64/bin/java
55e99eff8000-55e99eff9000 r-xp 00001000 08:13 4082711                    /home/zak/.vscode-oss/extensions/redhat.java-1.30.0-linux-x64/jre/17.0.10-linux-x86_64/bin/java
55e99eff9000-55e99effa000 r--p 00002000 08:13 4082711                    /home/zak/.vscode-oss/extensions/redhat.java-1.30.0-linux-x64/jre/17.0.10-linux-x86_64/bin/java
55e99effa000-55e99effb000 r--p 00002000 08:13 4082711                    /home/zak/.vscode-oss/extensions/redhat.java-1.30.0-linux-x64/jre/17.0.10-linux-x86_64/bin/java
55e99effb000-55e99effc000 rw-p 00003000 08:13 4082711                    /home/zak/.vscode-oss/extensions/redhat.java-1.30.0-linux-x64/jre/17.0.10-linux-x86_64/bin/java
55e99f3a8000-55e99f7d3000 rw-p 00000000 00:00 0                          [heap]
73a5d8000000-73a5d895b000 rw-p 00000000 00:00 0 
73a5d895b000-73a5dc000000 ---p 00000000 00:00 0 
73a5df000000-73a5df570000 rw-p 00000000 00:00 0 
73a5df570000-73a5df5f0000 rw-p 00000000 00:00 0 
73a5df5f0000-73a5dfd70000 rw-p 00000000 00:00 0 
73a5dfd70000-73a5dfdf0000 rw-p 00000000 00:00 0 
73a5dfdf0000-73a5e05f0000 rw-p 00000000 00:00 0 
73a5e05f0000-73a5e0650000 rw-p 00000000 00:00 0 
73a5e0650000-73a5e0670000 rw-p 00000000 00:00 0 
73a5e0670000-73a5e06f0000 rw-p 00000000 00:00 0 
73a5e06f0000-73a5e08f0000 rw-p 00000000 00:00 0 
73a5e08f0000-73a5e0b70000 rw-p 00000000 00:00 0 
73a5e0b70000-73a5e0bf0000 rw-p 00000000 00:00 0 
73a5e0bf0000-73a5e10f0000 rw-p 00000000 00:00 0 
73a5e10f0000-73a5e1190000 rw-p 00000000 00:00 0 
73a5e1190000-73a5e1200000 ---p 00000000 00:00 0 
73a5e1200000-73a5e1440000 rw-p 00000000 00:00 0 
73a5e1440000-73a5e3000000 ---p 00000000 00:00 0 
73a5e3800000-73a5ebfe4000 r--s 00000000 08:13 3170755                    /usr/lib/jvm/java-21-openjdk/lib/modules
73a5ec000000-73a5ec321000 rw-p 00000000 00:00 0 
73a5ec321000-73a5f0000000 ---p 00000000 00:00 0 
73a5f0000000-73a5f00fb000 rw-p 00000000 00:00 0 
73a5f00fb000-73a5f4000000 ---p 00000000 00:00 0 
73a5f8000000-73a5f9247000 rw-p 00000000 00:00 0 
73a5f9247000-73a5fc000000 ---p 00000000 00:00 0 
73a5fc000000-73a5fc5b3000 rw-p 00000000 00:00 0 
73a5fc5b3000-73a600000000 ---p 00000000 00:00 0 
73a604000000-73a6043dd000 rw-p 00000000 00:00 0 
73a6043dd000-73a608000000 ---p 00000000 00:00 0 
73a608000000-73a60900a000 rw-p 00000000 00:00 0 
73a60900a000-73a60c000000 ---p 00000000 00:00 0 
73a610000000-73a61006c000 rw-p 00000000 00:00 0 
73a61006c000-73a614000000 ---p 00000000 00:00 0 
73a614000000-73a614070000 rw-p 00000000 00:00 0 
73a614070000-73a618000000 ---p 00000000 00:00 0 
73a61c000000-73a61c7ae000 rw-p 00000000 00:00 0 
73a61c7ae000-73a620000000 ---p 00000000 00:00 0 
73a620000000-73a620f89000 rw-p 00000000 00:00 0 
73a620f89000-73a624000000 ---p 00000000 00:00 0 
73a628000000-73a6282c2000 rw-p 00000000 00:00 0 
73a6282c2000-73a62c000000 ---p 00000000 00:00 0 
73a62c000000-73a62d2bb000 rw-p 00000000 00:00 0 
73a62d2bb000-73a630000000 ---p 00000000 00:00 0 
73a634000000-73a6360ed000 rw-p 00000000 00:00 0 
73a6360ed000-73a638000000 ---p 00000000 00:00 0 
73a638000000-73a639586000 rw-p 00000000 00:00 0 
73a639586000-73a63c000000 ---p 00000000 00:00 0 
73a640000000-73a6401c4000 rw-p 00000000 00:00 0 
73a6401c4000-73a644000000 ---p 00000000 00:00 0 
73a644000000-73a645bf4000 rw-p 00000000 00:00 0 
73a645bf4000-73a648000000 ---p 00000000 00:00 0 
73a64c000000-73a64c55c000 rw-p 00000000 00:00 0 
73a64c55c000-73a650000000 ---p 00000000 00:00 0 
73a650000000-73a652ce6000 rw-p 00000000 00:00 0 
73a652ce6000-73a654000000 ---p 00000000 00:00 0 
73a658000000-73a659206000 rw-p 00000000 00:00 0 
73a659206000-73a65c000000 ---p 00000000 00:00 0 
73a65c000000-73a65d487000 rw-p 00000000 00:00 0 
73a65d487000-73a660000000 ---p 00000000 00:00 0 
73a664000000-73a66434c000 rw-p 00000000 00:00 0 
73a66434c000-73a668000000 ---p 00000000 00:00 0 
73a668000000-73a669152000 rw-p 00000000 00:00 0 
73a669152000-73a66c000000 ---p 00000000 00:00 0 
73a670000000-73a673ffe000 rw-p 00000000 00:00 0 
73a673ffe000-73a674000000 ---p 00000000 00:00 0 
73a674000000-73a674270000 rw-p 00000000 00:00 0 
73a674270000-73a678000000 ---p 00000000 00:00 0 
73a67c000000-73a67ccaf000 rw-p 00000000 00:00 0 
73a67ccaf000-73a680000000 ---p 00000000 00:00 0 
73a680000000-73a680091000 rw-p 00000000 00:00 0 
73a680091000-73a684000000 ---p 00000000 00:00 0 
73a688000000-73a6881d0000 rw-p 00000000 00:00 0 
73a6881d0000-73a68c000000 ---p 00000000 00:00 0 
73a68c000000-73a68df7c000 rw-p 00000000 00:00 0 
73a68df7c000-73a690000000 ---p 00000000 00:00 0 
73a6935f6000-73a6935f7000 ---p 00000000 00:00 0 
73a6935f7000-73a6935fb000 ---p 00000000 00:00 0 
73a6935fb000-73a6936f7000 rw-p 00000000 00:00 0 
73a6936f7000-73a6936f8000 ---p 00000000 00:00 0 
73a6936f8000-73a6936fc000 ---p 00000000 00:00 0 
73a6936fc000-73a6937f8000 rw-p 00000000 00:00 0 
73a6937f8000-73a6937f9000 ---p 00000000 00:00 0 
73a6937f9000-73a6937fd000 ---p 00000000 00:00 0 
73a6937fd000-73a6938f9000 rw-p 00000000 00:00 0 
73a6938f9000-73a6938fa000 ---p 00000000 00:00 0 
73a6938fa000-73a6938fe000 ---p 00000000 00:00 0 
73a6938fe000-73a6939fa000 rw-p 00000000 00:00 0 
73a6939fa000-73a6939fb000 ---p 00000000 00:00 0 
73a6939fb000-73a6939ff000 ---p 00000000 00:00 0 
73a6939ff000-73a693afb000 rw-p 00000000 00:00 0 
73a693afb000-73a693afc000 ---p 00000000 00:00 0 
73a693afc000-73a693b00000 ---p 00000000 00:00 0 
73a693b00000-73a693bfc000 rw-p 00000000 00:00 0 
73a693bfc000-73a693bfd000 ---p 00000000 00:00 0 
73a693bfd000-73a693c01000 ---p 00000000 00:00 0 
73a693c01000-73a693cfd000 rw-p 00000000 00:00 0 
73a693cfd000-73a693cfe000 ---p 00000000 00:00 0 
73a693cfe000-73a693d02000 ---p 00000000 00:00 0 
73a693d02000-73a693dfe000 rw-p 00000000 00:00 0 
73a693dfe000-73a693dff000 ---p 00000000 00:00 0 
73a693dff000-73a693e03000 ---p 00000000 00:00 0 
73a693e03000-73a693eff000 rw-p 00000000 00:00 0 
73a693eff000-73a693f00000 ---p 00000000 00:00 0 
73a693f00000-73a693f04000 ---p 00000000 00:00 0 
73a693f04000-73a694000000 rw-p 00000000 00:00 0 
73a694000000-73a69418b000 rw-p 00000000 00:00 0 
73a69418b000-73a698000000 ---p 00000000 00:00 0 
73a6980f1000-73a6980f2000 ---p 00000000 00:00 0 
73a6980f2000-73a6980f6000 ---p 00000000 00:00 0 
73a6980f6000-73a6981f2000 rw-p 00000000 00:00 0 
73a6981f2000-73a6981f3000 ---p 00000000 00:00 0 
73a6981f3000-73a6981f7000 ---p 00000000 00:00 0 
73a6981f7000-73a6982f3000 rw-p 00000000 00:00 0 
73a6982f3000-73a6982f4000 ---p 00000000 00:00 0 
73a6982f4000-73a6982f8000 ---p 00000000 00:00 0 
73a6982f8000-73a6983f4000 rw-p 00000000 00:00 0 
73a6983f4000-73a6983f5000 ---p 00000000 00:00 0 
73a6983f5000-73a6983f9000 ---p 00000000 00:00 0 
73a6983f9000-73a6984f5000 rw-p 00000000 00:00 0 
73a6984f5000-73a6984f6000 ---p 00000000 00:00 0 
73a6984f6000-73a6984fa000 ---p 00000000 00:00 0 
73a6984fa000-73a6985f6000 rw-p 00000000 00:00 0 
73a6985f6000-73a6985f7000 ---p 00000000 00:00 0 
73a6985f7000-73a6985fb000 ---p 00000000 00:00 0 
73a6985fb000-73a6986f7000 rw-p 00000000 00:00 0 
73a6986f7000-73a6986f8000 ---p 00000000 00:00 0 
73a6986f8000-73a6986fc000 ---p 00000000 00:00 0 
73a6986fc000-73a6987f8000 rw-p 00000000 00:00 0 
73a6987f8000-73a6987f9000 ---p 00000000 00:00 0 
73a6987f9000-73a6987fd000 ---p 00000000 00:00 0 
73a6987fd000-73a6988f9000 rw-p 00000000 00:00 0 
73a6988f9000-73a6988fa000 ---p 00000000 00:00 0 
73a6988fa000-73a6988fe000 ---p 00000000 00:00 0 
73a6988fe000-73a6989fa000 rw-p 00000000 00:00 0 
73a6989fa000-73a6989fb000 ---p 00000000 00:00 0 
73a6989fb000-73a6989ff000 ---p 00000000 00:00 0 
73a6989ff000-73a698afb000 rw-p 00000000 00:00 0 
73a698afb000-73a698afc000 ---p 00000000 00:00 0 
73a698afc000-73a698b00000 ---p 00000000 00:00 0 
73a698b00000-73a698bfc000 rw-p 00000000 00:00 0 
73a698bfc000-73a698bfd000 ---p 00000000 00:00 0 
73a698bfd000-73a698c01000 ---p 00000000 00:00 0 
73a698c01000-73a698cfd000 rw-p 00000000 00:00 0 
73a698cfd000-73a698cfe000 ---p 00000000 00:00 0 
73a698cfe000-73a698d02000 ---p 00000000 00:00 0 
73a698d02000-73a698dfe000 rw-p 00000000 00:00 0 
73a698dfe000-73a698dff000 ---p 00000000 00:00 0 
73a698dff000-73a698e03000 ---p 00000000 00:00 0 
73a698e03000-73a698eff000 rw-p 00000000 00:00 0 
73a698eff000-73a698f00000 ---p 00000000 00:00 0 
73a698f00000-73a698f04000 ---p 00000000 00:00 0 
73a698f04000-73a699000000 rw-p 00000000 00:00 0 
73a699000000-73a699005000 r-xp 00000000 08:13 3582798                    /home/zak/.gradle/native/c067742578af261105cb4f569cf0c3c89f3d7b1fecec35dd04571415982c5e48/linux-amd64/libnative-platform.so
73a699005000-73a699205000 ---p 00005000 08:13 3582798                    /home/zak/.gradle/native/c067742578af261105cb4f569cf0c3c89f3d7b1fecec35dd04571415982c5e48/linux-amd64/libnative-platform.so
73a699205000-73a699206000 r--p 00005000 08:13 3582798                    /home/zak/.gradle/native/c067742578af261105cb4f569cf0c3c89f3d7b1fecec35dd04571415982c5e48/linux-amd64/libnative-platform.so
73a699206000-73a699207000 rw-p 00006000 08:13 3582798                    /home/zak/.gradle/native/c067742578af261105cb4f569cf0c3c89f3d7b1fecec35dd04571415982c5e48/linux-amd64/libnative-platform.so
73a69920f000-73a699210000 ---p 00000000 00:00 0 
73a699210000-73a699214000 ---p 00000000 00:00 0 
73a699214000-73a699310000 rw-p 00000000 00:00 0 
73a699310000-73a699311000 ---p 00000000 00:00 0 
73a699311000-73a699315000 ---p 00000000 00:00 0 
73a699315000-73a699411000 rw-p 00000000 00:00 0 
73a699411000-73a699412000 ---p 00000000 00:00 0 
73a699412000-73a699416000 ---p 00000000 00:00 0 
73a699416000-73a699512000 rw-p 00000000 00:00 0 
73a699512000-73a699513000 ---p 00000000 00:00 0 
73a699513000-73a699517000 ---p 00000000 00:00 0 
73a699517000-73a699613000 rw-p 00000000 00:00 0 
73a699613000-73a699614000 ---p 00000000 00:00 0 
73a699614000-73a699618000 ---p 00000000 00:00 0 
73a699618000-73a699714000 rw-p 00000000 00:00 0 
73a699714000-73a699715000 ---p 00000000 00:00 0 
73a699715000-73a699719000 ---p 00000000 00:00 0 
73a699719000-73a699815000 rw-p 00000000 00:00 0 
73a699815000-73a699816000 ---p 00000000 00:00 0 
73a699816000-73a69981a000 ---p 00000000 00:00 0 
73a69981a000-73a699916000 rw-p 00000000 00:00 0 
73a699916000-73a699917000 ---p 00000000 00:00 0 
73a699917000-73a69991b000 ---p 00000000 00:00 0 
73a69991b000-73a699a17000 rw-p 00000000 00:00 0 
73a699a17000-73a699a18000 ---p 00000000 00:00 0 
73a699a18000-73a699a1c000 ---p 00000000 00:00 0 
73a699a1c000-73a699b18000 rw-p 00000000 00:00 0 
73a699b41000-73a699b42000 ---p 00000000 00:00 0 
73a699b42000-73a699b46000 ---p 00000000 00:00 0 
73a699b46000-73a699c42000 rw-p 00000000 00:00 0 
73a699cfb000-73a699cfc000 ---p 00000000 00:00 0 
73a699cfc000-73a699d00000 ---p 00000000 00:00 0 
73a699d00000-73a699dfc000 rw-p 00000000 00:00 0 
73a699dfc000-73a699dfd000 ---p 00000000 00:00 0 
73a699dfd000-73a699e01000 ---p 00000000 00:00 0 
73a699e01000-73a699efd000 rw-p 00000000 00:00 0 
73a699efd000-73a699efe000 ---p 00000000 00:00 0 
73a699efe000-73a699f02000 ---p 00000000 00:00 0 
73a699f02000-73a699ffe000 rw-p 00000000 00:00 0 
73a699ffe000-73a699fff000 ---p 00000000 00:00 0 
73a699fff000-73a69a003000 ---p 00000000 00:00 0 
73a69a003000-73a69a0ff000 rw-p 00000000 00:00 0 
73a69a0ff000-73a69a100000 ---p 00000000 00:00 0 
73a69a100000-73a69a104000 ---p 00000000 00:00 0 
73a69a104000-73a69a200000 rw-p 00000000 00:00 0 
73a69a200000-73a69a210000 r-xp 00000000 08:13 3835566                    /home/zak/.config/Code - OSS/User/globalStorage/redhat.java/1.30.0/config_linux/org.eclipse.equinox.launcher/org.eclipse.equinox.launcher.gtk.linux.x86_64_1.2.900.v20240129-1338/eclipse_11900.so
73a69a210000-73a69a410000 ---p 00010000 08:13 3835566                    /home/zak/.config/Code - OSS/User/globalStorage/redhat.java/1.30.0/config_linux/org.eclipse.equinox.launcher/org.eclipse.equinox.launcher.gtk.linux.x86_64_1.2.900.v20240129-1338/eclipse_11900.so
73a69a410000-73a69a411000 r--p 00010000 08:13 3835566                    /home/zak/.config/Code - OSS/User/globalStorage/redhat.java/1.30.0/config_linux/org.eclipse.equinox.launcher/org.eclipse.equinox.launcher.gtk.linux.x86_64_1.2.900.v20240129-1338/eclipse_11900.so
73a69a411000-73a69a412000 rw-p 00011000 08:13 3835566                    /home/zak/.config/Code - OSS/User/globalStorage/redhat.java/1.30.0/config_linux/org.eclipse.equinox.launcher/org.eclipse.equinox.launcher.gtk.linux.x86_64_1.2.900.v20240129-1338/eclipse_11900.so
73a69a412000-73a69a413000 rw-p 00000000 00:00 0 
73a69a4ed000-73a69a4ee000 ---p 00000000 00:00 0 
73a69a4ee000-73a69a4f2000 ---p 00000000 00:00 0 
73a69a4f2000-73a69a5ee000 rw-p 00000000 00:00 0 
73a69a5ee000-73a69a5ef000 ---p 00000000 00:00 0 
73a69a5ef000-73a69a5f3000 ---p 00000000 00:00 0 
73a69a5f3000-73a69a6ef000 rw-p 00000000 00:00 0 
73a69a6ef000-73a69a6f0000 ---p 00000000 00:00 0 
73a69a6f0000-73a69a6f4000 ---p 00000000 00:00 0 
73a69a6f4000-73a69a7f0000 rw-p 00000000 00:00 0 
73a69a7f0000-73a69a7f1000 ---p 00000000 00:00 0 
73a69a7f1000-73a69a7f5000 ---p 00000000 00:00 0 
73a69a7f5000-73a69a8f1000 rw-p 00000000 00:00 0 
73a69a8f1000-73a69a8f2000 ---p 00000000 00:00 0 
73a69a8f2000-73a69a8f6000 ---p 00000000 00:00 0 
73a69a8f6000-73a69a9f2000 rw-p 00000000 00:00 0 
73a69a9f2000-73a69a9f3000 ---p 00000000 00:00 0 
73a69a9f3000-73a69a9f7000 ---p 00000000 00:00 0 
73a69a9f7000-73a69aaf3000 rw-p 00000000 00:00 0 
73a69aaf3000-73a69aaf4000 ---p 00000000 00:00 0 
73a69aaf4000-73a69abf4000 rw-p 00000000 00:00 0 
73a69abf4000-73a69abf5000 ---p 00000000 00:00 0 
73a69abf5000-73a69acf5000 rw-p 00000000 00:00 0 
73a69acf5000-73a69acf6000 ---p 00000000 00:00 0 
73a69acf6000-73a69adf6000 rw-p 00000000 00:00 0 
73a69adf6000-73a69adf7000 ---p 00000000 00:00 0 
73a69adf7000-73a69aef7000 rw-p 00000000 00:00 0 
73a69aef7000-73a69aef8000 ---p 00000000 00:00 0 
73a69aef8000-73a69aefc000 ---p 00000000 00:00 0 
73a69aefc000-73a69aff8000 rw-p 00000000 00:00 0 
73a69aff8000-73a69aff9000 ---p 00000000 00:00 0 
73a69aff9000-73a69affd000 ---p 00000000 00:00 0 
73a69affd000-73a69b0f9000 rw-p 00000000 00:00 0 
73a69b0f9000-73a69b0fa000 ---p 00000000 00:00 0 
73a69b0fa000-73a69b0fe000 ---p 00000000 00:00 0 
73a69b0fe000-73a69b1fa000 rw-p 00000000 00:00 0 
73a69b1fa000-73a69b1fb000 ---p 00000000 00:00 0 
73a69b1fb000-73a69b1ff000 ---p 00000000 00:00 0 
73a69b1ff000-73a69b2fb000 rw-p 00000000 00:00 0 
73a69b2fb000-73a69b2fc000 ---p 00000000 00:00 0 
73a69b2fc000-73a69b300000 ---p 00000000 00:00 0 
73a69b300000-73a69b3fc000 rw-p 00000000 00:00 0 
73a69b3fc000-73a69b3fd000 ---p 00000000 00:00 0 
73a69b3fd000-73a69b401000 ---p 00000000 00:00 0 
73a69b401000-73a69b4fd000 rw-p 00000000 00:00 0 
73a69b4fd000-73a69b4fe000 ---p 00000000 00:00 0 
73a69b4fe000-73a69b502000 ---p 00000000 00:00 0 
73a69b502000-73a69b5fe000 rw-p 00000000 00:00 0 
73a69b5fe000-73a69b5ff000 ---p 00000000 00:00 0 
73a69b5ff000-73a69b603000 ---p 00000000 00:00 0 
73a69b603000-73a69b6ff000 rw-p 00000000 00:00 0 
73a69b6ff000-73a69b700000 ---p 00000000 00:00 0 
73a69b700000-73a69b704000 ---p 00000000 00:00 0 
73a69b704000-73a69b800000 rw-p 00000000 00:00 0 
73a69b800000-73a69baeb000 r--p 00000000 08:13 2664089                    /usr/lib/locale/locale-archive
73a69bafb000-73a69bafc000 ---p 00000000 00:00 0 
73a69bafc000-73a69bb00000 ---p 00000000 00:00 0 
73a69bb00000-73a69bbfc000 rw-p 00000000 00:00 0 
73a69bbfc000-73a69bbfd000 ---p 00000000 00:00 0 
73a69bbfd000-73a69bc01000 ---p 00000000 00:00 0 
73a69bc01000-73a69bcfd000 rw-p 00000000 00:00 0 
73a69bcfd000-73a69bcfe000 ---p 00000000 00:00 0 
73a69bcfe000-73a69bdfe000 rw-p 00000000 00:00 0 
73a69bdfe000-73a69c3f0000 rw-p 00000000 00:00 0 
73a69c3f0000-73a69c450000 rw-p 00000000 00:00 0 
73a69c450000-73a69c470000 rw-p 00000000 00:00 0 
73a69c470000-73a69c4f0000 rw-p 00000000 00:00 0 
73a69c4f0000-73a69c7f0000 rw-p 00000000 00:00 0 
73a69c7f0000-73a69c8b0000 rw-p 00000000 00:00 0 
73a69c8b0000-73a69c8f0000 rw-p 00000000 00:00 0 
73a69c8f0000-73a69caf0000 rw-p 00000000 00:00 0 
73a69caf0000-73a69cbf0000 rw-p 00000000 00:00 0 
73a69cbf0000-73a69cd70000 rw-p 00000000 00:00 0 
73a69cd70000-73a69cef0000 rw-p 00000000 00:00 0 
73a69cef0000-73a69cff0000 rw-p 00000000 00:00 0 
73a69cff0000-73a69d0f0000 rw-p 00000000 00:00 0 
73a69d0f0000-73a69d1f0000 rw-p 00000000 00:00 0 
73a69d1f0000-73a69d5f0000 rw-p 00000000 00:00 0 
73a69d5f0000-73a69d6f0000 rw-p 00000000 00:00 0 
73a69d6f0000-73a69d7f0000 rw-p 00000000 00:00 0 
73a69d7f0000-73a69e0f0000 rw-p 00000000 00:00 0 
73a69e0f0000-73a69e1f0000 rw-p 00000000 00:00 0 
73a69e1f0000-73a69e3f0000 rw-p 00000000 00:00 0 
73a69e3f0000-73a69e6f0000 rw-p 00000000 00:00 0 
73a69e6f0000-73a69e7f0000 rw-p 00000000 00:00 0 
73a69e7f0000-73a69efd0000 rw-p 00000000 00:00 0 
73a69efd0000-73a69eff0000 rw-p 00000000 00:00 0 
73a69eff0000-73a69f2f0000 rw-p 00000000 00:00 0 
73a69f2f0000-73a69f3f0000 rw-p 00000000 00:00 0 
73a69f3f0000-73a69f7f0000 rw-p 00000000 00:00 0 
73a69f7f0000-73a69fff0000 rw-p 00000000 00:00 0 
73a69fff0000-73a6a087c000 rw-p 00000000 00:00 0 
73a6a087c000-73a6a4000000 ---p 00000000 00:00 0 
73a6a40ff000-73a6a6200000 rw-p 00000000 00:00 0 
73a6a6200000-73a6a92e0000 rwxp 00000000 00:00 0 
73a6a92e0000-73a6ad737000 ---p 00000000 00:00 0 
73a6ad737000-73a6ad9a7000 rwxp 00000000 00:00 0 
73a6ad9a7000-73a6adcc8000 ---p 00000000 00:00 0 
73a6adcc8000-73a6b0568000 rwxp 00000000 00:00 0 
73a6b0568000-73a6b5200000 ---p 00000000 00:00 0 
73a6b5200000-73a6b7e27000 r--s 00000000 08:13 4083118                    /home/zak/.vscode-oss/extensions/redhat.java-1.30.0-linux-x64/jre/17.0.10-linux-x86_64/lib/modules
73a6b7e2d000-73a6b7e30000 r--p 00000000 08:13 2642974                    /usr/lib/libnss_myhostname.so.2
73a6b7e30000-73a6b7e44000 r-xp 00003000 08:13 2642974                    /usr/lib/libnss_myhostname.so.2
73a6b7e44000-73a6b7e50000 r--p 00017000 08:13 2642974                    /usr/lib/libnss_myhostname.so.2
73a6b7e50000-73a6b7e55000 r--p 00023000 08:13 2642974                    /usr/lib/libnss_myhostname.so.2
73a6b7e55000-73a6b7e56000 rw-p 00028000 08:13 2642974                    /usr/lib/libnss_myhostname.so.2
73a6b7e56000-73a6b7e59000 r--p 00000000 08:13 2642976                    /usr/lib/libnss_resolve.so.2
73a6b7e59000-73a6b7e77000 r-xp 00003000 08:13 2642976                    /usr/lib/libnss_resolve.so.2
73a6b7e77000-73a6b7e80000 r--p 00021000 08:13 2642976                    /usr/lib/libnss_resolve.so.2
73a6b7e80000-73a6b7e81000 r--p 0002a000 08:13 2642976                    /usr/lib/libnss_resolve.so.2
73a6b7e81000-73a6b7e82000 rw-p 0002b000 08:13 2642976                    /usr/lib/libnss_resolve.so.2
73a6b7e82000-73a6b7e86000 r--p 00000000 08:13 2630747                    /usr/lib/libgcc_s.so.1
73a6b7e86000-73a6b7ea1000 r-xp 00004000 08:13 2630747                    /usr/lib/libgcc_s.so.1
73a6b7ea1000-73a6b7ea5000 r--p 0001f000 08:13 2630747                    /usr/lib/libgcc_s.so.1
73a6b7ea5000-73a6b7ea6000 r--p 00022000 08:13 2630747                    /usr/lib/libgcc_s.so.1
73a6b7ea6000-73a6b7ea7000 rw-p 00023000 08:13 2630747                    /usr/lib/libgcc_s.so.1
73a6b7ea7000-73a6b7eab000 r--p 00000000 08:13 2642975                    /usr/lib/libnss_mymachines.so.2
73a6b7eab000-73a6b7ee6000 r-xp 00004000 08:13 2642975                    /usr/lib/libnss_mymachines.so.2
73a6b7ee6000-73a6b7efa000 r--p 0003f000 08:13 2642975                    /usr/lib/libnss_mymachines.so.2
73a6b7efa000-73a6b7efd000 r--p 00053000 08:13 2642975                    /usr/lib/libnss_mymachines.so.2
73a6b7efd000-73a6b7efe000 rw-p 00056000 08:13 2642975                    /usr/lib/libnss_mymachines.so.2
73a6b7efe000-73a6bb002000 rw-p 00000000 00:00 0 
73a6bb002000-73a6bc000000 ---p 00000000 00:00 0 
73a6bc01e000-73a6bc021000 r--p 00000000 08:13 2641572                    /usr/lib/libcap.so.2.69
73a6bc021000-73a6bc026000 r-xp 00003000 08:13 2641572                    /usr/lib/libcap.so.2.69
73a6bc026000-73a6bc028000 r--p 00008000 08:13 2641572                    /usr/lib/libcap.so.2.69
73a6bc028000-73a6bc029000 r--p 00009000 08:13 2641572                    /usr/lib/libcap.so.2.69
73a6bc029000-73a6bc02a000 rw-p 0000a000 08:13 2641572                    /usr/lib/libcap.so.2.69
73a6bc051000-73a6bc052000 ---p 00000000 00:00 0 
73a6bc052000-73a6bc056000 ---p 00000000 00:00 0 
73a6bc056000-73a6bc074000 rw-p 00000000 00:00 0 
73a6bc074000-73a6bce00000 rw-p 00000000 00:00 0 
73a6bce02000-73a6bce03000 r--p 00000000 08:13 4083089                    /home/zak/.vscode-oss/extensions/redhat.java-1.30.0-linux-x64/jre/17.0.10-linux-x86_64/lib/libextnet.so
73a6bce03000-73a6bce04000 r-xp 00001000 08:13 4083089                    /home/zak/.vscode-oss/extensions/redhat.java-1.30.0-linux-x64/jre/17.0.10-linux-x86_64/lib/libextnet.so
73a6bce04000-73a6bce05000 r--p 00002000 08:13 4083089                    /home/zak/.vscode-oss/extensions/redhat.java-1.30.0-linux-x64/jre/17.0.10-linux-x86_64/lib/libextnet.so
73a6bce05000-73a6bce06000 r--p 00002000 08:13 4083089                    /home/zak/.vscode-oss/extensions/redhat.java-1.30.0-linux-x64/jre/17.0.10-linux-x86_64/lib/libextnet.so
73a6bce06000-73a6bce07000 rw-p 00003000 08:13 4083089                    /home/zak/.vscode-oss/extensions/redhat.java-1.30.0-linux-x64/jre/17.0.10-linux-x86_64/lib/libextnet.so
73a6bce07000-73a6bce09000 r--p 00000000 08:13 4083106                    /home/zak/.vscode-oss/extensions/redhat.java-1.30.0-linux-x64/jre/17.0.10-linux-x86_64/lib/libmanagement_ext.so
73a6bce09000-73a6bce0c000 r-xp 00002000 08:13 4083106                    /home/zak/.vscode-oss/extensions/redhat.java-1.30.0-linux-x64/jre/17.0.10-linux-x86_64/lib/libmanagement_ext.so
73a6bce0c000-73a6bce0d000 r--p 00005000 08:13 4083106                    /home/zak/.vscode-oss/extensions/redhat.java-1.30.0-linux-x64/jre/17.0.10-linux-x86_64/lib/libmanagement_ext.so
73a6bce0d000-73a6bce0e000 ---p 00006000 08:13 4083106                    /home/zak/.vscode-oss/extensions/redhat.java-1.30.0-linux-x64/jre/17.0.10-linux-x86_64/lib/libmanagement_ext.so
73a6bce0e000-73a6bce0f000 r--p 00006000 08:13 4083106                    /home/zak/.vscode-oss/extensions/redhat.java-1.30.0-linux-x64/jre/17.0.10-linux-x86_64/lib/libmanagement_ext.so
73a6bce0f000-73a6bce10000 rw-p 00007000 08:13 4083106                    /home/zak/.vscode-oss/extensions/redhat.java-1.30.0-linux-x64/jre/17.0.10-linux-x86_64/lib/libmanagement_ext.so
73a6bce10000-73a6bce14000 r--p 00000000 08:13 4083116                    /home/zak/.vscode-oss/extensions/redhat.java-1.30.0-linux-x64/jre/17.0.10-linux-x86_64/lib/libverify.so
73a6bce14000-73a6bce1b000 r-xp 00004000 08:13 4083116                    /home/zak/.vscode-oss/extensions/redhat.java-1.30.0-linux-x64/jre/17.0.10-linux-x86_64/lib/libverify.so
73a6bce1b000-73a6bce1d000 r--p 0000b000 08:13 4083116                    /home/zak/.vscode-oss/extensions/redhat.java-1.30.0-linux-x64/jre/17.0.10-linux-x86_64/lib/libverify.so
73a6bce1d000-73a6bce1f000 r--p 0000c000 08:13 4083116                    /home/zak/.vscode-oss/extensions/redhat.java-1.30.0-linux-x64/jre/17.0.10-linux-x86_64/lib/libverify.so
73a6bce1f000-73a6bce20000 rw-p 0000e000 08:13 4083116                    /home/zak/.vscode-oss/extensions/redhat.java-1.30.0-linux-x64/jre/17.0.10-linux-x86_64/lib/libverify.so
73a6bce20000-73a6bce24000 r--p 00000000 08:13 4083109                    /home/zak/.vscode-oss/extensions/redhat.java-1.30.0-linux-x64/jre/17.0.10-linux-x86_64/lib/libnet.so
73a6bce24000-73a6bce32000 r-xp 00004000 08:13 4083109                    /home/zak/.vscode-oss/extensions/redhat.java-1.30.0-linux-x64/jre/17.0.10-linux-x86_64/lib/libnet.so
73a6bce32000-73a6bce36000 r--p 00012000 08:13 4083109                    /home/zak/.vscode-oss/extensions/redhat.java-1.30.0-linux-x64/jre/17.0.10-linux-x86_64/lib/libnet.so
73a6bce36000-73a6bce37000 r--p 00015000 08:13 4083109                    /home/zak/.vscode-oss/extensions/redhat.java-1.30.0-linux-x64/jre/17.0.10-linux-x86_64/lib/libnet.so
73a6bce37000-73a6bce38000 rw-p 00016000 08:13 4083109                    /home/zak/.vscode-oss/extensions/redhat.java-1.30.0-linux-x64/jre/17.0.10-linux-x86_64/lib/libnet.so
73a6bce38000-73a6bce3f000 r--p 00000000 08:13 4083110                    /home/zak/.vscode-oss/extensions/redhat.java-1.30.0-linux-x64/jre/17.0.10-linux-x86_64/lib/libnio.so
73a6bce3f000-73a6bce48000 r-xp 00007000 08:13 4083110                    /home/zak/.vscode-oss/extensions/redhat.java-1.30.0-linux-x64/jre/17.0.10-linux-x86_64/lib/libnio.so
73a6bce48000-73a6bce4c000 r--p 00010000 08:13 4083110                    /home/zak/.vscode-oss/extensions/redhat.java-1.30.0-linux-x64/jre/17.0.10-linux-x86_64/lib/libnio.so
73a6bce4c000-73a6bce4d000 ---p 00014000 08:13 4083110                    /home/zak/.vscode-oss/extensions/redhat.java-1.30.0-linux-x64/jre/17.0.10-linux-x86_64/lib/libnio.so
73a6bce4d000-73a6bce4e000 r--p 00014000 08:13 4083110                    /home/zak/.vscode-oss/extensions/redhat.java-1.30.0-linux-x64/jre/17.0.10-linux-x86_64/lib/libnio.so
73a6bce4e000-73a6bce4f000 rw-p 00015000 08:13 4083110                    /home/zak/.vscode-oss/extensions/redhat.java-1.30.0-linux-x64/jre/17.0.10-linux-x86_64/lib/libnio.so
73a6bce4f000-73a6bcf0d000 rw-p 00000000 00:00 0 
73a6bcf0d000-73a6bd000000 ---p 00000000 00:00 0 
73a6bd000000-73a6bd063000 rw-p 00000000 00:00 0 
73a6bd063000-73a6bd155000 ---p 00000000 00:00 0 
73a6bd155000-73a6bd15c000 rw-p 00000000 00:00 0 
73a6bd15c000-73a6bd200000 ---p 00000000 00:00 0 
73a6bd200000-73a6bd201000 rw-p 00000000 00:00 0 
73a6bd204000-73a6bd207000 r--p 00000000 08:13 4083107                    /home/zak/.vscode-oss/extensions/redhat.java-1.30.0-linux-x64/jre/17.0.10-linux-x86_64/lib/libmanagement.so
73a6bd207000-73a6bd208000 r-xp 00003000 08:13 4083107                    /home/zak/.vscode-oss/extensions/redhat.java-1.30.0-linux-x64/jre/17.0.10-linux-x86_64/lib/libmanagement.so
73a6bd208000-73a6bd209000 r--p 00004000 08:13 4083107                    /home/zak/.vscode-oss/extensions/redhat.java-1.30.0-linux-x64/jre/17.0.10-linux-x86_64/lib/libmanagement.so
73a6bd209000-73a6bd20a000 r--p 00004000 08:13 4083107                    /home/zak/.vscode-oss/extensions/redhat.java-1.30.0-linux-x64/jre/17.0.10-linux-x86_64/lib/libmanagement.so
73a6bd20a000-73a6bd20b000 rw-p 00005000 08:13 4083107                    /home/zak/.vscode-oss/extensions/redhat.java-1.30.0-linux-x64/jre/17.0.10-linux-x86_64/lib/libmanagement.so
73a6bd20b000-73a6bd20d000 r--p 00000000 08:13 4083117                    /home/zak/.vscode-oss/extensions/redhat.java-1.30.0-linux-x64/jre/17.0.10-linux-x86_64/lib/libzip.so
73a6bd20d000-73a6bd21f000 r-xp 00002000 08:13 4083117                    /home/zak/.vscode-oss/extensions/redhat.java-1.30.0-linux-x64/jre/17.0.10-linux-x86_64/lib/libzip.so
73a6bd21f000-73a6bd227000 r--p 00014000 08:13 4083117                    /home/zak/.vscode-oss/extensions/redhat.java-1.30.0-linux-x64/jre/17.0.10-linux-x86_64/lib/libzip.so
73a6bd227000-73a6bd228000 r--p 0001b000 08:13 4083117                    /home/zak/.vscode-oss/extensions/redhat.java-1.30.0-linux-x64/jre/17.0.10-linux-x86_64/lib/libzip.so
73a6bd228000-73a6bd229000 rw-p 0001c000 08:13 4083117                    /home/zak/.vscode-oss/extensions/redhat.java-1.30.0-linux-x64/jre/17.0.10-linux-x86_64/lib/libzip.so
73a6bd229000-73a6bd22a000 ---p 00000000 00:00 0 
73a6bd22a000-73a6bd32a000 rw-p 00000000 00:00 0 
73a6bd32a000-73a6bd37c000 rw-p 00000000 00:00 0 
73a6bd37c000-73a6bd415000 ---p 00000000 00:00 0 
73a6bd415000-73a6bd477000 rw-p 00000000 00:00 0 
73a6bd477000-73a6bd500000 ---p 00000000 00:00 0 
73a6bd500000-73a6bd504000 ---p 00000000 00:00 0 
73a6bd504000-73a6bd600000 rw-p 00000000 00:00 0 
73a6bd600000-73a6bd853000 r--p 00000000 08:13 4083128                    /home/zak/.vscode-oss/extensions/redhat.java-1.30.0-linux-x64/jre/17.0.10-linux-x86_64/lib/server/libjvm.so
73a6bd853000-73a6be572000 r-xp 00253000 08:13 4083128                    /home/zak/.vscode-oss/extensions/redhat.java-1.30.0-linux-x64/jre/17.0.10-linux-x86_64/lib/server/libjvm.so
73a6be572000-73a6be7fe000 r--p 00f72000 08:13 4083128                    /home/zak/.vscode-oss/extensions/redhat.java-1.30.0-linux-x64/jre/17.0.10-linux-x86_64/lib/server/libjvm.so
73a6be7fe000-73a6be7ff000 ---p 011fe000 08:13 4083128                    /home/zak/.vscode-oss/extensions/redhat.java-1.30.0-linux-x64/jre/17.0.10-linux-x86_64/lib/server/libjvm.so
73a6be7ff000-73a6be8b8000 r--p 011fe000 08:13 4083128                    /home/zak/.vscode-oss/extensions/redhat.java-1.30.0-linux-x64/jre/17.0.10-linux-x86_64/lib/server/libjvm.so
73a6be8b8000-73a6be8ed000 rw-p 012b7000 08:13 4083128                    /home/zak/.vscode-oss/extensions/redhat.java-1.30.0-linux-x64/jre/17.0.10-linux-x86_64/lib/server/libjvm.so
73a6be8ed000-73a6be947000 rw-p 00000000 00:00 0 
73a6be949000-73a6be9a3000 rw-p 00000000 00:00 0 
73a6be9a3000-73a6be9aa000 ---p 00000000 00:00 0 
73a6be9aa000-73a6be9b2000 rw-s 00000000 00:24 21850                      /tmp/hsperfdata_zak/81012 (deleted)
73a6be9b2000-73a6be9c0000 r--p 00000000 08:13 4083096                    /home/zak/.vscode-oss/extensions/redhat.java-1.30.0-linux-x64/jre/17.0.10-linux-x86_64/lib/libjava.so
73a6be9c0000-73a6be9d2000 r-xp 0000e000 08:13 4083096                    /home/zak/.vscode-oss/extensions/redhat.java-1.30.0-linux-x64/jre/17.0.10-linux-x86_64/lib/libjava.so
73a6be9d2000-73a6be9d8000 r--p 00020000 08:13 4083096                    /home/zak/.vscode-oss/extensions/redhat.java-1.30.0-linux-x64/jre/17.0.10-linux-x86_64/lib/libjava.so
73a6be9d8000-73a6be9d9000 ---p 00026000 08:13 4083096                    /home/zak/.vscode-oss/extensions/redhat.java-1.30.0-linux-x64/jre/17.0.10-linux-x86_64/lib/libjava.so
73a6be9d9000-73a6be9da000 r--p 00026000 08:13 4083096                    /home/zak/.vscode-oss/extensions/redhat.java-1.30.0-linux-x64/jre/17.0.10-linux-x86_64/lib/libjava.so
73a6be9da000-73a6be9db000 rw-p 00027000 08:13 4083096                    /home/zak/.vscode-oss/extensions/redhat.java-1.30.0-linux-x64/jre/17.0.10-linux-x86_64/lib/libjava.so
73a6be9db000-73a6be9dc000 rw-p 00000000 00:00 0 
73a6be9dc000-73a6be9de000 r--p 00000000 08:13 4083091                    /home/zak/.vscode-oss/extensions/redhat.java-1.30.0-linux-x64/jre/17.0.10-linux-x86_64/lib/libinstrument.so
73a6be9de000-73a6be9e4000 r-xp 00002000 08:13 4083091                    /home/zak/.vscode-oss/extensions/redhat.java-1.30.0-linux-x64/jre/17.0.10-linux-x86_64/lib/libinstrument.so
73a6be9e4000-73a6be9e7000 r--p 00008000 08:13 4083091                    /home/zak/.vscode-oss/extensions/redhat.java-1.30.0-linux-x64/jre/17.0.10-linux-x86_64/lib/libinstrument.so
73a6be9e7000-73a6be9e8000 r--p 0000a000 08:13 4083091                    /home/zak/.vscode-oss/extensions/redhat.java-1.30.0-linux-x64/jre/17.0.10-linux-x86_64/lib/libinstrument.so
73a6be9e8000-73a6be9e9000 rw-p 0000b000 08:13 4083091                    /home/zak/.vscode-oss/extensions/redhat.java-1.30.0-linux-x64/jre/17.0.10-linux-x86_64/lib/libinstrument.so
73a6be9e9000-73a6be9f7000 r--p 00000000 08:13 2629953                    /usr/lib/libm.so.6
73a6be9f7000-73a6bea77000 r-xp 0000e000 08:13 2629953                    /usr/lib/libm.so.6
73a6bea77000-73a6bead3000 r--p 0008e000 08:13 2629953                    /usr/lib/libm.so.6
73a6bead3000-73a6bead4000 r--p 000e9000 08:13 2629953                    /usr/lib/libm.so.6
73a6bead4000-73a6bead5000 rw-p 000ea000 08:13 2629953                    /usr/lib/libm.so.6
73a6bead5000-73a6bead6000 r--p 00000000 08:13 2629975                    /usr/lib/librt.so.1
73a6bead6000-73a6bead7000 r-xp 00001000 08:13 2629975                    /usr/lib/librt.so.1
73a6bead7000-73a6bead8000 r--p 00002000 08:13 2629975                    /usr/lib/librt.so.1
73a6bead8000-73a6bead9000 r--p 00002000 08:13 2629975                    /usr/lib/librt.so.1
73a6bead9000-73a6beada000 rw-p 00003000 08:13 2629975                    /usr/lib/librt.so.1
73a6beada000-73a6beadc000 rw-p 00000000 00:00 0 
73a6beadc000-73a6beb00000 r--p 00000000 08:13 2629943                    /usr/lib/libc.so.6
73a6beb00000-73a6bec5b000 r-xp 00024000 08:13 2629943                    /usr/lib/libc.so.6
73a6bec5b000-73a6becb0000 r--p 0017f000 08:13 2629943                    /usr/lib/libc.so.6
73a6becb0000-73a6becb4000 r--p 001d3000 08:13 2629943                    /usr/lib/libc.so.6
73a6becb4000-73a6becb6000 rw-p 001d7000 08:13 2629943                    /usr/lib/libc.so.6
73a6becb6000-73a6becbe000 rw-p 00000000 00:00 0 
73a6becbe000-73a6becbf000 r--p 00000000 08:13 2629948                    /usr/lib/libdl.so.2
73a6becbf000-73a6becc0000 r-xp 00001000 08:13 2629948                    /usr/lib/libdl.so.2
73a6becc0000-73a6becc1000 r--p 00002000 08:13 2629948                    /usr/lib/libdl.so.2
73a6becc1000-73a6becc2000 r--p 00002000 08:13 2629948                    /usr/lib/libdl.so.2
73a6becc2000-73a6becc3000 rw-p 00003000 08:13 2629948                    /usr/lib/libdl.so.2
73a6becc3000-73a6becc4000 r--p 00000000 08:13 2629970                    /usr/lib/libpthread.so.0
73a6becc4000-73a6becc5000 r-xp 00001000 08:13 2629970                    /usr/lib/libpthread.so.0
73a6becc5000-73a6becc6000 r--p 00002000 08:13 2629970                    /usr/lib/libpthread.so.0
73a6becc6000-73a6becc7000 r--p 00002000 08:13 2629970                    /usr/lib/libpthread.so.0
73a6becc7000-73a6becc8000 rw-p 00003000 08:13 2629970                    /usr/lib/libpthread.so.0
73a6beccc000-73a6beccd000 ---p 00000000 00:00 0 
73a6beccd000-73a6becce000 r--p 00000000 00:00 0 
73a6becce000-73a6beccf000 ---p 00000000 00:00 0 
73a6beccf000-73a6becd3000 r--p 00000000 08:13 4083100                    /home/zak/.vscode-oss/extensions/redhat.java-1.30.0-linux-x64/jre/17.0.10-linux-x86_64/lib/libjimage.so
73a6becd3000-73a6bece6000 r-xp 00004000 08:13 4083100                    /home/zak/.vscode-oss/extensions/redhat.java-1.30.0-linux-x64/jre/17.0.10-linux-x86_64/lib/libjimage.so
73a6bece6000-73a6becec000 r--p 00017000 08:13 4083100                    /home/zak/.vscode-oss/extensions/redhat.java-1.30.0-linux-x64/jre/17.0.10-linux-x86_64/lib/libjimage.so
73a6becec000-73a6becee000 r--p 0001c000 08:13 4083100                    /home/zak/.vscode-oss/extensions/redhat.java-1.30.0-linux-x64/jre/17.0.10-linux-x86_64/lib/libjimage.so
73a6becee000-73a6becef000 rw-p 0001e000 08:13 4083100                    /home/zak/.vscode-oss/extensions/redhat.java-1.30.0-linux-x64/jre/17.0.10-linux-x86_64/lib/libjimage.so
73a6becef000-73a6becf2000 r--p 00000000 08:13 4083101                    /home/zak/.vscode-oss/extensions/redhat.java-1.30.0-linux-x64/jre/17.0.10-linux-x86_64/lib/libjli.so
73a6becf2000-73a6bed02000 r-xp 00003000 08:13 4083101                    /home/zak/.vscode-oss/extensions/redhat.java-1.30.0-linux-x64/jre/17.0.10-linux-x86_64/lib/libjli.so
73a6bed02000-73a6bed09000 r--p 00013000 08:13 4083101                    /home/zak/.vscode-oss/extensions/redhat.java-1.30.0-linux-x64/jre/17.0.10-linux-x86_64/lib/libjli.so
73a6bed09000-73a6bed0a000 r--p 00019000 08:13 4083101                    /home/zak/.vscode-oss/extensions/redhat.java-1.30.0-linux-x64/jre/17.0.10-linux-x86_64/lib/libjli.so
73a6bed0a000-73a6bed0b000 rw-p 0001a000 08:13 4083101                    /home/zak/.vscode-oss/extensions/redhat.java-1.30.0-linux-x64/jre/17.0.10-linux-x86_64/lib/libjli.so
73a6bed0b000-73a6bed0d000 rw-p 00000000 00:00 0 
73a6bed0d000-73a6bed0e000 r--p 00000000 08:13 2629934                    /usr/lib/ld-linux-x86-64.so.2
73a6bed0e000-73a6bed35000 r-xp 00001000 08:13 2629934                    /usr/lib/ld-linux-x86-64.so.2
73a6bed35000-73a6bed40000 r--p 00028000 08:13 2629934                    /usr/lib/ld-linux-x86-64.so.2
73a6bed40000-73a6bed42000 r--p 00032000 08:13 2629934                    /usr/lib/ld-linux-x86-64.so.2
73a6bed42000-73a6bed44000 rw-p 00034000 08:13 2629934                    /usr/lib/ld-linux-x86-64.so.2
7fff59231000-7fff59253000 rw-p 00000000 00:00 0                          [stack]
7fff592ee000-7fff592f2000 r--p 00000000 00:00 0                          [vvar]
7fff592f2000-7fff592f4000 r-xp 00000000 00:00 0                          [vdso]
ffffffffff600000-ffffffffff601000 --xp 00000000 00:00 0                  [vsyscall]


VM Arguments:
jvm_args: --add-modules=ALL-SYSTEM --add-opens=java.base/java.util=ALL-UNNAMED --add-opens=java.base/java.lang=ALL-UNNAMED --add-opens=java.base/sun.nio.fs=ALL-UNNAMED -Declipse.application=org.eclipse.jdt.ls.core.id1 -Dosgi.bundles.defaultStartLevel=4 -Declipse.product=org.eclipse.jdt.ls.core.product -Djava.import.generatesMetadataFilesAtProjectRoot=false -DDetectVMInstallationsJob.disabled=true -Dfile.encoding=utf8 -XX:+UseParallelGC -XX:GCTimeRatio=4 -XX:AdaptiveSizePolicyWeight=90 -Dsun.zip.disableMemoryMapping=true -Xmx1G -Xms100m -Xlog:disable -javaagent:/home/zak/.vscode-oss/extensions/redhat.java-1.30.0-linux-x64/lombok/lombok-1.18.32.jar -XX:+HeapDumpOnOutOfMemoryError -XX:HeapDumpPath=/home/zak/.config/Code - OSS/User/workspaceStorage/0473cc2eeb19671f3cb5606f94dc0af1/redhat.java -Daether.dependencyCollector.impl=bf 
java_command: /home/zak/.vscode-oss/extensions/redhat.java-1.30.0-linux-x64/server/plugins/org.eclipse.equinox.launcher_1.6.800.v20240330-1250.jar -configuration /home/zak/.config/Code - OSS/User/globalStorage/redhat.java/1.30.0/config_linux -data /home/zak/.config/Code - OSS/User/workspaceStorage/0473cc2eeb19671f3cb5606f94dc0af1/redhat.java/jdt_ws --pipe=/run/user/1000/lsp-b5dd8064ebbfdb689c340366283abd19.sock
java_class_path (initial): /home/zak/.vscode-oss/extensions/redhat.java-1.30.0-linux-x64/server/plugins/org.eclipse.equinox.launcher_1.6.800.v20240330-1250.jar
Launcher Type: SUN_STANDARD

[Global flags]
    uintx AdaptiveSizePolicyWeight                 = 90                                        {product} {command line}
     intx CICompilerCount                          = 3                                         {product} {ergonomic}
    uintx GCTimeRatio                              = 4                                         {product} {command line}
     bool HeapDumpOnOutOfMemoryError               = true                                   {manageable} {command line}
    ccstr HeapDumpPath                             = /home/zak/.config/Code - OSS/User/workspaceStorage/0473cc2eeb19671f3cb5606f94dc0af1/redhat.java         {manageable} {command line}
   size_t InitialHeapSize                          = 104857600                                 {product} {command line}
   size_t MaxHeapSize                              = 1073741824                                {product} {command line}
   size_t MaxNewSize                               = 357564416                                 {product} {ergonomic}
   size_t MinHeapDeltaBytes                        = 524288                                    {product} {ergonomic}
   size_t MinHeapSize                              = 104857600                                 {product} {command line}
   size_t NewSize                                  = 34603008                                  {product} {ergonomic}
    uintx NonNMethodCodeHeapSize                   = 5832780                                {pd product} {ergonomic}
    uintx NonProfiledCodeHeapSize                  = 122912730                              {pd product} {ergonomic}
   size_t OldSize                                  = 70254592                                  {product} {ergonomic}
    uintx ProfiledCodeHeapSize                     = 122912730                              {pd product} {ergonomic}
    uintx ReservedCodeCacheSize                    = 251658240                              {pd product} {ergonomic}
     bool SegmentedCodeCache                       = true                                      {product} {ergonomic}
   size_t SoftMaxHeapSize                          = 1073741824                             {manageable} {ergonomic}
     bool UseCompressedClassPointers               = true                           {product lp64_product} {ergonomic}
     bool UseCompressedOops                        = true                           {product lp64_product} {ergonomic}
     bool UseParallelGC                            = true                                      {product} {command line}

Logging:
Log output configuration:
 #0: stdout all=off uptime,level,tags
 #1: stderr all=off uptime,level,tags

Environment Variables:
PATH=/usr/local/sbin:/usr/local/bin:/usr/bin:/opt/android-sdk/cmdline-tools/latest/bin:/opt/android-sdk/platform-tools:/opt/android-sdk/tools:/opt/android-sdk/tools/bin:/usr/lib/jvm/default/bin:/usr/bin/site_perl:/usr/bin/vendor_perl:/usr/bin/core_perl:/home/zak/.fzf/bin
SHELL=/usr/bin/zsh
DISPLAY=:1
LANG=en_US.UTF-8
LC_TIME=C
TERM=xterm-256color

Active Locale:
LC_ALL=LC_CTYPE=en_US.UTF-8;LC_NUMERIC=en_US.UTF-8;LC_TIME=C;LC_COLLATE=en_US.UTF-8;LC_MONETARY=en_US.UTF-8;LC_MESSAGES=en_US.UTF-8;LC_PAPER=C;LC_NAME=en_US.UTF-8;LC_ADDRESS=en_US.UTF-8;LC_TELEPHONE=en_US.UTF-8;LC_MEASUREMENT=C;LC_IDENTIFICATION=en_US.UTF-8
LC_COLLATE=en_US.UTF-8
LC_CTYPE=en_US.UTF-8
LC_MESSAGES=en_US.UTF-8
LC_MONETARY=en_US.UTF-8
LC_NUMERIC=en_US.UTF-8
LC_TIME=C

Signal Handlers:
   SIGSEGV: crash_handler in libjvm.so, mask=11100100010111111101111111111110, flags=SA_RESTART|SA_SIGINFO, unblocked
    SIGBUS: crash_handler in libjvm.so, mask=11100100010111111101111111111110, flags=SA_RESTART|SA_SIGINFO, unblocked
    SIGFPE: crash_handler in libjvm.so, mask=11100100010111111101111111111110, flags=SA_RESTART|SA_SIGINFO, unblocked
   SIGPIPE: javaSignalHandler in libjvm.so, mask=11100100010111111101111111111110, flags=SA_RESTART|SA_SIGINFO, blocked
   SIGXFSZ: javaSignalHandler in libjvm.so, mask=11100100010111111101111111111110, flags=SA_RESTART|SA_SIGINFO, blocked
    SIGILL: crash_handler in libjvm.so, mask=11100100010111111101111111111110, flags=SA_RESTART|SA_SIGINFO, unblocked
   SIGUSR2: SR_handler in libjvm.so, mask=00000000000000000000000000000000, flags=SA_RESTART|SA_SIGINFO, blocked
  *** Handler was modified!
  *** Expected: 0x000073a6b8195020, mask=00000110110101101000000000011101, flags=SA_RESTART|SA_SIGINFO
    SIGHUP: UserHandler in libjvm.so, mask=11100100010111111101111111111110, flags=SA_RESTART|SA_SIGINFO, blocked
    SIGINT: UserHandler in libjvm.so, mask=11100100010111111101111111111110, flags=SA_RESTART|SA_SIGINFO, blocked
   SIGTERM: UserHandler in libjvm.so, mask=11100100010111111101111111111110, flags=SA_RESTART|SA_SIGINFO, blocked
   SIGQUIT: UserHandler in libjvm.so, mask=11100100010111111101111111111110, flags=SA_RESTART|SA_SIGINFO, blocked
   SIGTRAP: crash_handler in libjvm.so, mask=11100100010111111101111111111110, flags=SA_RESTART|SA_SIGINFO, unblocked


Periodic native trim disabled


---------------  S Y S T E M  ---------------

OS:
NAME="Arch Linux"
PRETTY_NAME="Arch Linux"
ID=arch
BUILD_ID=rolling
ANSI_COLOR="38;2;23;147;209"
HOME_URL="https://archlinux.org/"
DOCUMENTATION_URL="https://wiki.archlinux.org/"
SUPPORT_URL="https://bbs.archlinux.org/"
BUG_REPORT_URL="https://gitlab.archlinux.org/groups/archlinux/-/issues"
PRIVACY_POLICY_URL="https://terms.archlinux.org/docs/privacy-policy/"
LOGO=archlinux-logo
uname: Linux 6.7.9-arch1-1 #1 SMP PREEMPT_DYNAMIC Fri, 08 Mar 2024 01:59:01 +0000 x86_64
OS uptime: 1 days 20:31 hours
libc: glibc 2.39 NPTL 2.39 
rlimit (soft/hard): STACK 8192k/infinity , CORE infinity/infinity , NPROC 29318/29318 , NOFILE 524288/524288 , AS infinity/infinity , CPU infinity/infinity , DATA infinity/infinity , FSIZE infinity/infinity , MEMLOCK 8192k/8192k
load average: 0.90 4.54 9.83

/proc/meminfo:
MemTotal:        7527968 kB
MemFree:         1810180 kB
MemAvailable:    2261424 kB
Buffers:           34420 kB
Cached:          1882352 kB
SwapCached:       604640 kB
Active:          1913984 kB
Inactive:        1575396 kB
Active(anon):    1604020 kB
Inactive(anon):  1263728 kB
Active(file):     309964 kB
Inactive(file):   311668 kB
Unevictable:      436264 kB
Mlocked:              92 kB
SwapTotal:      16777208 kB
SwapFree:        9843540 kB
Zswap:           1092192 kB
Zswapped:        5765052 kB
Dirty:               200 kB
Writeback:             0 kB
AnonPages:       1869320 kB
Mapped:           437996 kB
Shmem:           1294796 kB
KReclaimable:     140028 kB
Slab:             442296 kB
SReclaimable:     140028 kB
SUnreclaim:       302268 kB
KernelStack:       28132 kB
PageTables:        81048 kB
SecPageTables:         0 kB
NFS_Unstable:          0 kB
Bounce:                0 kB
WritebackTmp:          0 kB
CommitLimit:    20541192 kB
Committed_AS:   22937536 kB
VmallocTotal:   34359738367 kB
VmallocUsed:       67408 kB
VmallocChunk:          0 kB
Percpu:             2816 kB
HardwareCorrupted:     0 kB
AnonHugePages:    299008 kB
ShmemHugePages:        0 kB
ShmemPmdMapped:        0 kB
FileHugePages:     45056 kB
FilePmdMapped:     43008 kB
CmaTotal:              0 kB
CmaFree:               0 kB
Unaccepted:            0 kB
HugePages_Total:       0
HugePages_Free:        0
HugePages_Rsvd:        0
HugePages_Surp:        0
Hugepagesize:       2048 kB
Hugetlb:               0 kB
DirectMap4k:      163892 kB
DirectMap2M:     5513216 kB
DirectMap1G:     2097152 kB

/sys/kernel/mm/transparent_hugepage/enabled: [always] madvise never
/sys/kernel/mm/transparent_hugepage/defrag (defrag/compaction efforts parameter): always defer defer+madvise [madvise] never

Process Memory:
Virtual Size: 4914624K (peak: 4967384K)
Resident Set Size: 116248K (peak: 614940K) (anon: 103348K, file: 12868K, shmem: 32K)
Swapped out: 653024K
C-Heap outstanding allocations: 80825K, retained: 253142K
glibc malloc tunables: (default)

/proc/sys/kernel/threads-max (system-wide limit on the number of threads): 58637
/proc/sys/vm/max_map_count (maximum number of memory map areas a process may have): 65530
/proc/sys/kernel/pid_max (system-wide limit on number of process identifiers): 4194304

container (cgroup) information:
container_type: cgroupv2
cpu_cpuset_cpus: not supported
cpu_memory_nodes: not supported
active_processor_count: 4
cpu_quota: not supported
cpu_period: not supported
cpu_shares: not supported
memory_limit_in_bytes: unlimited
memory_and_swap_limit_in_bytes: unlimited
memory_soft_limit_in_bytes: unlimited
memory_usage_in_bytes: 1704372 k
memory_max_usage_in_bytes: not supported
memory_swap_current_in_bytes: 3649464 k
memory_swap_max_limit_in_bytes: unlimited
maximum number of tasks: 8795
current number of tasks: 339

Steal ticks since vm start: 0
Steal ticks percentage since vm start:  0.000

CPU: total 4 (initial active 4) (2 cores per cpu, 2 threads per core) family 6 model 78 stepping 3 microcode 0xea, cx8, cmov, fxsr, ht, mmx, 3dnowpref, sse, sse2, sse3, ssse3, sse4.1, sse4.2, popcnt, lzcnt, tsc, tscinvbit, avx, avx2, aes, erms, clmul, bmi1, bmi2, adx, fma, vzeroupper, clflush, clflushopt
CPU Model and flags from /proc/cpuinfo:
model name	: Intel(R) Core(TM) i5-6300U CPU @ 2.40GHz
flags		: fpu vme de pse tsc msr pae mce cx8 apic sep mtrr pge mca cmov pat pse36 clflush dts acpi mmx fxsr sse sse2 ss ht tm pbe syscall nx pdpe1gb rdtscp lm constant_tsc art arch_perfmon pebs bts rep_good nopl xtopology nonstop_tsc cpuid aperfmperf pni pclmulqdq dtes64 monitor ds_cpl vmx smx est tm2 ssse3 sdbg fma cx16 xtpr pdcm pcid sse4_1 sse4_2 x2apic movbe popcnt tsc_deadline_timer aes xsave avx f16c rdrand lahf_lm abm 3dnowprefetch cpuid_fault epb pti ssbd ibrs ibpb stibp tpr_shadow flexpriority ept vpid ept_ad fsgsbase tsc_adjust bmi1 avx2 smep bmi2 erms invpcid mpx rdseed adx smap clflushopt intel_pt xsaveopt xsavec xgetbv1 xsaves dtherm ida arat pln pts hwp hwp_notify hwp_act_window hwp_epp vnmi md_clear flush_l1d

Online cpus: 0-3
Offline cpus: 
BIOS frequency limitation: <Not Available>
Frequency switch latency (ns): 0
Available cpu frequencies: <Not Available>
Current governor: powersave
Core performance/turbo boost: <Not Available>

Memory: 4k page, physical 7527968k(1902960k free), swap 16777208k(10009136k free)
Page Sizes: 4k

vm_info: OpenJDK 64-Bit Server VM (17.0.10+7) for linux-amd64 JRE (17.0.10+7), built on Jan 16 2024 00:00:00 by "admin" with gcc 10.3.0

END.
